[31m2024-04-08 17:13:39,170[0;39m [32m[INFO][0;39m mybank.backend.service.ServiceApplication restartedMain [32mStarting ServiceApplication using Java 1.8.0_292 on WPF45DE1T with PID 18880 (started by xxshetts in C:\Users\xxshetts\OneDrive - Tietoevry\Desktop\DLTE-JavaFullStack-ShreyasShettyB2024\DLTE-Project\DLTE-MyBank-BackEnd)
[0;39m[31m2024-04-08 17:13:39,179[0;39m [32m[INFO][0;39m mybank.backend.service.ServiceApplication restartedMain [32mNo active profile set, falling back to 1 default profile: "default"
[0;39m[31m2024-04-08 17:13:39,456[0;39m [32m[INFO][0;39m org.springframework.data.repository.config.RepositoryConfigurationDelegate restartedMain [32mBootstrapping Spring Data JDBC repositories in DEFAULT mode.
[0;39m[31m2024-04-08 17:13:39,461[0;39m [32m[INFO][0;39m org.springframework.data.repository.config.RepositoryConfigurationDelegate restartedMain [32mFinished Spring Data repository scanning in 1 ms. Found 0 JDBC repository interfaces.
[0;39m[31m2024-04-08 17:13:39,550[0;39m [32m[INFO][0;39m org.springframework.context.support.PostProcessorRegistrationDelegate$BeanPostProcessorChecker restartedMain [32mBean 'org.springframework.ws.config.annotation.DelegatingWsConfiguration' of type [org.springframework.ws.config.annotation.DelegatingWsConfiguration$$EnhancerBySpringCGLIB$$c62ecda4] is not eligible for getting processed by all BeanPostProcessors (for example: not eligible for auto-proxying)
[0;39m[31m2024-04-08 17:13:39,556[0;39m [32m[INFO][0;39m org.springframework.ws.soap.addressing.server.AnnotationActionEndpointMapping restartedMain [32mSupporting [WS-Addressing August 2004, WS-Addressing 1.0]
[0;39m[31m2024-04-08 17:13:39,690[0;39m [32m[INFO][0;39m org.springframework.boot.web.embedded.tomcat.TomcatWebServer restartedMain [32mTomcat initialized with port(s): 8082 (http)
[0;39m[31m2024-04-08 17:13:39,690[0;39m [32m[INFO][0;39m org.apache.catalina.core.StandardService restartedMain [32mStarting service [Tomcat]
[0;39m[31m2024-04-08 17:13:39,690[0;39m [32m[INFO][0;39m org.apache.catalina.core.StandardEngine restartedMain [32mStarting Servlet engine: [Apache Tomcat/9.0.73]
[0;39m[31m2024-04-08 17:13:39,722[0;39m [32m[INFO][0;39m org.apache.catalina.core.ContainerBase.[Tomcat].[localhost].[/] restartedMain [32mInitializing Spring embedded WebApplicationContext
[0;39m[31m2024-04-08 17:13:39,722[0;39m [32m[INFO][0;39m org.springframework.boot.web.servlet.context.ServletWebServerApplicationContext restartedMain [32mRoot WebApplicationContext: initialization completed in 536 ms
[0;39m[31m2024-04-08 17:13:39,895[0;39m [32m[INFO][0;39m com.zaxxer.hikari.HikariDataSource restartedMain [32mHikariPool-2 - Starting...
[0;39m[31m2024-04-08 17:13:39,895[0;39m [32m[WARN][0;39m com.zaxxer.hikari.util.DriverDataSource restartedMain [32mRegistered driver with driverClassName=oracle.jdbc.driver.OracleDriver was not found, trying direct instantiation.
[0;39m[31m2024-04-08 17:13:39,946[0;39m [32m[INFO][0;39m com.zaxxer.hikari.pool.PoolBase restartedMain [32mHikariPool-2 - Driver does not support get/set network timeout for connections. (oracle.jdbc.driver.T4CConnection.getNetworkTimeout()I)
[0;39m[31m2024-04-08 17:13:39,946[0;39m [32m[INFO][0;39m com.zaxxer.hikari.HikariDataSource restartedMain [32mHikariPool-2 - Start completed.
[0;39m[31m2024-04-08 17:13:39,974[0;39m [32m[INFO][0;39m org.springframework.boot.devtools.autoconfigure.OptionalLiveReloadServer restartedMain [32mLiveReload server is running on port 35729
[0;39m[31m2024-04-08 17:13:40,005[0;39m [32m[INFO][0;39m org.springframework.boot.web.embedded.tomcat.TomcatWebServer restartedMain [32mTomcat started on port(s): 8082 (http) with context path ''
[0;39m[31m2024-04-08 17:13:40,005[0;39m [32m[INFO][0;39m mybank.backend.service.ServiceApplication restartedMain [32mStarted ServiceApplication in 0.901 seconds (JVM running for 7117.911)
[0;39m[31m2024-04-08 17:13:41,807[0;39m [32m[INFO][0;39m org.springframework.boot.devtools.autoconfigure.LocalDevToolsAutoConfiguration$RestartingClassPathChangeChangedEventListener File Watcher [32mRestarting due to 14 class path changes (14 additions, 0 deletions, 0 modifications)
[0;39m[31m2024-04-08 17:13:41,980[0;39m [32m[INFO][0;39m org.apache.catalina.core.StandardService Thread-24 [32mStopping service [Tomcat]
[0;39m[31m2024-04-08 17:13:41,998[0;39m [32m[INFO][0;39m com.zaxxer.hikari.HikariDataSource Thread-24 [32mHikariPool-2 - Shutdown initiated...
[0;39m[31m2024-04-08 17:13:42,014[0;39m [32m[INFO][0;39m com.zaxxer.hikari.HikariDataSource Thread-24 [32mHikariPool-2 - Shutdown completed.
[0;39m[31m2024-04-08 17:15:55,005[0;39m [32m[INFO][0;39m mybank.backend.service.ServiceApplication restartedMain [32mStarting ServiceApplication using Java 1.8.0_292 on WPF45DE1T with PID 18880 (started by xxshetts in C:\Users\xxshetts\OneDrive - Tietoevry\Desktop\DLTE-JavaFullStack-ShreyasShettyB2024\DLTE-Project\DLTE-MyBank-BackEnd)
[0;39m[31m2024-04-08 17:15:55,005[0;39m [32m[INFO][0;39m mybank.backend.service.ServiceApplication restartedMain [32mNo active profile set, falling back to 1 default profile: "default"
[0;39m[31m2024-04-08 17:15:55,336[0;39m [32m[INFO][0;39m org.springframework.data.repository.config.RepositoryConfigurationDelegate restartedMain [32mBootstrapping Spring Data JDBC repositories in DEFAULT mode.
[0;39m[31m2024-04-08 17:15:55,336[0;39m [32m[INFO][0;39m org.springframework.data.repository.config.RepositoryConfigurationDelegate restartedMain [32mFinished Spring Data repository scanning in 1 ms. Found 0 JDBC repository interfaces.
[0;39m[31m2024-04-08 17:15:55,416[0;39m [32m[INFO][0;39m org.springframework.context.support.PostProcessorRegistrationDelegate$BeanPostProcessorChecker restartedMain [32mBean 'org.springframework.ws.config.annotation.DelegatingWsConfiguration' of type [org.springframework.ws.config.annotation.DelegatingWsConfiguration$$EnhancerBySpringCGLIB$$c62ecda4] is not eligible for getting processed by all BeanPostProcessors (for example: not eligible for auto-proxying)
[0;39m[31m2024-04-08 17:15:55,416[0;39m [32m[INFO][0;39m org.springframework.ws.soap.addressing.server.AnnotationActionEndpointMapping restartedMain [32mSupporting [WS-Addressing August 2004, WS-Addressing 1.0]
[0;39m[31m2024-04-08 17:15:55,540[0;39m [32m[INFO][0;39m org.springframework.boot.web.embedded.tomcat.TomcatWebServer restartedMain [32mTomcat initialized with port(s): 8082 (http)
[0;39m[31m2024-04-08 17:15:55,540[0;39m [32m[INFO][0;39m org.apache.catalina.core.StandardService restartedMain [32mStarting service [Tomcat]
[0;39m[31m2024-04-08 17:15:55,540[0;39m [32m[INFO][0;39m org.apache.catalina.core.StandardEngine restartedMain [32mStarting Servlet engine: [Apache Tomcat/9.0.73]
[0;39m[31m2024-04-08 17:15:55,572[0;39m [32m[INFO][0;39m org.apache.catalina.core.ContainerBase.[Tomcat].[localhost].[/] restartedMain [32mInitializing Spring embedded WebApplicationContext
[0;39m[31m2024-04-08 17:15:55,572[0;39m [32m[INFO][0;39m org.springframework.boot.web.servlet.context.ServletWebServerApplicationContext restartedMain [32mRoot WebApplicationContext: initialization completed in 567 ms
[0;39m[31m2024-04-08 17:15:55,825[0;39m [32m[INFO][0;39m com.zaxxer.hikari.HikariDataSource restartedMain [32mHikariPool-5 - Starting...
[0;39m[31m2024-04-08 17:15:55,825[0;39m [32m[WARN][0;39m com.zaxxer.hikari.util.DriverDataSource restartedMain [32mRegistered driver with driverClassName=oracle.jdbc.driver.OracleDriver was not found, trying direct instantiation.
[0;39m[31m2024-04-08 17:15:55,856[0;39m [32m[INFO][0;39m com.zaxxer.hikari.pool.PoolBase restartedMain [32mHikariPool-5 - Driver does not support get/set network timeout for connections. (oracle.jdbc.driver.T4CConnection.getNetworkTimeout()I)
[0;39m[31m2024-04-08 17:15:55,872[0;39m [32m[INFO][0;39m com.zaxxer.hikari.HikariDataSource restartedMain [32mHikariPool-5 - Start completed.
[0;39m[31m2024-04-08 17:15:55,919[0;39m [32m[INFO][0;39m org.springframework.boot.devtools.autoconfigure.OptionalLiveReloadServer restartedMain [32mLiveReload server is running on port 35729
[0;39m[31m2024-04-08 17:15:55,938[0;39m [32m[INFO][0;39m org.springframework.boot.web.embedded.tomcat.TomcatWebServer restartedMain [32mTomcat started on port(s): 8082 (http) with context path ''
[0;39m[31m2024-04-08 17:15:55,938[0;39m [32m[INFO][0;39m mybank.backend.service.ServiceApplication restartedMain [32mStarted ServiceApplication in 1.002 seconds (JVM running for 7253.84)
[0;39m[31m2024-04-08 17:15:55,938[0;39m [32m[INFO][0;39m org.springframework.boot.devtools.autoconfigure.ConditionEvaluationDeltaLoggingListener restartedMain [32mCondition evaluation unchanged
[0;39m[31m2024-04-08 17:15:57,338[0;39m [32m[INFO][0;39m org.springframework.boot.devtools.autoconfigure.LocalDevToolsAutoConfiguration$RestartingClassPathChangeChangedEventListener File Watcher [32mRestarting due to 2 class path changes (2 additions, 0 deletions, 0 modifications)
[0;39m[31m2024-04-08 17:15:57,610[0;39m [32m[INFO][0;39m org.apache.catalina.core.StandardService Thread-41 [32mStopping service [Tomcat]
[0;39m[31m2024-04-08 17:15:57,626[0;39m [32m[INFO][0;39m com.zaxxer.hikari.HikariDataSource Thread-41 [32mHikariPool-5 - Shutdown initiated...
[0;39m[31m2024-04-08 17:15:57,642[0;39m [32m[INFO][0;39m com.zaxxer.hikari.HikariDataSource Thread-41 [32mHikariPool-5 - Shutdown completed.
[0;39m[31m2024-04-08 17:31:02,861[0;39m [32m[INFO][0;39m mybank.backend.service.ServiceApplication restartedMain [32mStarting ServiceApplication using Java 1.8.0_292 on WPF45DE1T with PID 18880 (started by xxshetts in C:\Users\xxshetts\OneDrive - Tietoevry\Desktop\DLTE-JavaFullStack-ShreyasShettyB2024\DLTE-Project\DLTE-MyBank-BackEnd)
[0;39m[31m2024-04-08 17:31:02,861[0;39m [32m[INFO][0;39m mybank.backend.service.ServiceApplication restartedMain [32mNo active profile set, falling back to 1 default profile: "default"
[0;39m[31m2024-04-08 17:31:03,114[0;39m [32m[INFO][0;39m org.springframework.data.repository.config.RepositoryConfigurationDelegate restartedMain [32mBootstrapping Spring Data JDBC repositories in DEFAULT mode.
[0;39m[31m2024-04-08 17:31:03,114[0;39m [32m[INFO][0;39m org.springframework.data.repository.config.RepositoryConfigurationDelegate restartedMain [32mFinished Spring Data repository scanning in 0 ms. Found 0 JDBC repository interfaces.
[0;39m[31m2024-04-08 17:31:03,177[0;39m [32m[INFO][0;39m org.springframework.context.support.PostProcessorRegistrationDelegate$BeanPostProcessorChecker restartedMain [32mBean 'org.springframework.ws.config.annotation.DelegatingWsConfiguration' of type [org.springframework.ws.config.annotation.DelegatingWsConfiguration$$EnhancerBySpringCGLIB$$c62ecda4] is not eligible for getting processed by all BeanPostProcessors (for example: not eligible for auto-proxying)
[0;39m[31m2024-04-08 17:31:03,177[0;39m [32m[INFO][0;39m org.springframework.ws.soap.addressing.server.AnnotationActionEndpointMapping restartedMain [32mSupporting [WS-Addressing August 2004, WS-Addressing 1.0]
[0;39m[31m2024-04-08 17:31:03,239[0;39m [32m[INFO][0;39m org.springframework.boot.web.embedded.tomcat.TomcatWebServer restartedMain [32mTomcat initialized with port(s): 8082 (http)
[0;39m[31m2024-04-08 17:31:03,239[0;39m [32m[INFO][0;39m org.apache.catalina.core.StandardService restartedMain [32mStarting service [Tomcat]
[0;39m[31m2024-04-08 17:31:03,239[0;39m [32m[INFO][0;39m org.apache.catalina.core.StandardEngine restartedMain [32mStarting Servlet engine: [Apache Tomcat/9.0.73]
[0;39m[31m2024-04-08 17:31:03,271[0;39m [32m[INFO][0;39m org.apache.catalina.core.ContainerBase.[Tomcat].[localhost].[/] restartedMain [32mInitializing Spring embedded WebApplicationContext
[0;39m[31m2024-04-08 17:31:03,271[0;39m [32m[INFO][0;39m org.springframework.boot.web.servlet.context.ServletWebServerApplicationContext restartedMain [32mRoot WebApplicationContext: initialization completed in 410 ms
[0;39m[31m2024-04-08 17:31:03,444[0;39m [32m[INFO][0;39m com.zaxxer.hikari.HikariDataSource restartedMain [32mHikariPool-10 - Starting...
[0;39m[31m2024-04-08 17:31:03,444[0;39m [32m[WARN][0;39m com.zaxxer.hikari.util.DriverDataSource restartedMain [32mRegistered driver with driverClassName=oracle.jdbc.driver.OracleDriver was not found, trying direct instantiation.
[0;39m[31m2024-04-08 17:31:03,476[0;39m [32m[INFO][0;39m com.zaxxer.hikari.pool.PoolBase restartedMain [32mHikariPool-10 - Driver does not support get/set network timeout for connections. (oracle.jdbc.driver.T4CConnection.getNetworkTimeout()I)
[0;39m[31m2024-04-08 17:31:03,476[0;39m [32m[INFO][0;39m com.zaxxer.hikari.HikariDataSource restartedMain [32mHikariPool-10 - Start completed.
[0;39m[31m2024-04-08 17:31:03,491[0;39m [32m[INFO][0;39m org.springframework.boot.devtools.autoconfigure.OptionalLiveReloadServer restartedMain [32mLiveReload server is running on port 35729
[0;39m[31m2024-04-08 17:31:03,515[0;39m [32m[INFO][0;39m org.springframework.boot.web.embedded.tomcat.TomcatWebServer restartedMain [32mTomcat started on port(s): 8082 (http) with context path ''
[0;39m[31m2024-04-08 17:31:03,515[0;39m [32m[INFO][0;39m mybank.backend.service.ServiceApplication restartedMain [32mStarted ServiceApplication in 0.693 seconds (JVM running for 8161.414)
[0;39m[31m2024-04-08 17:31:03,515[0;39m [32m[INFO][0;39m org.springframework.boot.devtools.autoconfigure.ConditionEvaluationDeltaLoggingListener restartedMain [32mCondition evaluation unchanged
[0;39m[31m2024-04-08 17:31:05,743[0;39m [32m[INFO][0;39m org.springframework.boot.devtools.autoconfigure.LocalDevToolsAutoConfiguration$RestartingClassPathChangeChangedEventListener File Watcher [32mRestarting due to 14 class path changes (14 additions, 0 deletions, 0 modifications)
[0;39m[31m2024-04-08 17:31:05,932[0;39m [32m[INFO][0;39m org.apache.catalina.core.StandardService Thread-70 [32mStopping service [Tomcat]
[0;39m[31m2024-04-08 17:31:05,932[0;39m [32m[INFO][0;39m com.zaxxer.hikari.HikariDataSource Thread-70 [32mHikariPool-10 - Shutdown initiated...
[0;39m[31m2024-04-08 17:31:05,947[0;39m [32m[INFO][0;39m com.zaxxer.hikari.HikariDataSource Thread-70 [32mHikariPool-10 - Shutdown completed.
[0;39m