[31m2024-05-05 09:03:37,905[0;39m [32m[INFO][0;39m mybank.backend.service.ServiceApplication restartedMain [32mStarting ServiceApplication using Java 1.8.0_292 on WPF45DE1T with PID 10760 (C:\Users\xxshetts\OneDrive - Tietoevry\Desktop\DLTE-JavaFullStack-ShreyasShettyB2024\DLTE-Project\DLTE-MyBank-BackEnd\target\classes started by xxshetts in C:\Users\xxshetts\OneDrive - Tietoevry\Desktop\DLTE-JavaFullStack-ShreyasShettyB2024\DLTE-Project\DLTE-MyBank-BackEnd)
[0;39m[31m2024-05-05 09:03:37,918[0;39m [32m[INFO][0;39m mybank.backend.service.ServiceApplication restartedMain [32mNo active profile set, falling back to 1 default profile: "default"
[0;39m[31m2024-05-05 09:03:37,981[0;39m [32m[INFO][0;39m org.springframework.boot.devtools.restart.ChangeableUrls restartedMain [32mThe Class-Path manifest attribute in C:\Users\xxshetts\.m2\repository\com\oracle\database\security\oraclepki\21.5.0.0\oraclepki-21.5.0.0.jar referenced one or more files that do not exist: file:/C:/Users/xxshetts/.m2/repository/com/oracle/database/security/oraclepki/21.5.0.0/osdt_core.jar,file:/C:/Users/xxshetts/.m2/repository/com/oracle/database/security/oraclepki/21.5.0.0/osdt_cert.jar,file:/C:/Users/xxshetts/.m2/repository/com/oracle/database/security/oraclepki/oracle.osdt/osdt_core.jar,file:/C:/Users/xxshetts/.m2/repository/com/oracle/database/security/oraclepki/oracle.osdt/osdt_cert.jar
[0;39m[31m2024-05-05 09:03:37,981[0;39m [32m[INFO][0;39m org.springframework.boot.devtools.env.DevToolsPropertyDefaultsPostProcessor restartedMain [32mDevtools property defaults active! Set 'spring.devtools.add-properties' to 'false' to disable
[0;39m[31m2024-05-05 09:03:37,981[0;39m [32m[INFO][0;39m org.springframework.boot.devtools.env.DevToolsPropertyDefaultsPostProcessor restartedMain [32mFor additional web related logging consider setting the 'logging.level.web' property to 'DEBUG'
[0;39m[31m2024-05-05 09:03:38,878[0;39m [32m[INFO][0;39m org.springframework.data.repository.config.RepositoryConfigurationDelegate restartedMain [32mBootstrapping Spring Data JDBC repositories in DEFAULT mode.
[0;39m[31m2024-05-05 09:03:38,894[0;39m [32m[INFO][0;39m org.springframework.data.repository.config.RepositoryConfigurationDelegate restartedMain [32mFinished Spring Data repository scanning in 9 ms. Found 0 JDBC repository interfaces.
[0;39m[31m2024-05-05 09:03:39,067[0;39m [32m[INFO][0;39m org.springframework.context.support.PostProcessorRegistrationDelegate$BeanPostProcessorChecker restartedMain [32mBean 'soapConfig' of type [mybank.backend.service.soap.SoapConfig$$EnhancerBySpringCGLIB$$603d59a0] is not eligible for getting processed by all BeanPostProcessors (for example: not eligible for auto-proxying)
[0;39m[31m2024-05-05 09:03:39,067[0;39m [32m[INFO][0;39m org.springframework.context.support.PostProcessorRegistrationDelegate$BeanPostProcessorChecker restartedMain [32mBean 'org.springframework.ws.config.annotation.DelegatingWsConfiguration' of type [org.springframework.ws.config.annotation.DelegatingWsConfiguration$$EnhancerBySpringCGLIB$$3c47b0e3] is not eligible for getting processed by all BeanPostProcessors (for example: not eligible for auto-proxying)
[0;39m[31m2024-05-05 09:03:39,133[0;39m [32m[INFO][0;39m org.springframework.ws.soap.addressing.server.AnnotationActionEndpointMapping restartedMain [32mSupporting [WS-Addressing August 2004, WS-Addressing 1.0]
[0;39m[31m2024-05-05 09:03:39,475[0;39m [32m[INFO][0;39m org.springframework.boot.web.embedded.tomcat.TomcatWebServer restartedMain [32mTomcat initialized with port(s): 8082 (http)
[0;39m[31m2024-05-05 09:03:39,491[0;39m [32m[INFO][0;39m org.apache.catalina.core.StandardService restartedMain [32mStarting service [Tomcat]
[0;39m[31m2024-05-05 09:03:39,491[0;39m [32m[INFO][0;39m org.apache.catalina.core.StandardEngine restartedMain [32mStarting Servlet engine: [Apache Tomcat/9.0.73]
[0;39m[31m2024-05-05 09:03:39,569[0;39m [32m[INFO][0;39m org.apache.catalina.core.ContainerBase.[Tomcat].[localhost].[/] restartedMain [32mInitializing Spring embedded WebApplicationContext
[0;39m[31m2024-05-05 09:03:39,569[0;39m [32m[INFO][0;39m org.springframework.boot.web.servlet.context.ServletWebServerApplicationContext restartedMain [32mRoot WebApplicationContext: initialization completed in 1588 ms
[0;39m[31m2024-05-05 09:03:39,899[0;39m [32m[INFO][0;39m org.springframework.security.web.DefaultSecurityFilterChain restartedMain [32mWill secure any request with [org.springframework.security.web.session.DisableEncodeUrlFilter@4b09bd76, org.springframework.security.web.context.request.async.WebAsyncManagerIntegrationFilter@4bab6284, org.springframework.security.web.context.SecurityContextPersistenceFilter@12f936f6, org.springframework.security.web.header.HeaderWriterFilter@605463c4, org.springframework.web.filter.CorsFilter@58396ae7, org.springframework.security.web.authentication.logout.LogoutFilter@2cb03fe6, org.springframework.security.web.authentication.UsernamePasswordAuthenticationFilter@1297f975, org.springframework.security.web.authentication.www.BasicAuthenticationFilter@5db1e74e, org.springframework.security.web.savedrequest.RequestCacheAwareFilter@e626e71, org.springframework.security.web.servletapi.SecurityContextHolderAwareRequestFilter@57dab92, org.springframework.security.web.authentication.AnonymousAuthenticationFilter@390fdcb0, org.springframework.security.web.session.SessionManagementFilter@72ee359c, org.springframework.security.web.access.ExceptionTranslationFilter@299d8d98, org.springframework.security.web.access.intercept.FilterSecurityInterceptor@51982910]
[0;39m[31m2024-05-05 09:03:40,213[0;39m [32m[INFO][0;39m org.springframework.boot.autoconfigure.web.servlet.WelcomePageHandlerMapping restartedMain [32mAdding welcome page template: index
[0;39m[31m2024-05-05 09:03:40,640[0;39m [32m[INFO][0;39m com.zaxxer.hikari.HikariDataSource restartedMain [32mHikariPool-1 - Starting...
[0;39m[31m2024-05-05 09:03:40,655[0;39m [32m[WARN][0;39m com.zaxxer.hikari.util.DriverDataSource restartedMain [32mRegistered driver with driverClassName=oracle.jdbc.driver.OracleDriver was not found, trying direct instantiation.
[0;39m[31m2024-05-05 09:03:40,757[0;39m [32m[INFO][0;39m com.zaxxer.hikari.pool.PoolBase restartedMain [32mHikariPool-1 - Driver does not support get/set network timeout for connections. (oracle.jdbc.driver.T4CConnection.getNetworkTimeout()I)
[0;39m[31m2024-05-05 09:03:40,765[0;39m [32m[INFO][0;39m com.zaxxer.hikari.HikariDataSource restartedMain [32mHikariPool-1 - Start completed.
[0;39m[31m2024-05-05 09:03:40,985[0;39m [32m[INFO][0;39m org.springframework.boot.devtools.autoconfigure.OptionalLiveReloadServer restartedMain [32mLiveReload server is running on port 35729
[0;39m[31m2024-05-05 09:03:41,032[0;39m [32m[INFO][0;39m org.springframework.boot.web.embedded.tomcat.TomcatWebServer restartedMain [32mTomcat started on port(s): 8082 (http) with context path ''
[0;39m[31m2024-05-05 09:03:41,049[0;39m [32m[INFO][0;39m mybank.backend.service.ServiceApplication restartedMain [32mStarted ServiceApplication in 3.684 seconds (JVM running for 4.747)
[0;39m[31m2024-05-05 09:03:49,450[0;39m [32m[INFO][0;39m org.apache.catalina.core.ContainerBase.[Tomcat].[localhost].[/] http-nio-8082-exec-1 [32mInitializing Spring DispatcherServlet 'dispatcherServlet'
[0;39m[31m2024-05-05 09:03:49,463[0;39m [32m[INFO][0;39m org.springframework.web.servlet.DispatcherServlet http-nio-8082-exec-1 [32mInitializing Servlet 'dispatcherServlet'
[0;39m[31m2024-05-05 09:03:49,468[0;39m [32m[INFO][0;39m org.springframework.web.servlet.DispatcherServlet http-nio-8082-exec-1 [32mCompleted initialization in 3 ms
[0;39m[31m2024-05-05 09:04:07,346[0;39m [32m[INFO][0;39m mybank.db.dao.dltemybankdaolayer.service.CustomerAuthService http-nio-8082-exec-7 [32mlistAllCustomers method called
[0;39m[31m2024-05-05 09:04:07,444[0;39m [32m[INFO][0;39m mybank.db.dao.dltemybankdaolayer.service.CustomerAuthService http-nio-8082-exec-7 [32mfindByUser method called
[0;39m[31m2024-05-05 09:04:07,963[0;39m [32m[INFO][0;39m mybank.backend.service.auth.CustomerSuccessHandler http-nio-8082-exec-7 [32mlogin successful
[0;39m[31m2024-05-05 09:04:08,168[0;39m [32m[INFO][0;39m mybank.db.dao.dltemybankdaolayer.service.CustomerAuthService http-nio-8082-exec-2 [32mlistAllCustomers method called
[0;39m[31m2024-05-05 09:04:08,170[0;39m [32m[INFO][0;39m mybank.db.dao.dltemybankdaolayer.service.CustomerAuthService http-nio-8082-exec-2 [32mfindByUser method called
[0;39m[31m2024-05-05 09:09:25,191[0;39m [32m[INFO][0;39m mybank.backend.service.ServiceApplication restartedMain [32mStarting ServiceApplication using Java 1.8.0_292 on WPF45DE1T with PID 18492 (C:\Users\xxshetts\OneDrive - Tietoevry\Desktop\DLTE-JavaFullStack-ShreyasShettyB2024\DLTE-Project\DLTE-MyBank-BackEnd\target\classes started by xxshetts in C:\Users\xxshetts\OneDrive - Tietoevry\Desktop\DLTE-JavaFullStack-ShreyasShettyB2024\DLTE-Project\DLTE-MyBank-BackEnd)
[0;39m[31m2024-05-05 09:09:25,191[0;39m [32m[INFO][0;39m mybank.backend.service.ServiceApplication restartedMain [32mNo active profile set, falling back to 1 default profile: "default"
[0;39m[31m2024-05-05 09:09:25,236[0;39m [32m[INFO][0;39m org.springframework.boot.devtools.restart.ChangeableUrls restartedMain [32mThe Class-Path manifest attribute in C:\Users\xxshetts\.m2\repository\com\oracle\database\security\oraclepki\21.5.0.0\oraclepki-21.5.0.0.jar referenced one or more files that do not exist: file:/C:/Users/xxshetts/.m2/repository/com/oracle/database/security/oraclepki/21.5.0.0/osdt_core.jar,file:/C:/Users/xxshetts/.m2/repository/com/oracle/database/security/oraclepki/21.5.0.0/osdt_cert.jar,file:/C:/Users/xxshetts/.m2/repository/com/oracle/database/security/oraclepki/oracle.osdt/osdt_core.jar,file:/C:/Users/xxshetts/.m2/repository/com/oracle/database/security/oraclepki/oracle.osdt/osdt_cert.jar
[0;39m[31m2024-05-05 09:09:25,236[0;39m [32m[INFO][0;39m org.springframework.boot.devtools.env.DevToolsPropertyDefaultsPostProcessor restartedMain [32mDevtools property defaults active! Set 'spring.devtools.add-properties' to 'false' to disable
[0;39m[31m2024-05-05 09:09:25,236[0;39m [32m[INFO][0;39m org.springframework.boot.devtools.env.DevToolsPropertyDefaultsPostProcessor restartedMain [32mFor additional web related logging consider setting the 'logging.level.web' property to 'DEBUG'
[0;39m[31m2024-05-05 09:09:26,260[0;39m [32m[INFO][0;39m org.springframework.data.repository.config.RepositoryConfigurationDelegate restartedMain [32mBootstrapping Spring Data JDBC repositories in DEFAULT mode.
[0;39m[31m2024-05-05 09:09:26,260[0;39m [32m[INFO][0;39m org.springframework.data.repository.config.RepositoryConfigurationDelegate restartedMain [32mFinished Spring Data repository scanning in 8 ms. Found 0 JDBC repository interfaces.
[0;39m[31m2024-05-05 09:09:26,449[0;39m [32m[INFO][0;39m org.springframework.context.support.PostProcessorRegistrationDelegate$BeanPostProcessorChecker restartedMain [32mBean 'soapConfig' of type [mybank.backend.service.soap.SoapConfig$$EnhancerBySpringCGLIB$$3e2195a4] is not eligible for getting processed by all BeanPostProcessors (for example: not eligible for auto-proxying)
[0;39m[31m2024-05-05 09:09:26,449[0;39m [32m[INFO][0;39m org.springframework.context.support.PostProcessorRegistrationDelegate$BeanPostProcessorChecker restartedMain [32mBean 'org.springframework.ws.config.annotation.DelegatingWsConfiguration' of type [org.springframework.ws.config.annotation.DelegatingWsConfiguration$$EnhancerBySpringCGLIB$$1a2bece7] is not eligible for getting processed by all BeanPostProcessors (for example: not eligible for auto-proxying)
[0;39m[31m2024-05-05 09:09:26,480[0;39m [32m[INFO][0;39m org.springframework.ws.soap.addressing.server.AnnotationActionEndpointMapping restartedMain [32mSupporting [WS-Addressing August 2004, WS-Addressing 1.0]
[0;39m[31m2024-05-05 09:09:26,748[0;39m [32m[INFO][0;39m org.springframework.boot.web.embedded.tomcat.TomcatWebServer restartedMain [32mTomcat initialized with port(s): 8082 (http)
[0;39m[31m2024-05-05 09:09:26,748[0;39m [32m[INFO][0;39m org.apache.catalina.core.StandardService restartedMain [32mStarting service [Tomcat]
[0;39m[31m2024-05-05 09:09:26,748[0;39m [32m[INFO][0;39m org.apache.catalina.core.StandardEngine restartedMain [32mStarting Servlet engine: [Apache Tomcat/9.0.73]
[0;39m[31m2024-05-05 09:09:26,873[0;39m [32m[INFO][0;39m org.apache.catalina.core.ContainerBase.[Tomcat].[localhost].[/] restartedMain [32mInitializing Spring embedded WebApplicationContext
[0;39m[31m2024-05-05 09:09:26,873[0;39m [32m[INFO][0;39m org.springframework.boot.web.servlet.context.ServletWebServerApplicationContext restartedMain [32mRoot WebApplicationContext: initialization completed in 1637 ms
[0;39m[31m2024-05-05 09:09:27,109[0;39m [32m[INFO][0;39m org.springframework.security.web.DefaultSecurityFilterChain restartedMain [32mWill secure any request with [org.springframework.security.web.session.DisableEncodeUrlFilter@5feea7ce, org.springframework.security.web.context.request.async.WebAsyncManagerIntegrationFilter@5473bb53, org.springframework.security.web.context.SecurityContextPersistenceFilter@2bf7a1eb, org.springframework.security.web.header.HeaderWriterFilter@4cc32453, org.springframework.web.filter.CorsFilter@57c01ecb, org.springframework.security.web.authentication.logout.LogoutFilter@600077bd, org.springframework.security.web.authentication.UsernamePasswordAuthenticationFilter@d9d8804, org.springframework.security.web.authentication.www.BasicAuthenticationFilter@145129fc, org.springframework.security.web.savedrequest.RequestCacheAwareFilter@559504d0, org.springframework.security.web.servletapi.SecurityContextHolderAwareRequestFilter@224747aa, org.springframework.security.web.authentication.AnonymousAuthenticationFilter@447a7859, org.springframework.security.web.session.SessionManagementFilter@3e469508, org.springframework.security.web.access.ExceptionTranslationFilter@5d6e5cd3, org.springframework.security.web.access.intercept.FilterSecurityInterceptor@737a21a2]
[0;39m[31m2024-05-05 09:09:27,376[0;39m [32m[INFO][0;39m org.springframework.boot.autoconfigure.web.servlet.WelcomePageHandlerMapping restartedMain [32mAdding welcome page template: index
[0;39m[31m2024-05-05 09:09:27,849[0;39m [32m[INFO][0;39m com.zaxxer.hikari.HikariDataSource restartedMain [32mHikariPool-1 - Starting...
[0;39m[31m2024-05-05 09:09:27,849[0;39m [32m[WARN][0;39m com.zaxxer.hikari.util.DriverDataSource restartedMain [32mRegistered driver with driverClassName=oracle.jdbc.driver.OracleDriver was not found, trying direct instantiation.
[0;39m[31m2024-05-05 09:09:27,928[0;39m [32m[INFO][0;39m com.zaxxer.hikari.pool.PoolBase restartedMain [32mHikariPool-1 - Driver does not support get/set network timeout for connections. (oracle.jdbc.driver.T4CConnection.getNetworkTimeout()I)
[0;39m[31m2024-05-05 09:09:27,943[0;39m [32m[INFO][0;39m com.zaxxer.hikari.HikariDataSource restartedMain [32mHikariPool-1 - Start completed.
[0;39m[31m2024-05-05 09:09:28,070[0;39m [32m[INFO][0;39m org.springframework.boot.devtools.autoconfigure.OptionalLiveReloadServer restartedMain [32mLiveReload server is running on port 35729
[0;39m[31m2024-05-05 09:09:28,123[0;39m [32m[INFO][0;39m org.springframework.boot.web.embedded.tomcat.TomcatWebServer restartedMain [32mTomcat started on port(s): 8082 (http) with context path ''
[0;39m[31m2024-05-05 09:09:28,133[0;39m [32m[INFO][0;39m mybank.backend.service.ServiceApplication restartedMain [32mStarted ServiceApplication in 3.353 seconds (JVM running for 4.196)
[0;39m[31m2024-05-05 09:09:30,943[0;39m [32m[INFO][0;39m org.apache.catalina.core.ContainerBase.[Tomcat].[localhost].[/] http-nio-8082-exec-2 [32mInitializing Spring DispatcherServlet 'dispatcherServlet'
[0;39m[31m2024-05-05 09:09:30,944[0;39m [32m[INFO][0;39m org.springframework.web.servlet.DispatcherServlet http-nio-8082-exec-2 [32mInitializing Servlet 'dispatcherServlet'
[0;39m[31m2024-05-05 09:09:30,946[0;39m [32m[INFO][0;39m org.springframework.web.servlet.DispatcherServlet http-nio-8082-exec-2 [32mCompleted initialization in 1 ms
[0;39m[31m2024-05-05 09:09:39,073[0;39m [32m[INFO][0;39m mybank.db.dao.dltemybankdaolayer.service.CustomerAuthService http-nio-8082-exec-6 [32mlistAllCustomers method called
[0;39m[31m2024-05-05 09:09:39,134[0;39m [32m[INFO][0;39m mybank.db.dao.dltemybankdaolayer.service.CustomerAuthService http-nio-8082-exec-6 [32mfindByUser method called
[0;39m[31m2024-05-05 09:09:39,540[0;39m [32m[INFO][0;39m mybank.backend.service.auth.CustomerSuccessHandler http-nio-8082-exec-6 [32mlogin successful
[0;39m[31m2024-05-05 09:09:39,668[0;39m [32m[INFO][0;39m mybank.db.dao.dltemybankdaolayer.service.CustomerAuthService http-nio-8082-exec-7 [32mlistAllCustomers method called
[0;39m[31m2024-05-05 09:09:39,672[0;39m [32m[INFO][0;39m mybank.db.dao.dltemybankdaolayer.service.CustomerAuthService http-nio-8082-exec-7 [32mfindByUser method called
[0;39m[31m2024-05-05 09:09:51,462[0;39m [32m[INFO][0;39m mybank.db.dao.dltemybankdaolayer.service.CustomerAuthService http-nio-8082-exec-7 [32mlistAllCustomers method called
[0;39m[31m2024-05-05 09:09:51,465[0;39m [32m[INFO][0;39m mybank.db.dao.dltemybankdaolayer.service.CustomerAuthService http-nio-8082-exec-7 [32mfindByUser method called
[0;39m