[31m2024-04-09 18:57:18,124[0;39m [32m[INFO][0;39m employeebackend.service.TechnicalReviewSpringBackendApplicationTests main [32mStarting TechnicalReviewSpringBackendApplicationTests using Java 1.8.0_292 on WPF45DE1T with PID 20356 (started by xxshetts in C:\Users\xxshetts\OneDrive - Tietoevry\Desktop\DLTE-JavaFullStack-ShreyasShettyB2024\Technical Review\Techinical_Review_Spring_Backend)
[0;39m[31m2024-04-09 18:57:18,124[0;39m [32m[INFO][0;39m employeebackend.service.TechnicalReviewSpringBackendApplicationTests main [32mNo active profile set, falling back to 1 default profile: "default"
[0;39m[31m2024-04-09 18:57:18,550[0;39m [32m[INFO][0;39m org.springframework.data.repository.config.RepositoryConfigurationDelegate main [32mBootstrapping Spring Data JDBC repositories in DEFAULT mode.
[0;39m[31m2024-04-09 18:57:18,565[0;39m [32m[INFO][0;39m org.springframework.data.repository.config.RepositoryConfigurationDelegate main [32mFinished Spring Data repository scanning in 9 ms. Found 0 JDBC repository interfaces.
[0;39m[31m2024-04-09 18:57:19,339[0;39m [32m[INFO][0;39m com.zaxxer.hikari.HikariDataSource main [32mHikariPool-1 - Starting...
[0;39m[31m2024-04-09 18:57:19,357[0;39m [32m[WARN][0;39m com.zaxxer.hikari.util.DriverDataSource main [32mRegistered driver with driverClassName=oracle.jdbc.driver.OracleDriver was not found, trying direct instantiation.
[0;39m[31m2024-04-09 18:57:19,970[0;39m [32m[INFO][0;39m com.zaxxer.hikari.pool.PoolBase main [32mHikariPool-1 - Driver does not support get/set network timeout for connections. (oracle.jdbc.driver.T4CConnection.getNetworkTimeout()I)
[0;39m[31m2024-04-09 18:57:19,970[0;39m [32m[INFO][0;39m com.zaxxer.hikari.HikariDataSource main [32mHikariPool-1 - Start completed.
[0;39m[31m2024-04-09 18:57:20,270[0;39m [32m[INFO][0;39m employeebackend.service.TechnicalReviewSpringBackendApplicationTests main [32mStarted TechnicalReviewSpringBackendApplicationTests in 2.456 seconds (JVM running for 3.345)
[0;39m[31m2024-04-09 18:57:20,616[0;39m [32m[INFO][0;39m com.zaxxer.hikari.HikariDataSource SpringApplicationShutdownHook [32mHikariPool-1 - Shutdown initiated...
[0;39m[31m2024-04-09 18:57:20,636[0;39m [32m[INFO][0;39m com.zaxxer.hikari.HikariDataSource SpringApplicationShutdownHook [32mHikariPool-1 - Shutdown completed.
[0;39m[31m2024-04-09 19:38:02,638[0;39m [32m[INFO][0;39m employeebackend.service.TechnicalReviewSpringBackendApplicationTests main [32mStarting TechnicalReviewSpringBackendApplicationTests using Java 1.8.0_292 on WPF45DE1T with PID 2432 (started by xxshetts in C:\Users\xxshetts\OneDrive - Tietoevry\Desktop\DLTE-JavaFullStack-ShreyasShettyB2024\Technical Review\Techinical_Review_Spring_Backend)
[0;39m[31m2024-04-09 19:38:02,638[0;39m [32m[INFO][0;39m employeebackend.service.TechnicalReviewSpringBackendApplicationTests main [32mNo active profile set, falling back to 1 default profile: "default"
[0;39m[31m2024-04-09 19:38:03,110[0;39m [32m[INFO][0;39m org.springframework.data.repository.config.RepositoryConfigurationDelegate main [32mBootstrapping Spring Data JDBC repositories in DEFAULT mode.
[0;39m[31m2024-04-09 19:38:03,127[0;39m [32m[INFO][0;39m org.springframework.data.repository.config.RepositoryConfigurationDelegate main [32mFinished Spring Data repository scanning in 17 ms. Found 0 JDBC repository interfaces.
[0;39m[31m2024-04-09 19:38:03,725[0;39m [32m[INFO][0;39m com.zaxxer.hikari.HikariDataSource main [32mHikariPool-1 - Starting...
[0;39m[31m2024-04-09 19:38:03,731[0;39m [32m[WARN][0;39m com.zaxxer.hikari.util.DriverDataSource main [32mRegistered driver with driverClassName=oracle.jdbc.driver.OracleDriver was not found, trying direct instantiation.
[0;39m[31m2024-04-09 19:38:04,371[0;39m [32m[INFO][0;39m com.zaxxer.hikari.pool.PoolBase main [32mHikariPool-1 - Driver does not support get/set network timeout for connections. (oracle.jdbc.driver.T4CConnection.getNetworkTimeout()I)
[0;39m[31m2024-04-09 19:38:04,388[0;39m [32m[INFO][0;39m com.zaxxer.hikari.HikariDataSource main [32mHikariPool-1 - Start completed.
[0;39m[31m2024-04-09 19:38:04,816[0;39m [32m[INFO][0;39m employeebackend.service.TechnicalReviewSpringBackendApplicationTests main [32mStarted TechnicalReviewSpringBackendApplicationTests in 2.463 seconds (JVM running for 3.405)
[0;39m[31m2024-04-09 19:38:05,254[0;39m [32m[INFO][0;39m com.zaxxer.hikari.HikariDataSource SpringApplicationShutdownHook [32mHikariPool-1 - Shutdown initiated...
[0;39m[31m2024-04-09 19:38:05,278[0;39m [32m[INFO][0;39m com.zaxxer.hikari.HikariDataSource SpringApplicationShutdownHook [32mHikariPool-1 - Shutdown completed.
[0;39m[31m2024-04-09 19:39:40,293[0;39m [32m[INFO][0;39m employeebackend.service.TechnicalReviewSpringBackendApplication restartedMain [32mStarting TechnicalReviewSpringBackendApplication using Java 1.8.0_292 on WPF45DE1T with PID 19704 (C:\Users\xxshetts\OneDrive - Tietoevry\Desktop\DLTE-JavaFullStack-ShreyasShettyB2024\Technical Review\Techinical_Review_Spring_Backend\target\classes started by xxshetts in C:\Users\xxshetts\OneDrive - Tietoevry\Desktop\DLTE-JavaFullStack-ShreyasShettyB2024\Technical Review\Techinical_Review_Spring_Backend)
[0;39m[31m2024-04-09 19:39:40,293[0;39m [32m[INFO][0;39m employeebackend.service.TechnicalReviewSpringBackendApplication restartedMain [32mNo active profile set, falling back to 1 default profile: "default"
[0;39m[31m2024-04-09 19:39:40,358[0;39m [32m[INFO][0;39m org.springframework.boot.devtools.restart.ChangeableUrls restartedMain [32mThe Class-Path manifest attribute in C:\Users\xxshetts\.m2\repository\com\oracle\database\security\oraclepki\21.5.0.0\oraclepki-21.5.0.0.jar referenced one or more files that do not exist: file:/C:/Users/xxshetts/.m2/repository/com/oracle/database/security/oraclepki/21.5.0.0/osdt_core.jar,file:/C:/Users/xxshetts/.m2/repository/com/oracle/database/security/oraclepki/21.5.0.0/osdt_cert.jar,file:/C:/Users/xxshetts/.m2/repository/com/oracle/database/security/oraclepki/oracle.osdt/osdt_core.jar,file:/C:/Users/xxshetts/.m2/repository/com/oracle/database/security/oraclepki/oracle.osdt/osdt_cert.jar
[0;39m[31m2024-04-09 19:39:40,358[0;39m [32m[INFO][0;39m org.springframework.boot.devtools.env.DevToolsPropertyDefaultsPostProcessor restartedMain [32mDevtools property defaults active! Set 'spring.devtools.add-properties' to 'false' to disable
[0;39m[31m2024-04-09 19:39:40,844[0;39m [32m[INFO][0;39m org.springframework.data.repository.config.RepositoryConfigurationDelegate restartedMain [32mBootstrapping Spring Data JDBC repositories in DEFAULT mode.
[0;39m[31m2024-04-09 19:39:40,860[0;39m [32m[INFO][0;39m org.springframework.data.repository.config.RepositoryConfigurationDelegate restartedMain [32mFinished Spring Data repository scanning in 8 ms. Found 0 JDBC repository interfaces.
[0;39m[31m2024-04-09 19:39:41,300[0;39m [32m[INFO][0;39m com.zaxxer.hikari.HikariDataSource restartedMain [32mHikariPool-1 - Starting...
[0;39m[31m2024-04-09 19:39:41,300[0;39m [32m[WARN][0;39m com.zaxxer.hikari.util.DriverDataSource restartedMain [32mRegistered driver with driverClassName=oracle.jdbc.driver.OracleDriver was not found, trying direct instantiation.
[0;39m[31m2024-04-09 19:39:41,505[0;39m [32m[INFO][0;39m com.zaxxer.hikari.pool.PoolBase restartedMain [32mHikariPool-1 - Driver does not support get/set network timeout for connections. (oracle.jdbc.driver.T4CConnection.getNetworkTimeout()I)
[0;39m[31m2024-04-09 19:39:41,515[0;39m [32m[INFO][0;39m com.zaxxer.hikari.HikariDataSource restartedMain [32mHikariPool-1 - Start completed.
[0;39m[31m2024-04-09 19:39:41,615[0;39m [32m[INFO][0;39m org.springframework.boot.devtools.autoconfigure.OptionalLiveReloadServer restartedMain [32mLiveReload server is running on port 35729
[0;39m[31m2024-04-09 19:39:41,647[0;39m [32m[INFO][0;39m employeebackend.service.TechnicalReviewSpringBackendApplication restartedMain [32mStarted TechnicalReviewSpringBackendApplication in 1.794 seconds (JVM running for 3.055)
[0;39m[31m2024-04-09 19:39:41,647[0;39m [32m[INFO][0;39m com.zaxxer.hikari.HikariDataSource SpringApplicationShutdownHook [32mHikariPool-1 - Shutdown initiated...
[0;39m[31m2024-04-09 19:39:41,678[0;39m [32m[INFO][0;39m com.zaxxer.hikari.HikariDataSource SpringApplicationShutdownHook [32mHikariPool-1 - Shutdown completed.
[0;39m[31m2024-04-09 19:41:00,929[0;39m [32m[INFO][0;39m employeebackend.service.TechnicalReviewSpringBackendApplication restartedMain [32mStarting TechnicalReviewSpringBackendApplication using Java 1.8.0_292 on WPF45DE1T with PID 12524 (C:\Users\xxshetts\OneDrive - Tietoevry\Desktop\DLTE-JavaFullStack-ShreyasShettyB2024\Technical Review\Techinical_Review_Spring_Backend\target\classes started by xxshetts in C:\Users\xxshetts\OneDrive - Tietoevry\Desktop\DLTE-JavaFullStack-ShreyasShettyB2024\Technical Review\Techinical_Review_Spring_Backend)
[0;39m[31m2024-04-09 19:41:00,929[0;39m [32m[INFO][0;39m employeebackend.service.TechnicalReviewSpringBackendApplication restartedMain [32mNo active profile set, falling back to 1 default profile: "default"
[0;39m[31m2024-04-09 19:41:00,974[0;39m [32m[INFO][0;39m org.springframework.boot.devtools.restart.ChangeableUrls restartedMain [32mThe Class-Path manifest attribute in C:\Users\xxshetts\.m2\repository\com\oracle\database\security\oraclepki\21.5.0.0\oraclepki-21.5.0.0.jar referenced one or more files that do not exist: file:/C:/Users/xxshetts/.m2/repository/com/oracle/database/security/oraclepki/21.5.0.0/osdt_core.jar,file:/C:/Users/xxshetts/.m2/repository/com/oracle/database/security/oraclepki/21.5.0.0/osdt_cert.jar,file:/C:/Users/xxshetts/.m2/repository/com/oracle/database/security/oraclepki/oracle.osdt/osdt_core.jar,file:/C:/Users/xxshetts/.m2/repository/com/oracle/database/security/oraclepki/oracle.osdt/osdt_cert.jar
[0;39m[31m2024-04-09 19:41:00,974[0;39m [32m[INFO][0;39m org.springframework.boot.devtools.env.DevToolsPropertyDefaultsPostProcessor restartedMain [32mDevtools property defaults active! Set 'spring.devtools.add-properties' to 'false' to disable
[0;39m[31m2024-04-09 19:41:01,337[0;39m [32m[INFO][0;39m org.springframework.data.repository.config.RepositoryConfigurationDelegate restartedMain [32mBootstrapping Spring Data JDBC repositories in DEFAULT mode.
[0;39m[31m2024-04-09 19:41:01,352[0;39m [32m[INFO][0;39m org.springframework.data.repository.config.RepositoryConfigurationDelegate restartedMain [32mFinished Spring Data repository scanning in 8 ms. Found 0 JDBC repository interfaces.
[0;39m[31m2024-04-09 19:41:01,635[0;39m [32m[INFO][0;39m com.zaxxer.hikari.HikariDataSource restartedMain [32mHikariPool-1 - Starting...
[0;39m[31m2024-04-09 19:41:01,635[0;39m [32m[WARN][0;39m com.zaxxer.hikari.util.DriverDataSource restartedMain [32mRegistered driver with driverClassName=oracle.jdbc.driver.OracleDriver was not found, trying direct instantiation.
[0;39m[31m2024-04-09 19:41:01,714[0;39m [32m[INFO][0;39m com.zaxxer.hikari.pool.PoolBase restartedMain [32mHikariPool-1 - Driver does not support get/set network timeout for connections. (oracle.jdbc.driver.T4CConnection.getNetworkTimeout()I)
[0;39m[31m2024-04-09 19:41:01,714[0;39m [32m[INFO][0;39m com.zaxxer.hikari.HikariDataSource restartedMain [32mHikariPool-1 - Start completed.
[0;39m[31m2024-04-09 19:41:01,793[0;39m [32m[INFO][0;39m org.springframework.boot.devtools.autoconfigure.OptionalLiveReloadServer restartedMain [32mLiveReload server is running on port 35729
[0;39m[31m2024-04-09 19:41:01,810[0;39m [32m[INFO][0;39m employeebackend.service.TechnicalReviewSpringBackendApplication restartedMain [32mStarted TechnicalReviewSpringBackendApplication in 1.255 seconds (JVM running for 2.07)
[0;39m[31m2024-04-09 19:41:01,825[0;39m [32m[INFO][0;39m com.zaxxer.hikari.HikariDataSource SpringApplicationShutdownHook [32mHikariPool-1 - Shutdown initiated...
[0;39m[31m2024-04-09 19:41:01,845[0;39m [32m[INFO][0;39m com.zaxxer.hikari.HikariDataSource SpringApplicationShutdownHook [32mHikariPool-1 - Shutdown completed.
[0;39m[31m2024-04-09 21:16:51,943[0;39m [32m[INFO][0;39m employeebackend.service.TechnicalReviewSpringBackendApplicationTests main [32mStarting TechnicalReviewSpringBackendApplicationTests using Java 1.8.0_292 on WPF45DE1T with PID 21588 (started by xxshetts in C:\Users\xxshetts\OneDrive - Tietoevry\Desktop\DLTE-JavaFullStack-ShreyasShettyB2024\Technical Review\Techinical_Review_Spring_Backend)
[0;39m[31m2024-04-09 21:16:51,943[0;39m [32m[INFO][0;39m employeebackend.service.TechnicalReviewSpringBackendApplicationTests main [32mNo active profile set, falling back to 1 default profile: "default"
[0;39m[31m2024-04-09 21:16:52,399[0;39m [32m[INFO][0;39m org.springframework.data.repository.config.RepositoryConfigurationDelegate main [32mBootstrapping Spring Data JDBC repositories in DEFAULT mode.
[0;39m[31m2024-04-09 21:16:52,414[0;39m [32m[INFO][0;39m org.springframework.data.repository.config.RepositoryConfigurationDelegate main [32mFinished Spring Data repository scanning in 9 ms. Found 0 JDBC repository interfaces.
[0;39m[31m2024-04-09 21:16:53,202[0;39m [32m[INFO][0;39m com.zaxxer.hikari.HikariDataSource main [32mHikariPool-1 - Starting...
[0;39m[31m2024-04-09 21:16:53,221[0;39m [32m[WARN][0;39m com.zaxxer.hikari.util.DriverDataSource main [32mRegistered driver with driverClassName=oracle.jdbc.driver.OracleDriver was not found, trying direct instantiation.
[0;39m[31m2024-04-09 21:16:53,674[0;39m [32m[INFO][0;39m com.zaxxer.hikari.pool.PoolBase main [32mHikariPool-1 - Driver does not support get/set network timeout for connections. (oracle.jdbc.driver.T4CConnection.getNetworkTimeout()I)
[0;39m[31m2024-04-09 21:16:53,674[0;39m [32m[INFO][0;39m com.zaxxer.hikari.HikariDataSource main [32mHikariPool-1 - Start completed.
[0;39m[31m2024-04-09 21:16:53,925[0;39m [32m[INFO][0;39m employeebackend.service.TechnicalReviewSpringBackendApplicationTests main [32mStarted TechnicalReviewSpringBackendApplicationTests in 2.546 seconds (JVM running for 4.565)
[0;39m[31m2024-04-09 21:16:54,325[0;39m [32m[INFO][0;39m com.zaxxer.hikari.HikariDataSource SpringApplicationShutdownHook [32mHikariPool-1 - Shutdown initiated...
[0;39m[31m2024-04-09 21:16:54,346[0;39m [32m[INFO][0;39m com.zaxxer.hikari.HikariDataSource SpringApplicationShutdownHook [32mHikariPool-1 - Shutdown completed.
[0;39m