07:03:00.790 [34m[main][0;39m INFO  employee.console.EmployeeConsole - [34mDisplayed Employee details based on Id[0;39m  
07:21:01.384 [31m[main][0;39m WARN  employee.console.EmployeeConsole - [31mjava.lang.NullPointerException[0;39m  
07:31:14.980 [31m[main][0;39m WARN  employee.console.EmployeeConsole - [31mjava.lang.NullPointerException[0;39m  
08:59:03.798 [31m[main][0;39m WARN  employee.console.EmployeeConsole - [31mInvalid employeeID[0;39m  
09:00:14.092 [31m[main][0;39m WARN  employee.console.EmployeeConsole - [31mInvalid Pincode[0;39m  
09:00:31.279 [31m[main][0;39m WARN  employee.console.EmployeeConsole - [31mjava.lang.NullPointerException[0;39m  
09:06:03.974 [31m[main][0;39m WARN  employee.console.EmployeeConsole - [31mjava.lang.NullPointerException[0;39m  
09:06:47.750 [31m[main][0;39m WARN  employee.console.EmployeeConsole - [31mInvalid Option[0;39m  
09:06:47.750 [31m[main][0;39m WARN  employee.console.EmployeeConsole - [31mInvalid Option[0;39m  
09:06:47.750 [31m[main][0;39m WARN  employee.console.EmployeeConsole - [31mInvalid Option[0;39m  
09:06:47.750 [31m[main][0;39m WARN  employee.console.EmployeeConsole - [31mInvalid Option[0;39m  
09:06:47.765 [31m[main][0;39m WARN  employee.console.EmployeeConsole - [31mInvalid Option[0;39m  
09:06:47.765 [31m[main][0;39m WARN  employee.console.EmployeeConsole - [31mInvalid Option[0;39m  
09:09:10.946 [31m[main][0;39m WARN  employee.console.EmployeeConsole - [31mInvalid Phone Number[0;39m  
09:11:03.069 [34m[main][0;39m INFO  employee.console.EmployeeConsole - [34mAddress{employeeID=324432, houseName='ewfew', streetName='wef', city='wef', state='few', pincode=212121, type='permanent'}

firstName='wfwfs'
middleName='dsf'
lastName='sd'
phone=2322332323232323232
email='wfewf@'
employeeID=324432
permanentAddress: Address{employeeID=324432, houseName='ewfew', streetName='wef', city='wef', state='few', pincode=212121, type='permanent'}
temporaryAddress: Address{employeeID=324432, houseName='eferf', streetName='ef', city='e', state='fe', pincode=212121, type='temporary'}[0;39m  
09:19:28.592 [31m[main][0;39m WARN  employee.console.EmployeeConsole - [31mjava.lang.NullPointerException[0;39m  
09:20:34.393 [34m[main][0;39m INFO  employee.console.EmployeeConsole - [34mAddress{employeeID=1, houseName='1', streetName='1', city='1', state='1', pincode=1, type='permanent'}

firstName='1'
middleName='1'
lastName='1'
phone=1
email='1'
employeeID=1
permanentAddress: Address{employeeID=1, houseName='1', streetName='1', city='1', state='1', pincode=1, type='permanent'}
temporaryAddress: Address{employeeID=1, houseName='1', streetName='1', city='1', state='1', pincode=1, type='temporary'}[0;39m  
09:20:34.756 [31m[main][0;39m WARN  employee.console.EmployeeConsole - [31mjava.lang.NullPointerException[0;39m  
09:23:47.543 [34m[main][0;39m INFO  employee.console.EmployeeConsole - [34mAddress{employeeID=1, houseName='1', streetName='1', city='1', state='1', pincode=1, type='permanent'}

firstName='1'
middleName='1'
lastName='1'
phone=1
email='1'
employeeID=1
permanentAddress: Address{employeeID=1, houseName='1', streetName='1', city='1', state='1', pincode=1, type='permanent'}
temporaryAddress: Address{employeeID=1, houseName='1', streetName='1', city='1', state='1', pincode=1, type='temporary'}[0;39m  
09:23:47.921 [31m[main][0;39m WARN  employee.console.EmployeeConsole - [31mjava.lang.NullPointerException[0;39m  
09:53:11.011 [34m[main][0;39m INFO  employee.console.EmployeeConsole - [34mAddress{employeeID=1, houseName='1', streetName='1', city='1', state='1', pincode=1, type='permanent'}

firstName='1'
middleName='1'
lastName='1'
phone=1
email='1'
employeeID=1
permanentAddress: Address{employeeID=1, houseName='1', streetName='1', city='1', state='1', pincode=1, type='permanent'}
temporaryAddress: Address{employeeID=1, houseName='1', streetName='1', city='1', state='1', pincode=1, type='temporary'}[0;39m  
09:53:11.373 [31m[main][0;39m WARN  employee.console.EmployeeConsole - [31mVAL-001[0;39m  
09:54:43.339 [34m[main][0;39m INFO  employee.console.EmployeeConsole - [34mAddress{employeeID=1, houseName='1', streetName='1', city='1', state='1', pincode=1, type='permanent'}

firstName='1'
middleName='1'
lastName='1'
phone=1
email='1'
employeeID=1
permanentAddress: Address{employeeID=1, houseName='1', streetName='1', city='1', state='1', pincode=1, type='permanent'}
temporaryAddress: Address{employeeID=1, houseName='1', streetName='1', city='1', state='1', pincode=1, type='temporary'}[0;39m  
10:01:51.627 [31m[main][0;39m WARN  employee.console.EmployeeConsole - [31mVAL-001[0;39m  
10:02:16.780 [34m[main][0;39m INFO  employee.console.EmployeeConsole - [34mAddress{employeeID=1, houseName='', streetName='1', city='1', state='1', pincode=1, type='permanent'}

firstName='1'
middleName='1'
lastName='1'
phone=1
email='1'
employeeID=1
permanentAddress: Address{employeeID=1, houseName='', streetName='1', city='1', state='1', pincode=1, type='permanent'}
temporaryAddress: Address{employeeID=1, houseName='1', streetName='1', city='1', state='1', pincode=1, type='temporary'}[0;39m  
