[31m2024-03-29 06:29:42,981[0;39m [32m[INFO][0;39m task.soapxsd.soapxssd.SoapEndpointTesting main [32mStarting SoapEndpointTesting using Java 1.8.0_292 on WPF45DE1T with PID 724 (started by xxshetts in C:\Users\xxshetts\OneDrive - Tietoevry\Desktop\DLTE-JavaFullStack-ShreyasShettyB2024\DLTE-Spring\Tasks\DLTE-Spring-1151)
[0;39m[31m2024-03-29 06:29:43,043[0;39m [32m[INFO][0;39m task.soapxsd.soapxssd.SoapEndpointTesting main [32mNo active profile set, falling back to 1 default profile: "default"
[0;39m[31m2024-03-29 06:29:44,048[0;39m [32m[INFO][0;39m org.springframework.data.repository.config.RepositoryConfigurationDelegate main [32mBootstrapping Spring Data JDBC repositories in DEFAULT mode.
[0;39m[31m2024-03-29 06:29:44,080[0;39m [32m[INFO][0;39m org.springframework.data.repository.config.RepositoryConfigurationDelegate main [32mFinished Spring Data repository scanning in 17 ms. Found 0 JDBC repository interfaces.
[0;39m[31m2024-03-29 06:29:45,055[0;39m [32m[INFO][0;39m org.springframework.context.support.PostProcessorRegistrationDelegate$BeanPostProcessorChecker main [32mBean 'soapServiceConfig' of type [task.soapxsd.soapxssd.config.SoapServiceConfig$$EnhancerBySpringCGLIB$$2b4cfada] is not eligible for getting processed by all BeanPostProcessors (for example: not eligible for auto-proxying)
[0;39m[31m2024-03-29 06:29:45,066[0;39m [32m[INFO][0;39m org.springframework.context.support.PostProcessorRegistrationDelegate$BeanPostProcessorChecker main [32mBean 'org.springframework.ws.config.annotation.DelegatingWsConfiguration' of type [org.springframework.ws.config.annotation.DelegatingWsConfiguration$$EnhancerBySpringCGLIB$$e69de236] is not eligible for getting processed by all BeanPostProcessors (for example: not eligible for auto-proxying)
[0;39m[31m2024-03-29 06:29:45,260[0;39m [32m[INFO][0;39m org.springframework.ws.soap.addressing.server.AnnotationActionEndpointMapping main [32mSupporting [WS-Addressing August 2004, WS-Addressing 1.0]
[0;39m[31m2024-03-29 06:29:47,418[0;39m [32m[INFO][0;39m com.zaxxer.hikari.HikariDataSource main [32mHikariPool-1 - Starting...
[0;39m[31m2024-03-29 06:29:47,434[0;39m [32m[WARN][0;39m com.zaxxer.hikari.util.DriverDataSource main [32mRegistered driver with driverClassName=oracle.jdbc.driver.OracleDriver was not found, trying direct instantiation.
[0;39m[31m2024-03-29 06:29:48,207[0;39m [32m[INFO][0;39m com.zaxxer.hikari.pool.PoolBase main [32mHikariPool-1 - Driver does not support get/set network timeout for connections. (oracle.jdbc.driver.T4CConnection.getNetworkTimeout()I)
[0;39m[31m2024-03-29 06:29:48,207[0;39m [32m[INFO][0;39m com.zaxxer.hikari.HikariDataSource main [32mHikariPool-1 - Start completed.
[0;39m[31m2024-03-29 06:29:48,618[0;39m [32m[INFO][0;39m task.soapxsd.soapxssd.SoapEndpointTesting main [32mStarted SoapEndpointTesting in 6.21 seconds (JVM running for 8.58)
[0;39m[31m2024-03-29 06:29:48,879[0;39m [32m[INFO][0;39m com.zaxxer.hikari.HikariDataSource SpringApplicationShutdownHook [32mHikariPool-1 - Shutdown initiated...
[0;39m[31m2024-03-29 06:29:48,899[0;39m [32m[INFO][0;39m com.zaxxer.hikari.HikariDataSource SpringApplicationShutdownHook [32mHikariPool-1 - Shutdown completed.
[0;39m[31m2024-03-29 06:30:02,555[0;39m [32m[INFO][0;39m task.soapxsd.soapxssd.SoapEndpointTesting main [32mStarting SoapEndpointTesting using Java 1.8.0_292 on WPF45DE1T with PID 18384 (started by xxshetts in C:\Users\xxshetts\OneDrive - Tietoevry\Desktop\DLTE-JavaFullStack-ShreyasShettyB2024\DLTE-Spring\Tasks\DLTE-Spring-1151)
[0;39m[31m2024-03-29 06:30:02,571[0;39m [32m[INFO][0;39m task.soapxsd.soapxssd.SoapEndpointTesting main [32mNo active profile set, falling back to 1 default profile: "default"
[0;39m[31m2024-03-29 06:30:03,498[0;39m [32m[INFO][0;39m org.springframework.data.repository.config.RepositoryConfigurationDelegate main [32mBootstrapping Spring Data JDBC repositories in DEFAULT mode.
[0;39m[31m2024-03-29 06:30:03,530[0;39m [32m[INFO][0;39m org.springframework.data.repository.config.RepositoryConfigurationDelegate main [32mFinished Spring Data repository scanning in 17 ms. Found 0 JDBC repository interfaces.
[0;39m[31m2024-03-29 06:30:04,426[0;39m [32m[INFO][0;39m org.springframework.context.support.PostProcessorRegistrationDelegate$BeanPostProcessorChecker main [32mBean 'soapServiceConfig' of type [task.soapxsd.soapxssd.config.SoapServiceConfig$$EnhancerBySpringCGLIB$$eeca65e3] is not eligible for getting processed by all BeanPostProcessors (for example: not eligible for auto-proxying)
[0;39m[31m2024-03-29 06:30:04,426[0;39m [32m[INFO][0;39m org.springframework.context.support.PostProcessorRegistrationDelegate$BeanPostProcessorChecker main [32mBean 'org.springframework.ws.config.annotation.DelegatingWsConfiguration' of type [org.springframework.ws.config.annotation.DelegatingWsConfiguration$$EnhancerBySpringCGLIB$$aa1b4d3f] is not eligible for getting processed by all BeanPostProcessors (for example: not eligible for auto-proxying)
[0;39m[31m2024-03-29 06:30:04,536[0;39m [32m[INFO][0;39m org.springframework.ws.soap.addressing.server.AnnotationActionEndpointMapping main [32mSupporting [WS-Addressing August 2004, WS-Addressing 1.0]
[0;39m[31m2024-03-29 06:30:06,281[0;39m [32m[INFO][0;39m com.zaxxer.hikari.HikariDataSource main [32mHikariPool-1 - Starting...
[0;39m[31m2024-03-29 06:30:06,281[0;39m [32m[WARN][0;39m com.zaxxer.hikari.util.DriverDataSource main [32mRegistered driver with driverClassName=oracle.jdbc.driver.OracleDriver was not found, trying direct instantiation.
[0;39m[31m2024-03-29 06:30:06,690[0;39m [32m[INFO][0;39m com.zaxxer.hikari.pool.PoolBase main [32mHikariPool-1 - Driver does not support get/set network timeout for connections. (oracle.jdbc.driver.T4CConnection.getNetworkTimeout()I)
[0;39m[31m2024-03-29 06:30:06,706[0;39m [32m[INFO][0;39m com.zaxxer.hikari.HikariDataSource main [32mHikariPool-1 - Start completed.
[0;39m[31m2024-03-29 06:30:06,996[0;39m [32m[INFO][0;39m task.soapxsd.soapxssd.SoapEndpointTesting main [32mStarted SoapEndpointTesting in 5.141 seconds (JVM running for 7.285)
[0;39m[31m2024-03-29 06:30:07,199[0;39m [32m[INFO][0;39m com.zaxxer.hikari.HikariDataSource SpringApplicationShutdownHook [32mHikariPool-1 - Shutdown initiated...
[0;39m[31m2024-03-29 06:30:07,211[0;39m [32m[INFO][0;39m com.zaxxer.hikari.HikariDataSource SpringApplicationShutdownHook [32mHikariPool-1 - Shutdown completed.
[0;39m[31m2024-03-29 06:30:47,876[0;39m [32m[INFO][0;39m task.soapxsd.soapxssd.SoapEndpointTesting main [32mStarting SoapEndpointTesting using Java 1.8.0_292 on WPF45DE1T with PID 3604 (started by xxshetts in C:\Users\xxshetts\OneDrive - Tietoevry\Desktop\DLTE-JavaFullStack-ShreyasShettyB2024\DLTE-Spring\Tasks\DLTE-Spring-1151)
[0;39m[31m2024-03-29 06:30:47,892[0;39m [32m[INFO][0;39m task.soapxsd.soapxssd.SoapEndpointTesting main [32mNo active profile set, falling back to 1 default profile: "default"
[0;39m[31m2024-03-29 06:30:48,852[0;39m [32m[INFO][0;39m org.springframework.data.repository.config.RepositoryConfigurationDelegate main [32mBootstrapping Spring Data JDBC repositories in DEFAULT mode.
[0;39m[31m2024-03-29 06:30:48,883[0;39m [32m[INFO][0;39m org.springframework.data.repository.config.RepositoryConfigurationDelegate main [32mFinished Spring Data repository scanning in 17 ms. Found 0 JDBC repository interfaces.
[0;39m[31m2024-03-29 06:30:49,957[0;39m [32m[INFO][0;39m org.springframework.context.support.PostProcessorRegistrationDelegate$BeanPostProcessorChecker main [32mBean 'soapServiceConfig' of type [task.soapxsd.soapxssd.config.SoapServiceConfig$$EnhancerBySpringCGLIB$$ab580e29] is not eligible for getting processed by all BeanPostProcessors (for example: not eligible for auto-proxying)
[0;39m[31m2024-03-29 06:30:49,957[0;39m [32m[INFO][0;39m org.springframework.context.support.PostProcessorRegistrationDelegate$BeanPostProcessorChecker main [32mBean 'org.springframework.ws.config.annotation.DelegatingWsConfiguration' of type [org.springframework.ws.config.annotation.DelegatingWsConfiguration$$EnhancerBySpringCGLIB$$66a8f585] is not eligible for getting processed by all BeanPostProcessors (for example: not eligible for auto-proxying)
[0;39m[31m2024-03-29 06:30:50,130[0;39m [32m[INFO][0;39m org.springframework.ws.soap.addressing.server.AnnotationActionEndpointMapping main [32mSupporting [WS-Addressing August 2004, WS-Addressing 1.0]
[0;39m[31m2024-03-29 06:30:52,209[0;39m [32m[INFO][0;39m com.zaxxer.hikari.HikariDataSource main [32mHikariPool-1 - Starting...
[0;39m[31m2024-03-29 06:30:52,225[0;39m [32m[WARN][0;39m com.zaxxer.hikari.util.DriverDataSource main [32mRegistered driver with driverClassName=oracle.jdbc.driver.OracleDriver was not found, trying direct instantiation.
[0;39m[31m2024-03-29 06:30:52,793[0;39m [32m[INFO][0;39m com.zaxxer.hikari.pool.PoolBase main [32mHikariPool-1 - Driver does not support get/set network timeout for connections. (oracle.jdbc.driver.T4CConnection.getNetworkTimeout()I)
[0;39m[31m2024-03-29 06:30:52,793[0;39m [32m[INFO][0;39m com.zaxxer.hikari.HikariDataSource main [32mHikariPool-1 - Start completed.
[0;39m[31m2024-03-29 06:30:53,146[0;39m [32m[INFO][0;39m task.soapxsd.soapxssd.SoapEndpointTesting main [32mStarted SoapEndpointTesting in 5.981 seconds (JVM running for 8.262)
[0;39m[31m2024-03-29 06:30:53,363[0;39m [32m[INFO][0;39m com.zaxxer.hikari.HikariDataSource SpringApplicationShutdownHook [32mHikariPool-1 - Shutdown initiated...
[0;39m[31m2024-03-29 06:30:53,376[0;39m [32m[INFO][0;39m com.zaxxer.hikari.HikariDataSource SpringApplicationShutdownHook [32mHikariPool-1 - Shutdown completed.
[0;39m[31m2024-03-29 06:31:16,386[0;39m [32m[INFO][0;39m task.soapxsd.soapxssd.SoapEndpointTesting main [32mStarting SoapEndpointTesting using Java 1.8.0_292 on WPF45DE1T with PID 15272 (started by xxshetts in C:\Users\xxshetts\OneDrive - Tietoevry\Desktop\DLTE-JavaFullStack-ShreyasShettyB2024\DLTE-Spring\Tasks\DLTE-Spring-1151)
[0;39m[31m2024-03-29 06:31:16,386[0;39m [32m[INFO][0;39m task.soapxsd.soapxssd.SoapEndpointTesting main [32mNo active profile set, falling back to 1 default profile: "default"
[0;39m[31m2024-03-29 06:31:17,439[0;39m [32m[INFO][0;39m org.springframework.data.repository.config.RepositoryConfigurationDelegate main [32mBootstrapping Spring Data JDBC repositories in DEFAULT mode.
[0;39m[31m2024-03-29 06:31:17,461[0;39m [32m[INFO][0;39m org.springframework.data.repository.config.RepositoryConfigurationDelegate main [32mFinished Spring Data repository scanning in 18 ms. Found 0 JDBC repository interfaces.
[0;39m[31m2024-03-29 06:31:18,932[0;39m [32m[INFO][0;39m org.springframework.context.support.PostProcessorRegistrationDelegate$BeanPostProcessorChecker main [32mBean 'soapServiceConfig' of type [task.soapxsd.soapxssd.config.SoapServiceConfig$$EnhancerBySpringCGLIB$$5a52b2ad] is not eligible for getting processed by all BeanPostProcessors (for example: not eligible for auto-proxying)
[0;39m[31m2024-03-29 06:31:18,932[0;39m [32m[INFO][0;39m org.springframework.context.support.PostProcessorRegistrationDelegate$BeanPostProcessorChecker main [32mBean 'org.springframework.ws.config.annotation.DelegatingWsConfiguration' of type [org.springframework.ws.config.annotation.DelegatingWsConfiguration$$EnhancerBySpringCGLIB$$15a39a09] is not eligible for getting processed by all BeanPostProcessors (for example: not eligible for auto-proxying)
[0;39m[31m2024-03-29 06:31:19,104[0;39m [32m[INFO][0;39m org.springframework.ws.soap.addressing.server.AnnotationActionEndpointMapping main [32mSupporting [WS-Addressing August 2004, WS-Addressing 1.0]
[0;39m[31m2024-03-29 06:31:22,155[0;39m [32m[INFO][0;39m com.zaxxer.hikari.HikariDataSource main [32mHikariPool-1 - Starting...
[0;39m[31m2024-03-29 06:31:22,170[0;39m [32m[WARN][0;39m com.zaxxer.hikari.util.DriverDataSource main [32mRegistered driver with driverClassName=oracle.jdbc.driver.OracleDriver was not found, trying direct instantiation.
[0;39m[31m2024-03-29 06:31:23,084[0;39m [32m[INFO][0;39m com.zaxxer.hikari.pool.PoolBase main [32mHikariPool-1 - Driver does not support get/set network timeout for connections. (oracle.jdbc.driver.T4CConnection.getNetworkTimeout()I)
[0;39m[31m2024-03-29 06:31:23,100[0;39m [32m[INFO][0;39m com.zaxxer.hikari.HikariDataSource main [32mHikariPool-1 - Start completed.
[0;39m[31m2024-03-29 06:31:23,974[0;39m [32m[INFO][0;39m task.soapxsd.soapxssd.SoapEndpointTesting main [32mStarted SoapEndpointTesting in 8.367 seconds (JVM running for 10.649)
[0;39m[31m2024-03-29 06:31:24,300[0;39m [32m[INFO][0;39m com.zaxxer.hikari.HikariDataSource SpringApplicationShutdownHook [32mHikariPool-1 - Shutdown initiated...
[0;39m[31m2024-03-29 06:31:24,332[0;39m [32m[INFO][0;39m com.zaxxer.hikari.HikariDataSource SpringApplicationShutdownHook [32mHikariPool-1 - Shutdown completed.
[0;39m[31m2024-03-29 06:31:34,863[0;39m [32m[INFO][0;39m task.soapxsd.soapxssd.SoapEndpointTesting main [32mStarting SoapEndpointTesting using Java 1.8.0_292 on WPF45DE1T with PID 14768 (started by xxshetts in C:\Users\xxshetts\OneDrive - Tietoevry\Desktop\DLTE-JavaFullStack-ShreyasShettyB2024\DLTE-Spring\Tasks\DLTE-Spring-1151)
[0;39m[31m2024-03-29 06:31:34,863[0;39m [32m[INFO][0;39m task.soapxsd.soapxssd.SoapEndpointTesting main [32mNo active profile set, falling back to 1 default profile: "default"
[0;39m[31m2024-03-29 06:31:36,393[0;39m [32m[INFO][0;39m org.springframework.data.repository.config.RepositoryConfigurationDelegate main [32mBootstrapping Spring Data JDBC repositories in DEFAULT mode.
[0;39m[31m2024-03-29 06:31:36,435[0;39m [32m[INFO][0;39m org.springframework.data.repository.config.RepositoryConfigurationDelegate main [32mFinished Spring Data repository scanning in 21 ms. Found 0 JDBC repository interfaces.
[0;39m[31m2024-03-29 06:31:38,062[0;39m [32m[INFO][0;39m org.springframework.context.support.PostProcessorRegistrationDelegate$BeanPostProcessorChecker main [32mBean 'soapServiceConfig' of type [task.soapxsd.soapxssd.config.SoapServiceConfig$$EnhancerBySpringCGLIB$$81b46786] is not eligible for getting processed by all BeanPostProcessors (for example: not eligible for auto-proxying)
[0;39m[31m2024-03-29 06:31:38,062[0;39m [32m[INFO][0;39m org.springframework.context.support.PostProcessorRegistrationDelegate$BeanPostProcessorChecker main [32mBean 'org.springframework.ws.config.annotation.DelegatingWsConfiguration' of type [org.springframework.ws.config.annotation.DelegatingWsConfiguration$$EnhancerBySpringCGLIB$$3d054ee2] is not eligible for getting processed by all BeanPostProcessors (for example: not eligible for auto-proxying)
[0;39m[31m2024-03-29 06:31:38,204[0;39m [32m[INFO][0;39m org.springframework.ws.soap.addressing.server.AnnotationActionEndpointMapping main [32mSupporting [WS-Addressing August 2004, WS-Addressing 1.0]
[0;39m[31m2024-03-29 06:31:40,641[0;39m [32m[INFO][0;39m com.zaxxer.hikari.HikariDataSource main [32mHikariPool-1 - Starting...
[0;39m[31m2024-03-29 06:31:40,657[0;39m [32m[WARN][0;39m com.zaxxer.hikari.util.DriverDataSource main [32mRegistered driver with driverClassName=oracle.jdbc.driver.OracleDriver was not found, trying direct instantiation.
[0;39m[31m2024-03-29 06:31:41,446[0;39m [32m[INFO][0;39m com.zaxxer.hikari.pool.PoolBase main [32mHikariPool-1 - Driver does not support get/set network timeout for connections. (oracle.jdbc.driver.T4CConnection.getNetworkTimeout()I)
[0;39m[31m2024-03-29 06:31:41,446[0;39m [32m[INFO][0;39m com.zaxxer.hikari.HikariDataSource main [32mHikariPool-1 - Start completed.
[0;39m[31m2024-03-29 06:31:41,855[0;39m [32m[INFO][0;39m task.soapxsd.soapxssd.SoapEndpointTesting main [32mStarted SoapEndpointTesting in 7.97 seconds (JVM running for 10.181)
[0;39m[31m2024-03-29 06:31:42,186[0;39m [32m[INFO][0;39m com.zaxxer.hikari.HikariDataSource SpringApplicationShutdownHook [32mHikariPool-1 - Shutdown initiated...
[0;39m[31m2024-03-29 06:31:42,219[0;39m [32m[INFO][0;39m com.zaxxer.hikari.HikariDataSource SpringApplicationShutdownHook [32mHikariPool-1 - Shutdown completed.
[0;39m[31m2024-03-29 06:31:50,730[0;39m [32m[INFO][0;39m task.soapxsd.soapxssd.SoapEndpointTesting main [32mStarting SoapEndpointTesting using Java 1.8.0_292 on WPF45DE1T with PID 9864 (started by xxshetts in C:\Users\xxshetts\OneDrive - Tietoevry\Desktop\DLTE-JavaFullStack-ShreyasShettyB2024\DLTE-Spring\Tasks\DLTE-Spring-1151)
[0;39m[31m2024-03-29 06:31:50,742[0;39m [32m[INFO][0;39m task.soapxsd.soapxssd.SoapEndpointTesting main [32mNo active profile set, falling back to 1 default profile: "default"
[0;39m[31m2024-03-29 06:31:52,539[0;39m [32m[INFO][0;39m org.springframework.data.repository.config.RepositoryConfigurationDelegate main [32mBootstrapping Spring Data JDBC repositories in DEFAULT mode.
[0;39m[31m2024-03-29 06:31:52,570[0;39m [32m[INFO][0;39m org.springframework.data.repository.config.RepositoryConfigurationDelegate main [32mFinished Spring Data repository scanning in 30 ms. Found 0 JDBC repository interfaces.
[0;39m[31m2024-03-29 06:31:54,290[0;39m [32m[INFO][0;39m org.springframework.context.support.PostProcessorRegistrationDelegate$BeanPostProcessorChecker main [32mBean 'soapServiceConfig' of type [task.soapxsd.soapxssd.config.SoapServiceConfig$$EnhancerBySpringCGLIB$$ab580e29] is not eligible for getting processed by all BeanPostProcessors (for example: not eligible for auto-proxying)
[0;39m[31m2024-03-29 06:31:54,304[0;39m [32m[INFO][0;39m org.springframework.context.support.PostProcessorRegistrationDelegate$BeanPostProcessorChecker main [32mBean 'org.springframework.ws.config.annotation.DelegatingWsConfiguration' of type [org.springframework.ws.config.annotation.DelegatingWsConfiguration$$EnhancerBySpringCGLIB$$66a8f585] is not eligible for getting processed by all BeanPostProcessors (for example: not eligible for auto-proxying)
[0;39m[31m2024-03-29 06:31:54,467[0;39m [32m[INFO][0;39m org.springframework.ws.soap.addressing.server.AnnotationActionEndpointMapping main [32mSupporting [WS-Addressing August 2004, WS-Addressing 1.0]
[0;39m[31m2024-03-29 06:31:57,249[0;39m [32m[INFO][0;39m com.zaxxer.hikari.HikariDataSource main [32mHikariPool-1 - Starting...
[0;39m[31m2024-03-29 06:31:57,249[0;39m [32m[WARN][0;39m com.zaxxer.hikari.util.DriverDataSource main [32mRegistered driver with driverClassName=oracle.jdbc.driver.OracleDriver was not found, trying direct instantiation.
[0;39m[31m2024-03-29 06:31:57,929[0;39m [32m[INFO][0;39m com.zaxxer.hikari.pool.PoolBase main [32mHikariPool-1 - Driver does not support get/set network timeout for connections. (oracle.jdbc.driver.T4CConnection.getNetworkTimeout()I)
[0;39m[31m2024-03-29 06:31:57,935[0;39m [32m[INFO][0;39m com.zaxxer.hikari.HikariDataSource main [32mHikariPool-1 - Start completed.
[0;39m[31m2024-03-29 06:31:58,276[0;39m [32m[INFO][0;39m task.soapxsd.soapxssd.SoapEndpointTesting main [32mStarted SoapEndpointTesting in 8.714 seconds (JVM running for 12.287)
[0;39m[31m2024-03-29 06:31:58,512[0;39m [32m[INFO][0;39m com.zaxxer.hikari.HikariDataSource SpringApplicationShutdownHook [32mHikariPool-1 - Shutdown initiated...
[0;39m[31m2024-03-29 06:31:58,538[0;39m [32m[INFO][0;39m com.zaxxer.hikari.HikariDataSource SpringApplicationShutdownHook [32mHikariPool-1 - Shutdown completed.
[0;39m[31m2024-03-29 06:32:47,427[0;39m [32m[INFO][0;39m task.soapxsd.soapxssd.SoapEndpointTesting main [32mStarting SoapEndpointTesting using Java 1.8.0_292 on WPF45DE1T with PID 16316 (started by xxshetts in C:\Users\xxshetts\OneDrive - Tietoevry\Desktop\DLTE-JavaFullStack-ShreyasShettyB2024\DLTE-Spring\Tasks\DLTE-Spring-1151)
[0;39m[31m2024-03-29 06:32:47,427[0;39m [32m[INFO][0;39m task.soapxsd.soapxssd.SoapEndpointTesting main [32mNo active profile set, falling back to 1 default profile: "default"
[0;39m[31m2024-03-29 06:32:48,306[0;39m [32m[INFO][0;39m org.springframework.data.repository.config.RepositoryConfigurationDelegate main [32mBootstrapping Spring Data JDBC repositories in DEFAULT mode.
[0;39m[31m2024-03-29 06:32:48,337[0;39m [32m[INFO][0;39m org.springframework.data.repository.config.RepositoryConfigurationDelegate main [32mFinished Spring Data repository scanning in 14 ms. Found 0 JDBC repository interfaces.
[0;39m[31m2024-03-29 06:32:49,234[0;39m [32m[INFO][0;39m org.springframework.context.support.PostProcessorRegistrationDelegate$BeanPostProcessorChecker main [32mBean 'soapServiceConfig' of type [task.soapxsd.soapxssd.config.SoapServiceConfig$$EnhancerBySpringCGLIB$$d44afc01] is not eligible for getting processed by all BeanPostProcessors (for example: not eligible for auto-proxying)
[0;39m[31m2024-03-29 06:32:49,234[0;39m [32m[INFO][0;39m org.springframework.context.support.PostProcessorRegistrationDelegate$BeanPostProcessorChecker main [32mBean 'org.springframework.ws.config.annotation.DelegatingWsConfiguration' of type [org.springframework.ws.config.annotation.DelegatingWsConfiguration$$EnhancerBySpringCGLIB$$8f9be35d] is not eligible for getting processed by all BeanPostProcessors (for example: not eligible for auto-proxying)
[0;39m[31m2024-03-29 06:32:49,329[0;39m [32m[INFO][0;39m org.springframework.ws.soap.addressing.server.AnnotationActionEndpointMapping main [32mSupporting [WS-Addressing August 2004, WS-Addressing 1.0]
[0;39m[31m2024-03-29 06:32:51,244[0;39m [32m[INFO][0;39m com.zaxxer.hikari.HikariDataSource main [32mHikariPool-1 - Starting...
[0;39m[31m2024-03-29 06:32:51,254[0;39m [32m[WARN][0;39m com.zaxxer.hikari.util.DriverDataSource main [32mRegistered driver with driverClassName=oracle.jdbc.driver.OracleDriver was not found, trying direct instantiation.
[0;39m[31m2024-03-29 06:32:51,878[0;39m [32m[INFO][0;39m com.zaxxer.hikari.pool.PoolBase main [32mHikariPool-1 - Driver does not support get/set network timeout for connections. (oracle.jdbc.driver.T4CConnection.getNetworkTimeout()I)
[0;39m[31m2024-03-29 06:32:51,878[0;39m [32m[INFO][0;39m com.zaxxer.hikari.HikariDataSource main [32mHikariPool-1 - Start completed.
[0;39m[31m2024-03-29 06:32:52,224[0;39m [32m[INFO][0;39m task.soapxsd.soapxssd.SoapEndpointTesting main [32mStarted SoapEndpointTesting in 5.437 seconds (JVM running for 7.383)
[0;39m[31m2024-03-29 06:32:52,476[0;39m [32m[INFO][0;39m com.zaxxer.hikari.HikariDataSource SpringApplicationShutdownHook [32mHikariPool-1 - Shutdown initiated...
[0;39m[31m2024-03-29 06:32:52,504[0;39m [32m[INFO][0;39m com.zaxxer.hikari.HikariDataSource SpringApplicationShutdownHook [32mHikariPool-1 - Shutdown completed.
[0;39m[31m2024-03-29 06:40:35,958[0;39m [32m[INFO][0;39m task.soapxsd.soapxssd.SoapEndpointTesting main [32mStarting SoapEndpointTesting using Java 1.8.0_292 on WPF45DE1T with PID 13416 (started by xxshetts in C:\Users\xxshetts\OneDrive - Tietoevry\Desktop\DLTE-JavaFullStack-ShreyasShettyB2024\DLTE-Spring\Tasks\DLTE-Spring-1151)
[0;39m[31m2024-03-29 06:40:35,958[0;39m [32m[INFO][0;39m task.soapxsd.soapxssd.SoapEndpointTesting main [32mNo active profile set, falling back to 1 default profile: "default"
[0;39m[31m2024-03-29 06:40:36,878[0;39m [32m[INFO][0;39m org.springframework.data.repository.config.RepositoryConfigurationDelegate main [32mBootstrapping Spring Data JDBC repositories in DEFAULT mode.
[0;39m[31m2024-03-29 06:40:36,894[0;39m [32m[INFO][0;39m org.springframework.data.repository.config.RepositoryConfigurationDelegate main [32mFinished Spring Data repository scanning in 16 ms. Found 0 JDBC repository interfaces.
[0;39m[31m2024-03-29 06:40:37,862[0;39m [32m[INFO][0;39m org.springframework.context.support.PostProcessorRegistrationDelegate$BeanPostProcessorChecker main [32mBean 'soapServiceConfig' of type [task.soapxsd.soapxssd.config.SoapServiceConfig$$EnhancerBySpringCGLIB$$81b46786] is not eligible for getting processed by all BeanPostProcessors (for example: not eligible for auto-proxying)
[0;39m[31m2024-03-29 06:40:37,862[0;39m [32m[INFO][0;39m org.springframework.context.support.PostProcessorRegistrationDelegate$BeanPostProcessorChecker main [32mBean 'org.springframework.ws.config.annotation.DelegatingWsConfiguration' of type [org.springframework.ws.config.annotation.DelegatingWsConfiguration$$EnhancerBySpringCGLIB$$3d054ee2] is not eligible for getting processed by all BeanPostProcessors (for example: not eligible for auto-proxying)
[0;39m[31m2024-03-29 06:40:37,961[0;39m [32m[INFO][0;39m org.springframework.ws.soap.addressing.server.AnnotationActionEndpointMapping main [32mSupporting [WS-Addressing August 2004, WS-Addressing 1.0]
[0;39m[31m2024-03-29 06:40:39,895[0;39m [32m[INFO][0;39m com.zaxxer.hikari.HikariDataSource main [32mHikariPool-1 - Starting...
[0;39m[31m2024-03-29 06:40:39,895[0;39m [32m[WARN][0;39m com.zaxxer.hikari.util.DriverDataSource main [32mRegistered driver with driverClassName=oracle.jdbc.driver.OracleDriver was not found, trying direct instantiation.
[0;39m[31m2024-03-29 06:40:40,481[0;39m [32m[INFO][0;39m com.zaxxer.hikari.pool.PoolBase main [32mHikariPool-1 - Driver does not support get/set network timeout for connections. (oracle.jdbc.driver.T4CConnection.getNetworkTimeout()I)
[0;39m[31m2024-03-29 06:40:40,481[0;39m [32m[INFO][0;39m com.zaxxer.hikari.HikariDataSource main [32mHikariPool-1 - Start completed.
[0;39m[31m2024-03-29 06:40:40,795[0;39m [32m[INFO][0;39m task.soapxsd.soapxssd.SoapEndpointTesting main [32mStarted SoapEndpointTesting in 5.496 seconds (JVM running for 7.307)
[0;39m[31m2024-03-29 06:40:41,069[0;39m [32m[INFO][0;39m com.zaxxer.hikari.HikariDataSource SpringApplicationShutdownHook [32mHikariPool-1 - Shutdown initiated...
[0;39m[31m2024-03-29 06:40:41,095[0;39m [32m[INFO][0;39m com.zaxxer.hikari.HikariDataSource SpringApplicationShutdownHook [32mHikariPool-1 - Shutdown completed.
[0;39m[31m2024-03-29 06:49:00,588[0;39m [32m[INFO][0;39m task.soapxsd.soapxssd.SoapEndpointTesting main [32mStarting SoapEndpointTesting using Java 1.8.0_292 on WPF45DE1T with PID 5252 (started by xxshetts in C:\Users\xxshetts\OneDrive - Tietoevry\Desktop\DLTE-JavaFullStack-ShreyasShettyB2024\DLTE-Spring\Tasks\DLTE-Spring-1151)
[0;39m[31m2024-03-29 06:49:00,588[0;39m [32m[INFO][0;39m task.soapxsd.soapxssd.SoapEndpointTesting main [32mNo active profile set, falling back to 1 default profile: "default"
[0;39m[31m2024-03-29 06:49:01,441[0;39m [32m[INFO][0;39m org.springframework.data.repository.config.RepositoryConfigurationDelegate main [32mBootstrapping Spring Data JDBC repositories in DEFAULT mode.
[0;39m[31m2024-03-29 06:49:01,469[0;39m [32m[INFO][0;39m org.springframework.data.repository.config.RepositoryConfigurationDelegate main [32mFinished Spring Data repository scanning in 16 ms. Found 0 JDBC repository interfaces.
[0;39m[31m2024-03-29 06:49:02,321[0;39m [32m[INFO][0;39m org.springframework.context.support.PostProcessorRegistrationDelegate$BeanPostProcessorChecker main [32mBean 'soapServiceConfig' of type [task.soapxsd.soapxssd.config.SoapServiceConfig$$EnhancerBySpringCGLIB$$e884e33d] is not eligible for getting processed by all BeanPostProcessors (for example: not eligible for auto-proxying)
[0;39m[31m2024-03-29 06:49:02,321[0;39m [32m[INFO][0;39m org.springframework.context.support.PostProcessorRegistrationDelegate$BeanPostProcessorChecker main [32mBean 'org.springframework.ws.config.annotation.DelegatingWsConfiguration' of type [org.springframework.ws.config.annotation.DelegatingWsConfiguration$$EnhancerBySpringCGLIB$$a3d5ca99] is not eligible for getting processed by all BeanPostProcessors (for example: not eligible for auto-proxying)
[0;39m[31m2024-03-29 06:49:02,421[0;39m [32m[INFO][0;39m org.springframework.ws.soap.addressing.server.AnnotationActionEndpointMapping main [32mSupporting [WS-Addressing August 2004, WS-Addressing 1.0]
[0;39m[31m2024-03-29 06:49:04,239[0;39m [32m[INFO][0;39m com.zaxxer.hikari.HikariDataSource main [32mHikariPool-1 - Starting...
[0;39m[31m2024-03-29 06:49:04,255[0;39m [32m[WARN][0;39m com.zaxxer.hikari.util.DriverDataSource main [32mRegistered driver with driverClassName=oracle.jdbc.driver.OracleDriver was not found, trying direct instantiation.
[0;39m[31m2024-03-29 06:49:04,784[0;39m [32m[INFO][0;39m com.zaxxer.hikari.pool.PoolBase main [32mHikariPool-1 - Driver does not support get/set network timeout for connections. (oracle.jdbc.driver.T4CConnection.getNetworkTimeout()I)
[0;39m[31m2024-03-29 06:49:04,791[0;39m [32m[INFO][0;39m com.zaxxer.hikari.HikariDataSource main [32mHikariPool-1 - Start completed.
[0;39m[31m2024-03-29 06:49:05,091[0;39m [32m[INFO][0;39m task.soapxsd.soapxssd.SoapEndpointTesting main [32mStarted SoapEndpointTesting in 5.176 seconds (JVM running for 6.983)
[0;39m[31m2024-03-29 06:49:05,280[0;39m [32m[INFO][0;39m com.zaxxer.hikari.HikariDataSource SpringApplicationShutdownHook [32mHikariPool-1 - Shutdown initiated...
[0;39m[31m2024-03-29 06:49:05,295[0;39m [32m[INFO][0;39m com.zaxxer.hikari.HikariDataSource SpringApplicationShutdownHook [32mHikariPool-1 - Shutdown completed.
[0;39m[31m2024-03-29 06:50:46,274[0;39m [32m[INFO][0;39m task.soapxsd.soapxssd.SoapEndpointTesting main [32mStarting SoapEndpointTesting using Java 1.8.0_292 on WPF45DE1T with PID 13024 (started by xxshetts in C:\Users\xxshetts\OneDrive - Tietoevry\Desktop\DLTE-JavaFullStack-ShreyasShettyB2024\DLTE-Spring\Tasks\DLTE-Spring-1151)
[0;39m[31m2024-03-29 06:50:46,274[0;39m [32m[INFO][0;39m task.soapxsd.soapxssd.SoapEndpointTesting main [32mNo active profile set, falling back to 1 default profile: "default"
[0;39m[31m2024-03-29 06:50:47,127[0;39m [32m[INFO][0;39m org.springframework.data.repository.config.RepositoryConfigurationDelegate main [32mBootstrapping Spring Data JDBC repositories in DEFAULT mode.
[0;39m[31m2024-03-29 06:50:47,156[0;39m [32m[INFO][0;39m org.springframework.data.repository.config.RepositoryConfigurationDelegate main [32mFinished Spring Data repository scanning in 19 ms. Found 0 JDBC repository interfaces.
[0;39m[31m2024-03-29 06:50:48,073[0;39m [32m[INFO][0;39m org.springframework.context.support.PostProcessorRegistrationDelegate$BeanPostProcessorChecker main [32mBean 'soapServiceConfig' of type [task.soapxsd.soapxssd.config.SoapServiceConfig$$EnhancerBySpringCGLIB$$eeca65e3] is not eligible for getting processed by all BeanPostProcessors (for example: not eligible for auto-proxying)
[0;39m[31m2024-03-29 06:50:48,073[0;39m [32m[INFO][0;39m org.springframework.context.support.PostProcessorRegistrationDelegate$BeanPostProcessorChecker main [32mBean 'org.springframework.ws.config.annotation.DelegatingWsConfiguration' of type [org.springframework.ws.config.annotation.DelegatingWsConfiguration$$EnhancerBySpringCGLIB$$aa1b4d3f] is not eligible for getting processed by all BeanPostProcessors (for example: not eligible for auto-proxying)
[0;39m[31m2024-03-29 06:50:48,177[0;39m [32m[INFO][0;39m org.springframework.ws.soap.addressing.server.AnnotationActionEndpointMapping main [32mSupporting [WS-Addressing August 2004, WS-Addressing 1.0]
[0;39m[31m2024-03-29 06:50:50,279[0;39m [32m[INFO][0;39m com.zaxxer.hikari.HikariDataSource main [32mHikariPool-1 - Starting...
[0;39m[31m2024-03-29 06:50:50,290[0;39m [32m[WARN][0;39m com.zaxxer.hikari.util.DriverDataSource main [32mRegistered driver with driverClassName=oracle.jdbc.driver.OracleDriver was not found, trying direct instantiation.
[0;39m[31m2024-03-29 06:50:50,904[0;39m [32m[INFO][0;39m com.zaxxer.hikari.pool.PoolBase main [32mHikariPool-1 - Driver does not support get/set network timeout for connections. (oracle.jdbc.driver.T4CConnection.getNetworkTimeout()I)
[0;39m[31m2024-03-29 06:50:50,909[0;39m [32m[INFO][0;39m com.zaxxer.hikari.HikariDataSource main [32mHikariPool-1 - Start completed.
[0;39m[31m2024-03-29 06:50:51,244[0;39m [32m[INFO][0;39m task.soapxsd.soapxssd.SoapEndpointTesting main [32mStarted SoapEndpointTesting in 5.603 seconds (JVM running for 7.353)
[0;39m[31m2024-03-29 06:50:51,489[0;39m [32m[INFO][0;39m com.zaxxer.hikari.HikariDataSource SpringApplicationShutdownHook [32mHikariPool-1 - Shutdown initiated...
[0;39m[31m2024-03-29 06:50:51,528[0;39m [32m[INFO][0;39m com.zaxxer.hikari.HikariDataSource SpringApplicationShutdownHook [32mHikariPool-1 - Shutdown completed.
[0;39m[31m2024-03-29 06:52:13,743[0;39m [32m[INFO][0;39m task.soapxsd.soapxssd.SoapEndpointTesting main [32mStarting SoapEndpointTesting using Java 1.8.0_292 on WPF45DE1T with PID 9928 (started by xxshetts in C:\Users\xxshetts\OneDrive - Tietoevry\Desktop\DLTE-JavaFullStack-ShreyasShettyB2024\DLTE-Spring\Tasks\DLTE-Spring-1151)
[0;39m[31m2024-03-29 06:52:13,743[0;39m [32m[INFO][0;39m task.soapxsd.soapxssd.SoapEndpointTesting main [32mNo active profile set, falling back to 1 default profile: "default"
[0;39m[31m2024-03-29 06:52:14,593[0;39m [32m[INFO][0;39m org.springframework.data.repository.config.RepositoryConfigurationDelegate main [32mBootstrapping Spring Data JDBC repositories in DEFAULT mode.
[0;39m[31m2024-03-29 06:52:14,624[0;39m [32m[INFO][0;39m org.springframework.data.repository.config.RepositoryConfigurationDelegate main [32mFinished Spring Data repository scanning in 20 ms. Found 0 JDBC repository interfaces.
[0;39m[31m2024-03-29 06:52:15,506[0;39m [32m[INFO][0;39m org.springframework.context.support.PostProcessorRegistrationDelegate$BeanPostProcessorChecker main [32mBean 'soapServiceConfig' of type [task.soapxsd.soapxssd.config.SoapServiceConfig$$EnhancerBySpringCGLIB$$86a9a236] is not eligible for getting processed by all BeanPostProcessors (for example: not eligible for auto-proxying)
[0;39m[31m2024-03-29 06:52:15,521[0;39m [32m[INFO][0;39m org.springframework.context.support.PostProcessorRegistrationDelegate$BeanPostProcessorChecker main [32mBean 'org.springframework.ws.config.annotation.DelegatingWsConfiguration' of type [org.springframework.ws.config.annotation.DelegatingWsConfiguration$$EnhancerBySpringCGLIB$$41fa8992] is not eligible for getting processed by all BeanPostProcessors (for example: not eligible for auto-proxying)
[0;39m[31m2024-03-29 06:52:15,647[0;39m [32m[INFO][0;39m org.springframework.ws.soap.addressing.server.AnnotationActionEndpointMapping main [32mSupporting [WS-Addressing August 2004, WS-Addressing 1.0]
[0;39m[31m2024-03-29 06:52:17,646[0;39m [32m[INFO][0;39m com.zaxxer.hikari.HikariDataSource main [32mHikariPool-1 - Starting...
[0;39m[31m2024-03-29 06:52:17,651[0;39m [32m[WARN][0;39m com.zaxxer.hikari.util.DriverDataSource main [32mRegistered driver with driverClassName=oracle.jdbc.driver.OracleDriver was not found, trying direct instantiation.
[0;39m[31m2024-03-29 06:52:18,243[0;39m [32m[INFO][0;39m com.zaxxer.hikari.pool.PoolBase main [32mHikariPool-1 - Driver does not support get/set network timeout for connections. (oracle.jdbc.driver.T4CConnection.getNetworkTimeout()I)
[0;39m[31m2024-03-29 06:52:18,243[0;39m [32m[INFO][0;39m com.zaxxer.hikari.HikariDataSource main [32mHikariPool-1 - Start completed.
[0;39m[31m2024-03-29 06:52:18,564[0;39m [32m[INFO][0;39m task.soapxsd.soapxssd.SoapEndpointTesting main [32mStarted SoapEndpointTesting in 5.476 seconds (JVM running for 7.236)
[0;39m[31m2024-03-29 06:52:18,794[0;39m [32m[INFO][0;39m com.zaxxer.hikari.HikariDataSource SpringApplicationShutdownHook [32mHikariPool-1 - Shutdown initiated...
[0;39m[31m2024-03-29 06:52:18,810[0;39m [32m[INFO][0;39m com.zaxxer.hikari.HikariDataSource SpringApplicationShutdownHook [32mHikariPool-1 - Shutdown completed.
[0;39m[31m2024-03-29 06:53:07,939[0;39m [32m[INFO][0;39m task.soapxsd.soapxssd.SoapEndpointTesting main [32mStarting SoapEndpointTesting using Java 1.8.0_292 on WPF45DE1T with PID 1632 (started by xxshetts in C:\Users\xxshetts\OneDrive - Tietoevry\Desktop\DLTE-JavaFullStack-ShreyasShettyB2024\DLTE-Spring\Tasks\DLTE-Spring-1151)
[0;39m[31m2024-03-29 06:53:07,939[0;39m [32m[INFO][0;39m task.soapxsd.soapxssd.SoapEndpointTesting main [32mNo active profile set, falling back to 1 default profile: "default"
[0;39m[31m2024-03-29 06:53:08,939[0;39m [32m[INFO][0;39m org.springframework.data.repository.config.RepositoryConfigurationDelegate main [32mBootstrapping Spring Data JDBC repositories in DEFAULT mode.
[0;39m[31m2024-03-29 06:53:08,955[0;39m [32m[INFO][0;39m org.springframework.data.repository.config.RepositoryConfigurationDelegate main [32mFinished Spring Data repository scanning in 15 ms. Found 0 JDBC repository interfaces.
[0;39m[31m2024-03-29 06:53:09,890[0;39m [32m[INFO][0;39m org.springframework.context.support.PostProcessorRegistrationDelegate$BeanPostProcessorChecker main [32mBean 'soapServiceConfig' of type [task.soapxsd.soapxssd.config.SoapServiceConfig$$EnhancerBySpringCGLIB$$e884e33d] is not eligible for getting processed by all BeanPostProcessors (for example: not eligible for auto-proxying)
[0;39m[31m2024-03-29 06:53:09,921[0;39m [32m[INFO][0;39m org.springframework.context.support.PostProcessorRegistrationDelegate$BeanPostProcessorChecker main [32mBean 'org.springframework.ws.config.annotation.DelegatingWsConfiguration' of type [org.springframework.ws.config.annotation.DelegatingWsConfiguration$$EnhancerBySpringCGLIB$$a3d5ca99] is not eligible for getting processed by all BeanPostProcessors (for example: not eligible for auto-proxying)
[0;39m[31m2024-03-29 06:53:10,007[0;39m [32m[INFO][0;39m org.springframework.ws.soap.addressing.server.AnnotationActionEndpointMapping main [32mSupporting [WS-Addressing August 2004, WS-Addressing 1.0]
[0;39m[31m2024-03-29 06:53:11,960[0;39m [32m[INFO][0;39m com.zaxxer.hikari.HikariDataSource main [32mHikariPool-1 - Starting...
[0;39m[31m2024-03-29 06:53:11,960[0;39m [32m[WARN][0;39m com.zaxxer.hikari.util.DriverDataSource main [32mRegistered driver with driverClassName=oracle.jdbc.driver.OracleDriver was not found, trying direct instantiation.
[0;39m[31m2024-03-29 06:53:12,480[0;39m [32m[INFO][0;39m com.zaxxer.hikari.pool.PoolBase main [32mHikariPool-1 - Driver does not support get/set network timeout for connections. (oracle.jdbc.driver.T4CConnection.getNetworkTimeout()I)
[0;39m[31m2024-03-29 06:53:12,480[0;39m [32m[INFO][0;39m com.zaxxer.hikari.HikariDataSource main [32mHikariPool-1 - Start completed.
[0;39m[31m2024-03-29 06:53:12,798[0;39m [32m[INFO][0;39m task.soapxsd.soapxssd.SoapEndpointTesting main [32mStarted SoapEndpointTesting in 5.544 seconds (JVM running for 7.246)
[0;39m[31m2024-03-29 06:53:13,047[0;39m [32m[INFO][0;39m com.zaxxer.hikari.HikariDataSource SpringApplicationShutdownHook [32mHikariPool-1 - Shutdown initiated...
[0;39m[31m2024-03-29 06:53:13,063[0;39m [32m[INFO][0;39m com.zaxxer.hikari.HikariDataSource SpringApplicationShutdownHook [32mHikariPool-1 - Shutdown completed.
[0;39m[31m2024-03-29 06:54:39,003[0;39m [32m[INFO][0;39m task.soapxsd.soapxssd.SoapEndpointTesting main [32mStarting SoapEndpointTesting using Java 1.8.0_292 on WPF45DE1T with PID 7204 (started by xxshetts in C:\Users\xxshetts\OneDrive - Tietoevry\Desktop\DLTE-JavaFullStack-ShreyasShettyB2024\DLTE-Spring\Tasks\DLTE-Spring-1151)
[0;39m[31m2024-03-29 06:54:39,003[0;39m [32m[INFO][0;39m task.soapxsd.soapxssd.SoapEndpointTesting main [32mNo active profile set, falling back to 1 default profile: "default"
[0;39m[31m2024-03-29 06:54:40,102[0;39m [32m[INFO][0;39m org.springframework.data.repository.config.RepositoryConfigurationDelegate main [32mBootstrapping Spring Data JDBC repositories in DEFAULT mode.
[0;39m[31m2024-03-29 06:54:40,128[0;39m [32m[INFO][0;39m org.springframework.data.repository.config.RepositoryConfigurationDelegate main [32mFinished Spring Data repository scanning in 17 ms. Found 0 JDBC repository interfaces.
[0;39m[31m2024-03-29 06:54:41,311[0;39m [32m[INFO][0;39m org.springframework.context.support.PostProcessorRegistrationDelegate$BeanPostProcessorChecker main [32mBean 'soapServiceConfig' of type [task.soapxsd.soapxssd.config.SoapServiceConfig$$EnhancerBySpringCGLIB$$e884e33d] is not eligible for getting processed by all BeanPostProcessors (for example: not eligible for auto-proxying)
[0;39m[31m2024-03-29 06:54:41,311[0;39m [32m[INFO][0;39m org.springframework.context.support.PostProcessorRegistrationDelegate$BeanPostProcessorChecker main [32mBean 'org.springframework.ws.config.annotation.DelegatingWsConfiguration' of type [org.springframework.ws.config.annotation.DelegatingWsConfiguration$$EnhancerBySpringCGLIB$$a3d5ca99] is not eligible for getting processed by all BeanPostProcessors (for example: not eligible for auto-proxying)
[0;39m[31m2024-03-29 06:54:41,500[0;39m [32m[INFO][0;39m org.springframework.ws.soap.addressing.server.AnnotationActionEndpointMapping main [32mSupporting [WS-Addressing August 2004, WS-Addressing 1.0]
[0;39m[31m2024-03-29 06:54:43,482[0;39m [32m[INFO][0;39m com.zaxxer.hikari.HikariDataSource main [32mHikariPool-1 - Starting...
[0;39m[31m2024-03-29 06:54:43,500[0;39m [32m[WARN][0;39m com.zaxxer.hikari.util.DriverDataSource main [32mRegistered driver with driverClassName=oracle.jdbc.driver.OracleDriver was not found, trying direct instantiation.
[0;39m[31m2024-03-29 06:54:44,159[0;39m [32m[INFO][0;39m com.zaxxer.hikari.pool.PoolBase main [32mHikariPool-1 - Driver does not support get/set network timeout for connections. (oracle.jdbc.driver.T4CConnection.getNetworkTimeout()I)
[0;39m[31m2024-03-29 06:54:44,175[0;39m [32m[INFO][0;39m com.zaxxer.hikari.HikariDataSource main [32mHikariPool-1 - Start completed.
[0;39m[31m2024-03-29 06:54:44,664[0;39m [32m[INFO][0;39m task.soapxsd.soapxssd.SoapEndpointTesting main [32mStarted SoapEndpointTesting in 6.534 seconds (JVM running for 8.488)
[0;39m[31m2024-03-29 06:54:45,079[0;39m [32m[INFO][0;39m com.zaxxer.hikari.HikariDataSource SpringApplicationShutdownHook [32mHikariPool-1 - Shutdown initiated...
[0;39m[31m2024-03-29 06:54:45,141[0;39m [32m[INFO][0;39m com.zaxxer.hikari.HikariDataSource SpringApplicationShutdownHook [32mHikariPool-1 - Shutdown completed.
[0;39m[31m2024-03-29 06:55:26,226[0;39m [32m[INFO][0;39m task.soapxsd.soapxssd.SoapEndpointTesting main [32mStarting SoapEndpointTesting using Java 1.8.0_292 on WPF45DE1T with PID 11000 (started by xxshetts in C:\Users\xxshetts\OneDrive - Tietoevry\Desktop\DLTE-JavaFullStack-ShreyasShettyB2024\DLTE-Spring\Tasks\DLTE-Spring-1151)
[0;39m[31m2024-03-29 06:55:26,226[0;39m [32m[INFO][0;39m task.soapxsd.soapxssd.SoapEndpointTesting main [32mNo active profile set, falling back to 1 default profile: "default"
[0;39m[31m2024-03-29 06:55:27,225[0;39m [32m[INFO][0;39m org.springframework.data.repository.config.RepositoryConfigurationDelegate main [32mBootstrapping Spring Data JDBC repositories in DEFAULT mode.
[0;39m[31m2024-03-29 06:55:27,258[0;39m [32m[INFO][0;39m org.springframework.data.repository.config.RepositoryConfigurationDelegate main [32mFinished Spring Data repository scanning in 20 ms. Found 0 JDBC repository interfaces.
[0;39m[31m2024-03-29 06:55:28,317[0;39m [32m[INFO][0;39m org.springframework.context.support.PostProcessorRegistrationDelegate$BeanPostProcessorChecker main [32mBean 'soapServiceConfig' of type [task.soapxsd.soapxssd.config.SoapServiceConfig$$EnhancerBySpringCGLIB$$3c21b4f5] is not eligible for getting processed by all BeanPostProcessors (for example: not eligible for auto-proxying)
[0;39m[31m2024-03-29 06:55:28,319[0;39m [32m[INFO][0;39m org.springframework.context.support.PostProcessorRegistrationDelegate$BeanPostProcessorChecker main [32mBean 'org.springframework.ws.config.annotation.DelegatingWsConfiguration' of type [org.springframework.ws.config.annotation.DelegatingWsConfiguration$$EnhancerBySpringCGLIB$$f7729c51] is not eligible for getting processed by all BeanPostProcessors (for example: not eligible for auto-proxying)
[0;39m[31m2024-03-29 06:55:28,418[0;39m [32m[INFO][0;39m org.springframework.ws.soap.addressing.server.AnnotationActionEndpointMapping main [32mSupporting [WS-Addressing August 2004, WS-Addressing 1.0]
[0;39m[31m2024-03-29 06:55:30,596[0;39m [32m[INFO][0;39m com.zaxxer.hikari.HikariDataSource main [32mHikariPool-1 - Starting...
[0;39m[31m2024-03-29 06:55:30,612[0;39m [32m[WARN][0;39m com.zaxxer.hikari.util.DriverDataSource main [32mRegistered driver with driverClassName=oracle.jdbc.driver.OracleDriver was not found, trying direct instantiation.
[0;39m[31m2024-03-29 06:55:31,242[0;39m [32m[INFO][0;39m com.zaxxer.hikari.pool.PoolBase main [32mHikariPool-1 - Driver does not support get/set network timeout for connections. (oracle.jdbc.driver.T4CConnection.getNetworkTimeout()I)
[0;39m[31m2024-03-29 06:55:31,242[0;39m [32m[INFO][0;39m com.zaxxer.hikari.HikariDataSource main [32mHikariPool-1 - Start completed.
[0;39m[31m2024-03-29 06:55:31,669[0;39m [32m[INFO][0;39m task.soapxsd.soapxssd.SoapEndpointTesting main [32mStarted SoapEndpointTesting in 6.208 seconds (JVM running for 8.361)
[0;39m[31m2024-03-29 06:55:31,939[0;39m [32m[INFO][0;39m com.zaxxer.hikari.HikariDataSource SpringApplicationShutdownHook [32mHikariPool-1 - Shutdown initiated...
[0;39m[31m2024-03-29 06:55:31,953[0;39m [32m[INFO][0;39m com.zaxxer.hikari.HikariDataSource SpringApplicationShutdownHook [32mHikariPool-1 - Shutdown completed.
[0;39m[31m2024-03-29 06:56:27,613[0;39m [32m[INFO][0;39m task.soapxsd.soapxssd.SoapEndpointTesting main [32mStarting SoapEndpointTesting using Java 1.8.0_292 on WPF45DE1T with PID 7612 (started by xxshetts in C:\Users\xxshetts\OneDrive - Tietoevry\Desktop\DLTE-JavaFullStack-ShreyasShettyB2024\DLTE-Spring\Tasks\DLTE-Spring-1151)
[0;39m[31m2024-03-29 06:56:27,625[0;39m [32m[INFO][0;39m task.soapxsd.soapxssd.SoapEndpointTesting main [32mNo active profile set, falling back to 1 default profile: "default"
[0;39m[31m2024-03-29 06:56:28,442[0;39m [32m[INFO][0;39m org.springframework.data.repository.config.RepositoryConfigurationDelegate main [32mBootstrapping Spring Data JDBC repositories in DEFAULT mode.
[0;39m[31m2024-03-29 06:56:28,473[0;39m [32m[INFO][0;39m org.springframework.data.repository.config.RepositoryConfigurationDelegate main [32mFinished Spring Data repository scanning in 17 ms. Found 0 JDBC repository interfaces.
[0;39m[31m2024-03-29 06:56:29,338[0;39m [32m[INFO][0;39m org.springframework.context.support.PostProcessorRegistrationDelegate$BeanPostProcessorChecker main [32mBean 'soapServiceConfig' of type [task.soapxsd.soapxssd.config.SoapServiceConfig$$EnhancerBySpringCGLIB$$e884e33d] is not eligible for getting processed by all BeanPostProcessors (for example: not eligible for auto-proxying)
[0;39m[31m2024-03-29 06:56:29,338[0;39m [32m[INFO][0;39m org.springframework.context.support.PostProcessorRegistrationDelegate$BeanPostProcessorChecker main [32mBean 'org.springframework.ws.config.annotation.DelegatingWsConfiguration' of type [org.springframework.ws.config.annotation.DelegatingWsConfiguration$$EnhancerBySpringCGLIB$$a3d5ca99] is not eligible for getting processed by all BeanPostProcessors (for example: not eligible for auto-proxying)
[0;39m[31m2024-03-29 06:56:29,448[0;39m [32m[INFO][0;39m org.springframework.ws.soap.addressing.server.AnnotationActionEndpointMapping main [32mSupporting [WS-Addressing August 2004, WS-Addressing 1.0]
[0;39m[31m2024-03-29 06:56:31,340[0;39m [32m[INFO][0;39m com.zaxxer.hikari.HikariDataSource main [32mHikariPool-1 - Starting...
[0;39m[31m2024-03-29 06:56:31,354[0;39m [32m[WARN][0;39m com.zaxxer.hikari.util.DriverDataSource main [32mRegistered driver with driverClassName=oracle.jdbc.driver.OracleDriver was not found, trying direct instantiation.
[0;39m[31m2024-03-29 06:56:31,875[0;39m [32m[INFO][0;39m com.zaxxer.hikari.pool.PoolBase main [32mHikariPool-1 - Driver does not support get/set network timeout for connections. (oracle.jdbc.driver.T4CConnection.getNetworkTimeout()I)
[0;39m[31m2024-03-29 06:56:31,882[0;39m [32m[INFO][0;39m com.zaxxer.hikari.HikariDataSource main [32mHikariPool-1 - Start completed.
[0;39m[31m2024-03-29 06:56:32,205[0;39m [32m[INFO][0;39m task.soapxsd.soapxssd.SoapEndpointTesting main [32mStarted SoapEndpointTesting in 5.234 seconds (JVM running for 6.967)
[0;39m[31m2024-03-29 06:56:32,443[0;39m [32m[INFO][0;39m com.zaxxer.hikari.HikariDataSource SpringApplicationShutdownHook [32mHikariPool-1 - Shutdown initiated...
[0;39m[31m2024-03-29 06:56:32,460[0;39m [32m[INFO][0;39m com.zaxxer.hikari.HikariDataSource SpringApplicationShutdownHook [32mHikariPool-1 - Shutdown completed.
[0;39m[31m2024-03-29 06:57:28,616[0;39m [32m[INFO][0;39m task.soapxsd.soapxssd.SoapEndpointTesting main [32mStarting SoapEndpointTesting using Java 1.8.0_292 on WPF45DE1T with PID 14056 (started by xxshetts in C:\Users\xxshetts\OneDrive - Tietoevry\Desktop\DLTE-JavaFullStack-ShreyasShettyB2024\DLTE-Spring\Tasks\DLTE-Spring-1151)
[0;39m[31m2024-03-29 06:57:28,616[0;39m [32m[INFO][0;39m task.soapxsd.soapxssd.SoapEndpointTesting main [32mNo active profile set, falling back to 1 default profile: "default"
[0;39m[31m2024-03-29 06:57:29,502[0;39m [32m[INFO][0;39m org.springframework.data.repository.config.RepositoryConfigurationDelegate main [32mBootstrapping Spring Data JDBC repositories in DEFAULT mode.
[0;39m[31m2024-03-29 06:57:29,533[0;39m [32m[INFO][0;39m org.springframework.data.repository.config.RepositoryConfigurationDelegate main [32mFinished Spring Data repository scanning in 19 ms. Found 0 JDBC repository interfaces.
[0;39m[31m2024-03-29 06:57:30,633[0;39m [32m[INFO][0;39m org.springframework.context.support.PostProcessorRegistrationDelegate$BeanPostProcessorChecker main [32mBean 'soapServiceConfig' of type [task.soapxsd.soapxssd.config.SoapServiceConfig$$EnhancerBySpringCGLIB$$2b4cfada] is not eligible for getting processed by all BeanPostProcessors (for example: not eligible for auto-proxying)
[0;39m[31m2024-03-29 06:57:30,636[0;39m [32m[INFO][0;39m org.springframework.context.support.PostProcessorRegistrationDelegate$BeanPostProcessorChecker main [32mBean 'org.springframework.ws.config.annotation.DelegatingWsConfiguration' of type [org.springframework.ws.config.annotation.DelegatingWsConfiguration$$EnhancerBySpringCGLIB$$e69de236] is not eligible for getting processed by all BeanPostProcessors (for example: not eligible for auto-proxying)
[0;39m[31m2024-03-29 06:57:30,777[0;39m [32m[INFO][0;39m org.springframework.ws.soap.addressing.server.AnnotationActionEndpointMapping main [32mSupporting [WS-Addressing August 2004, WS-Addressing 1.0]
[0;39m[31m2024-03-29 06:57:32,843[0;39m [32m[INFO][0;39m com.zaxxer.hikari.HikariDataSource main [32mHikariPool-1 - Starting...
[0;39m[31m2024-03-29 06:57:32,843[0;39m [32m[WARN][0;39m com.zaxxer.hikari.util.DriverDataSource main [32mRegistered driver with driverClassName=oracle.jdbc.driver.OracleDriver was not found, trying direct instantiation.
[0;39m[31m2024-03-29 06:57:33,410[0;39m [32m[INFO][0;39m com.zaxxer.hikari.pool.PoolBase main [32mHikariPool-1 - Driver does not support get/set network timeout for connections. (oracle.jdbc.driver.T4CConnection.getNetworkTimeout()I)
[0;39m[31m2024-03-29 06:57:33,425[0;39m [32m[INFO][0;39m com.zaxxer.hikari.HikariDataSource main [32mHikariPool-1 - Start completed.
[0;39m[31m2024-03-29 06:57:33,740[0;39m [32m[INFO][0;39m task.soapxsd.soapxssd.SoapEndpointTesting main [32mStarted SoapEndpointTesting in 5.798 seconds (JVM running for 7.632)
[0;39m[31m2024-03-29 06:57:33,993[0;39m [32m[INFO][0;39m com.zaxxer.hikari.HikariDataSource SpringApplicationShutdownHook [32mHikariPool-1 - Shutdown initiated...
[0;39m[31m2024-03-29 06:57:34,015[0;39m [32m[INFO][0;39m com.zaxxer.hikari.HikariDataSource SpringApplicationShutdownHook [32mHikariPool-1 - Shutdown completed.
[0;39m[31m2024-03-29 06:58:34,523[0;39m [32m[INFO][0;39m task.soapxsd.soapxssd.SoapEndpointTesting main [32mStarting SoapEndpointTesting using Java 1.8.0_292 on WPF45DE1T with PID 13496 (started by xxshetts in C:\Users\xxshetts\OneDrive - Tietoevry\Desktop\DLTE-JavaFullStack-ShreyasShettyB2024\DLTE-Spring\Tasks\DLTE-Spring-1151)
[0;39m[31m2024-03-29 06:58:34,523[0;39m [32m[INFO][0;39m task.soapxsd.soapxssd.SoapEndpointTesting main [32mNo active profile set, falling back to 1 default profile: "default"
[0;39m[31m2024-03-29 06:58:35,387[0;39m [32m[INFO][0;39m org.springframework.data.repository.config.RepositoryConfigurationDelegate main [32mBootstrapping Spring Data JDBC repositories in DEFAULT mode.
[0;39m[31m2024-03-29 06:58:35,419[0;39m [32m[INFO][0;39m org.springframework.data.repository.config.RepositoryConfigurationDelegate main [32mFinished Spring Data repository scanning in 29 ms. Found 0 JDBC repository interfaces.
[0;39m[31m2024-03-29 06:58:36,378[0;39m [32m[INFO][0;39m org.springframework.context.support.PostProcessorRegistrationDelegate$BeanPostProcessorChecker main [32mBean 'soapServiceConfig' of type [task.soapxsd.soapxssd.config.SoapServiceConfig$$EnhancerBySpringCGLIB$$81b46786] is not eligible for getting processed by all BeanPostProcessors (for example: not eligible for auto-proxying)
[0;39m[31m2024-03-29 06:58:36,378[0;39m [32m[INFO][0;39m org.springframework.context.support.PostProcessorRegistrationDelegate$BeanPostProcessorChecker main [32mBean 'org.springframework.ws.config.annotation.DelegatingWsConfiguration' of type [org.springframework.ws.config.annotation.DelegatingWsConfiguration$$EnhancerBySpringCGLIB$$3d054ee2] is not eligible for getting processed by all BeanPostProcessors (for example: not eligible for auto-proxying)
[0;39m[31m2024-03-29 06:58:36,496[0;39m [32m[INFO][0;39m org.springframework.ws.soap.addressing.server.AnnotationActionEndpointMapping main [32mSupporting [WS-Addressing August 2004, WS-Addressing 1.0]
[0;39m[31m2024-03-29 06:58:38,788[0;39m [32m[INFO][0;39m com.zaxxer.hikari.HikariDataSource main [32mHikariPool-1 - Starting...
[0;39m[31m2024-03-29 06:58:38,804[0;39m [32m[WARN][0;39m com.zaxxer.hikari.util.DriverDataSource main [32mRegistered driver with driverClassName=oracle.jdbc.driver.OracleDriver was not found, trying direct instantiation.
[0;39m[31m2024-03-29 06:58:39,541[0;39m [32m[INFO][0;39m com.zaxxer.hikari.pool.PoolBase main [32mHikariPool-1 - Driver does not support get/set network timeout for connections. (oracle.jdbc.driver.T4CConnection.getNetworkTimeout()I)
[0;39m[31m2024-03-29 06:58:39,555[0;39m [32m[INFO][0;39m com.zaxxer.hikari.HikariDataSource main [32mHikariPool-1 - Start completed.
[0;39m[31m2024-03-29 06:58:40,124[0;39m [32m[INFO][0;39m task.soapxsd.soapxssd.SoapEndpointTesting main [32mStarted SoapEndpointTesting in 6.272 seconds (JVM running for 8.063)
[0;39m[31m2024-03-29 06:58:40,475[0;39m [32m[INFO][0;39m com.zaxxer.hikari.HikariDataSource SpringApplicationShutdownHook [32mHikariPool-1 - Shutdown initiated...
[0;39m[31m2024-03-29 06:58:40,597[0;39m [32m[INFO][0;39m com.zaxxer.hikari.HikariDataSource SpringApplicationShutdownHook [32mHikariPool-1 - Shutdown completed.
[0;39m[31m2024-03-29 06:59:15,283[0;39m [32m[INFO][0;39m task.soapxsd.soapxssd.SoapEndpointTesting main [32mStarting SoapEndpointTesting using Java 1.8.0_292 on WPF45DE1T with PID 12812 (started by xxshetts in C:\Users\xxshetts\OneDrive - Tietoevry\Desktop\DLTE-JavaFullStack-ShreyasShettyB2024\DLTE-Spring\Tasks\DLTE-Spring-1151)
[0;39m[31m2024-03-29 06:59:15,283[0;39m [32m[INFO][0;39m task.soapxsd.soapxssd.SoapEndpointTesting main [32mNo active profile set, falling back to 1 default profile: "default"
[0;39m[31m2024-03-29 06:59:16,131[0;39m [32m[INFO][0;39m org.springframework.data.repository.config.RepositoryConfigurationDelegate main [32mBootstrapping Spring Data JDBC repositories in DEFAULT mode.
[0;39m[31m2024-03-29 06:59:16,169[0;39m [32m[INFO][0;39m org.springframework.data.repository.config.RepositoryConfigurationDelegate main [32mFinished Spring Data repository scanning in 19 ms. Found 0 JDBC repository interfaces.
[0;39m[31m2024-03-29 06:59:16,997[0;39m [32m[INFO][0;39m org.springframework.context.support.PostProcessorRegistrationDelegate$BeanPostProcessorChecker main [32mBean 'soapServiceConfig' of type [task.soapxsd.soapxssd.config.SoapServiceConfig$$EnhancerBySpringCGLIB$$86a9a236] is not eligible for getting processed by all BeanPostProcessors (for example: not eligible for auto-proxying)
[0;39m[31m2024-03-29 06:59:16,997[0;39m [32m[INFO][0;39m org.springframework.context.support.PostProcessorRegistrationDelegate$BeanPostProcessorChecker main [32mBean 'org.springframework.ws.config.annotation.DelegatingWsConfiguration' of type [org.springframework.ws.config.annotation.DelegatingWsConfiguration$$EnhancerBySpringCGLIB$$41fa8992] is not eligible for getting processed by all BeanPostProcessors (for example: not eligible for auto-proxying)
[0;39m[31m2024-03-29 06:59:17,092[0;39m [32m[INFO][0;39m org.springframework.ws.soap.addressing.server.AnnotationActionEndpointMapping main [32mSupporting [WS-Addressing August 2004, WS-Addressing 1.0]
[0;39m[31m2024-03-29 06:59:18,807[0;39m [32m[INFO][0;39m com.zaxxer.hikari.HikariDataSource main [32mHikariPool-1 - Starting...
[0;39m[31m2024-03-29 06:59:18,807[0;39m [32m[WARN][0;39m com.zaxxer.hikari.util.DriverDataSource main [32mRegistered driver with driverClassName=oracle.jdbc.driver.OracleDriver was not found, trying direct instantiation.
[0;39m[31m2024-03-29 06:59:19,407[0;39m [32m[INFO][0;39m com.zaxxer.hikari.pool.PoolBase main [32mHikariPool-1 - Driver does not support get/set network timeout for connections. (oracle.jdbc.driver.T4CConnection.getNetworkTimeout()I)
[0;39m[31m2024-03-29 06:59:19,407[0;39m [32m[INFO][0;39m com.zaxxer.hikari.HikariDataSource main [32mHikariPool-1 - Start completed.
[0;39m[31m2024-03-29 06:59:19,735[0;39m [32m[INFO][0;39m task.soapxsd.soapxssd.SoapEndpointTesting main [32mStarted SoapEndpointTesting in 5.108 seconds (JVM running for 6.955)
[0;39m[31m2024-03-29 06:59:19,972[0;39m [32m[INFO][0;39m com.zaxxer.hikari.HikariDataSource SpringApplicationShutdownHook [32mHikariPool-1 - Shutdown initiated...
[0;39m[31m2024-03-29 06:59:19,984[0;39m [32m[INFO][0;39m com.zaxxer.hikari.HikariDataSource SpringApplicationShutdownHook [32mHikariPool-1 - Shutdown completed.
[0;39m[31m2024-03-29 07:00:30,760[0;39m [32m[INFO][0;39m task.soapxsd.soapxssd.SoapEndpointTesting main [32mStarting SoapEndpointTesting using Java 1.8.0_292 on WPF45DE1T with PID 12000 (started by xxshetts in C:\Users\xxshetts\OneDrive - Tietoevry\Desktop\DLTE-JavaFullStack-ShreyasShettyB2024\DLTE-Spring\Tasks\DLTE-Spring-1151)
[0;39m[31m2024-03-29 07:00:30,760[0;39m [32m[INFO][0;39m task.soapxsd.soapxssd.SoapEndpointTesting main [32mNo active profile set, falling back to 1 default profile: "default"
[0;39m[31m2024-03-29 07:00:31,721[0;39m [32m[INFO][0;39m org.springframework.data.repository.config.RepositoryConfigurationDelegate main [32mBootstrapping Spring Data JDBC repositories in DEFAULT mode.
[0;39m[31m2024-03-29 07:00:31,736[0;39m [32m[INFO][0;39m org.springframework.data.repository.config.RepositoryConfigurationDelegate main [32mFinished Spring Data repository scanning in 17 ms. Found 0 JDBC repository interfaces.
[0;39m[31m2024-03-29 07:00:32,695[0;39m [32m[INFO][0;39m org.springframework.context.support.PostProcessorRegistrationDelegate$BeanPostProcessorChecker main [32mBean 'soapServiceConfig' of type [task.soapxsd.soapxssd.config.SoapServiceConfig$$EnhancerBySpringCGLIB$$2b4cfada] is not eligible for getting processed by all BeanPostProcessors (for example: not eligible for auto-proxying)
[0;39m[31m2024-03-29 07:00:32,695[0;39m [32m[INFO][0;39m org.springframework.context.support.PostProcessorRegistrationDelegate$BeanPostProcessorChecker main [32mBean 'org.springframework.ws.config.annotation.DelegatingWsConfiguration' of type [org.springframework.ws.config.annotation.DelegatingWsConfiguration$$EnhancerBySpringCGLIB$$e69de236] is not eligible for getting processed by all BeanPostProcessors (for example: not eligible for auto-proxying)
[0;39m[31m2024-03-29 07:00:32,789[0;39m [32m[INFO][0;39m org.springframework.ws.soap.addressing.server.AnnotationActionEndpointMapping main [32mSupporting [WS-Addressing August 2004, WS-Addressing 1.0]
[0;39m[31m2024-03-29 07:00:34,743[0;39m [32m[INFO][0;39m com.zaxxer.hikari.HikariDataSource main [32mHikariPool-1 - Starting...
[0;39m[31m2024-03-29 07:00:34,758[0;39m [32m[WARN][0;39m com.zaxxer.hikari.util.DriverDataSource main [32mRegistered driver with driverClassName=oracle.jdbc.driver.OracleDriver was not found, trying direct instantiation.
[0;39m[31m2024-03-29 07:00:35,262[0;39m [32m[INFO][0;39m com.zaxxer.hikari.pool.PoolBase main [32mHikariPool-1 - Driver does not support get/set network timeout for connections. (oracle.jdbc.driver.T4CConnection.getNetworkTimeout()I)
[0;39m[31m2024-03-29 07:00:35,262[0;39m [32m[INFO][0;39m com.zaxxer.hikari.HikariDataSource main [32mHikariPool-1 - Start completed.
[0;39m[31m2024-03-29 07:00:35,646[0;39m [32m[INFO][0;39m task.soapxsd.soapxssd.SoapEndpointTesting main [32mStarted SoapEndpointTesting in 5.634 seconds (JVM running for 7.6)
[0;39m[31m2024-03-29 07:00:35,910[0;39m [32m[INFO][0;39m com.zaxxer.hikari.HikariDataSource SpringApplicationShutdownHook [32mHikariPool-1 - Shutdown initiated...
[0;39m[31m2024-03-29 07:00:35,929[0;39m [32m[INFO][0;39m com.zaxxer.hikari.HikariDataSource SpringApplicationShutdownHook [32mHikariPool-1 - Shutdown completed.
[0;39m[31m2024-03-29 07:01:28,622[0;39m [32m[INFO][0;39m task.soapxsd.soapxssd.SoapEndpointTesting main [32mStarting SoapEndpointTesting using Java 1.8.0_292 on WPF45DE1T with PID 7824 (started by xxshetts in C:\Users\xxshetts\OneDrive - Tietoevry\Desktop\DLTE-JavaFullStack-ShreyasShettyB2024\DLTE-Spring\Tasks\DLTE-Spring-1151)
[0;39m[31m2024-03-29 07:01:28,622[0;39m [32m[INFO][0;39m task.soapxsd.soapxssd.SoapEndpointTesting main [32mNo active profile set, falling back to 1 default profile: "default"
[0;39m[31m2024-03-29 07:01:29,503[0;39m [32m[INFO][0;39m org.springframework.data.repository.config.RepositoryConfigurationDelegate main [32mBootstrapping Spring Data JDBC repositories in DEFAULT mode.
[0;39m[31m2024-03-29 07:01:29,534[0;39m [32m[INFO][0;39m org.springframework.data.repository.config.RepositoryConfigurationDelegate main [32mFinished Spring Data repository scanning in 20 ms. Found 0 JDBC repository interfaces.
[0;39m[31m2024-03-29 07:01:30,384[0;39m [32m[INFO][0;39m org.springframework.context.support.PostProcessorRegistrationDelegate$BeanPostProcessorChecker main [32mBean 'soapServiceConfig' of type [task.soapxsd.soapxssd.config.SoapServiceConfig$$EnhancerBySpringCGLIB$$2b4cfada] is not eligible for getting processed by all BeanPostProcessors (for example: not eligible for auto-proxying)
[0;39m[31m2024-03-29 07:01:30,384[0;39m [32m[INFO][0;39m org.springframework.context.support.PostProcessorRegistrationDelegate$BeanPostProcessorChecker main [32mBean 'org.springframework.ws.config.annotation.DelegatingWsConfiguration' of type [org.springframework.ws.config.annotation.DelegatingWsConfiguration$$EnhancerBySpringCGLIB$$e69de236] is not eligible for getting processed by all BeanPostProcessors (for example: not eligible for auto-proxying)
[0;39m[31m2024-03-29 07:01:30,494[0;39m [32m[INFO][0;39m org.springframework.ws.soap.addressing.server.AnnotationActionEndpointMapping main [32mSupporting [WS-Addressing August 2004, WS-Addressing 1.0]
[0;39m[31m2024-03-29 07:01:32,599[0;39m [32m[INFO][0;39m com.zaxxer.hikari.HikariDataSource main [32mHikariPool-1 - Starting...
[0;39m[31m2024-03-29 07:01:32,604[0;39m [32m[WARN][0;39m com.zaxxer.hikari.util.DriverDataSource main [32mRegistered driver with driverClassName=oracle.jdbc.driver.OracleDriver was not found, trying direct instantiation.
[0;39m[31m2024-03-29 07:01:33,186[0;39m [32m[INFO][0;39m com.zaxxer.hikari.pool.PoolBase main [32mHikariPool-1 - Driver does not support get/set network timeout for connections. (oracle.jdbc.driver.T4CConnection.getNetworkTimeout()I)
[0;39m[31m2024-03-29 07:01:33,186[0;39m [32m[INFO][0;39m com.zaxxer.hikari.HikariDataSource main [32mHikariPool-1 - Start completed.
[0;39m[31m2024-03-29 07:01:33,520[0;39m [32m[INFO][0;39m task.soapxsd.soapxssd.SoapEndpointTesting main [32mStarted SoapEndpointTesting in 5.542 seconds (JVM running for 7.445)
[0;39m[31m2024-03-29 07:01:33,722[0;39m [32m[INFO][0;39m com.zaxxer.hikari.HikariDataSource SpringApplicationShutdownHook [32mHikariPool-1 - Shutdown initiated...
[0;39m[31m2024-03-29 07:01:33,749[0;39m [32m[INFO][0;39m com.zaxxer.hikari.HikariDataSource SpringApplicationShutdownHook [32mHikariPool-1 - Shutdown completed.
[0;39m[31m2024-03-29 10:04:40,521[0;39m [32m[INFO][0;39m task.soapxsd.soapxssd.app.SoapXSDApplication restartedMain [32mStarting task.soapxsd.soapxssd.app.SoapXSDApplication using Java 1.8.0_292 on WPF45DE1T with PID 10140 (C:\Users\xxshetts\OneDrive - Tietoevry\Desktop\DLTE-JavaFullStack-ShreyasShettyB2024\DLTE-Spring\Tasks\DLTE-Spring-1151\target\classes started by xxshetts in C:\Users\xxshetts\OneDrive - Tietoevry\Desktop\DLTE-JavaFullStack-ShreyasShettyB2024\DLTE-Spring\Tasks\DLTE-Spring-1151)
[0;39m[31m2024-03-29 10:04:40,537[0;39m [32m[INFO][0;39m task.soapxsd.soapxssd.app.SoapXSDApplication restartedMain [32mNo active profile set, falling back to 1 default profile: "default"
[0;39m[31m2024-03-29 10:04:40,616[0;39m [32m[INFO][0;39m org.springframework.boot.devtools.restart.ChangeableUrls restartedMain [32mThe Class-Path manifest attribute in C:\Users\xxshetts\.m2\repository\com\oracle\database\security\oraclepki\21.5.0.0\oraclepki-21.5.0.0.jar referenced one or more files that do not exist: file:/C:/Users/xxshetts/.m2/repository/com/oracle/database/security/oraclepki/21.5.0.0/osdt_core.jar,file:/C:/Users/xxshetts/.m2/repository/com/oracle/database/security/oraclepki/21.5.0.0/osdt_cert.jar,file:/C:/Users/xxshetts/.m2/repository/com/oracle/database/security/oraclepki/oracle.osdt/osdt_core.jar,file:/C:/Users/xxshetts/.m2/repository/com/oracle/database/security/oraclepki/oracle.osdt/osdt_cert.jar
[0;39m[31m2024-03-29 10:04:40,616[0;39m [32m[INFO][0;39m org.springframework.boot.devtools.env.DevToolsPropertyDefaultsPostProcessor restartedMain [32mDevtools property defaults active! Set 'spring.devtools.add-properties' to 'false' to disable
[0;39m[31m2024-03-29 10:04:40,616[0;39m [32m[INFO][0;39m org.springframework.boot.devtools.env.DevToolsPropertyDefaultsPostProcessor restartedMain [32mFor additional web related logging consider setting the 'logging.level.web' property to 'DEBUG'
[0;39m[31m2024-03-29 10:04:40,663[0;39m [32m[WARN][0;39m org.springframework.boot.context.ConfigurationWarningsApplicationContextInitializer restartedMain [32m

** WARNING ** : Your ApplicationContext is unlikely to start due to a @ComponentScan of the default package.


[0;39m[31m2024-03-29 10:04:48,038[0;39m [32m[WARN][0;39m org.springframework.boot.web.servlet.context.AnnotationConfigServletWebServerApplicationContext restartedMain [32mException encountered during context initialization - cancelling refresh attempt: org.springframework.beans.factory.BeanDefinitionStoreException: Failed to read candidate component class: URL [jar:file:/C:/Users/xxshetts/.m2/repository/org/springframework/boot/spring-boot-autoconfigure/2.7.10/spring-boot-autoconfigure-2.7.10.jar!/org/springframework/boot/autoconfigure/r2dbc/ConnectionFactoryConfigurations$PoolConfiguration.class]; nested exception is java.lang.IllegalStateException: Could not evaluate condition on org.springframework.boot.autoconfigure.r2dbc.ConnectionFactoryConfigurations$PoolConfiguration due to io/r2dbc/spi/ValidationDepth not found. Make sure your own configuration does not rely on that class. This can also happen if you are @ComponentScanning a springframework package (e.g. if you put a @ComponentScan in the default package by mistake)
[0;39m[31m2024-03-29 10:04:48,054[0;39m [32m[INFO][0;39m org.springframework.boot.autoconfigure.logging.ConditionEvaluationReportLoggingListener restartedMain [32m

Error starting ApplicationContext. To display the conditions report re-run your application with 'debug' enabled.
[0;39m[31m2024-03-29 10:04:48,085[0;39m [32m[ERROR][0;39m org.springframework.boot.SpringApplication restartedMain [32mApplication run failed
[0;39morg.springframework.beans.factory.BeanDefinitionStoreException: Failed to read candidate component class: URL [jar:file:/C:/Users/xxshetts/.m2/repository/org/springframework/boot/spring-boot-autoconfigure/2.7.10/spring-boot-autoconfigure-2.7.10.jar!/org/springframework/boot/autoconfigure/r2dbc/ConnectionFactoryConfigurations$PoolConfiguration.class]; nested exception is java.lang.IllegalStateException: Could not evaluate condition on org.springframework.boot.autoconfigure.r2dbc.ConnectionFactoryConfigurations$PoolConfiguration due to io/r2dbc/spi/ValidationDepth not found. Make sure your own configuration does not rely on that class. This can also happen if you are @ComponentScanning a springframework package (e.g. if you put a @ComponentScan in the default package by mistake)
	at org.springframework.context.annotation.ClassPathScanningCandidateComponentProvider.scanCandidateComponents(ClassPathScanningCandidateComponentProvider.java:457)
	at org.springframework.context.annotation.ClassPathScanningCandidateComponentProvider.findCandidateComponents(ClassPathScanningCandidateComponentProvider.java:316)
	at org.springframework.context.annotation.ClassPathBeanDefinitionScanner.doScan(ClassPathBeanDefinitionScanner.java:276)
	at org.springframework.context.annotation.ComponentScanAnnotationParser.parse(ComponentScanAnnotationParser.java:128)
	at org.springframework.context.annotation.ConfigurationClassParser.doProcessConfigurationClass(ConfigurationClassParser.java:295)
	at org.springframework.context.annotation.ConfigurationClassParser.processConfigurationClass(ConfigurationClassParser.java:249)
	at org.springframework.context.annotation.ConfigurationClassParser.parse(ConfigurationClassParser.java:206)
	at org.springframework.context.annotation.ConfigurationClassParser.parse(ConfigurationClassParser.java:174)
	at org.springframework.context.annotation.ConfigurationClassPostProcessor.processConfigBeanDefinitions(ConfigurationClassPostProcessor.java:331)
	at org.springframework.context.annotation.ConfigurationClassPostProcessor.postProcessBeanDefinitionRegistry(ConfigurationClassPostProcessor.java:247)
	at org.springframework.context.support.PostProcessorRegistrationDelegate.invokeBeanDefinitionRegistryPostProcessors(PostProcessorRegistrationDelegate.java:311)
	at org.springframework.context.support.PostProcessorRegistrationDelegate.invokeBeanFactoryPostProcessors(PostProcessorRegistrationDelegate.java:112)
	at org.springframework.context.support.AbstractApplicationContext.invokeBeanFactoryPostProcessors(AbstractApplicationContext.java:748)
	at org.springframework.context.support.AbstractApplicationContext.refresh(AbstractApplicationContext.java:564)
	at org.springframework.boot.web.servlet.context.ServletWebServerApplicationContext.refresh(ServletWebServerApplicationContext.java:147)
	at org.springframework.boot.SpringApplication.refresh(SpringApplication.java:731)
	at org.springframework.boot.SpringApplication.refreshContext(SpringApplication.java:408)
	at org.springframework.boot.SpringApplication.run(SpringApplication.java:307)
	at org.springframework.boot.SpringApplication.run(SpringApplication.java:1303)
	at org.springframework.boot.SpringApplication.run(SpringApplication.java:1292)
	at task.soapxsd.soapxssd.app.SoapXSDApplication.main(task.soapxsd.soapxssd.app.SoapXSDApplication.java:9)
	at sun.reflect.NativeMethodAccessorImpl.invoke0(Native Method)
	at sun.reflect.NativeMethodAccessorImpl.invoke(NativeMethodAccessorImpl.java:62)
	at sun.reflect.DelegatingMethodAccessorImpl.invoke(DelegatingMethodAccessorImpl.java:43)
	at java.lang.reflect.Method.invoke(Method.java:498)
	at org.springframework.boot.devtools.restart.RestartLauncher.run(RestartLauncher.java:49)
Caused by: java.lang.IllegalStateException: Could not evaluate condition on org.springframework.boot.autoconfigure.r2dbc.ConnectionFactoryConfigurations$PoolConfiguration due to io/r2dbc/spi/ValidationDepth not found. Make sure your own configuration does not rely on that class. This can also happen if you are @ComponentScanning a springframework package (e.g. if you put a @ComponentScan in the default package by mistake)
	at org.springframework.boot.autoconfigure.condition.SpringBootCondition.matches(SpringBootCondition.java:54)
	at org.springframework.context.annotation.ConditionEvaluator.shouldSkip(ConditionEvaluator.java:108)
	at org.springframework.context.annotation.ConditionEvaluator.shouldSkip(ConditionEvaluator.java:88)
	at org.springframework.context.annotation.ConditionEvaluator.shouldSkip(ConditionEvaluator.java:71)
	at org.springframework.context.annotation.ClassPathScanningCandidateComponentProvider.isConditionMatch(ClassPathScanningCandidateComponentProvider.java:512)
	at org.springframework.context.annotation.ClassPathScanningCandidateComponentProvider.isCandidateComponent(ClassPathScanningCandidateComponentProvider.java:495)
	at org.springframework.context.annotation.ClassPathScanningCandidateComponentProvider.scanCandidateComponents(ClassPathScanningCandidateComponentProvider.java:430)
	... 25 common frames omitted
Caused by: java.lang.NoClassDefFoundError: io/r2dbc/spi/ValidationDepth
	at java.lang.Class.getDeclaredMethods0(Native Method)
	at java.lang.Class.privateGetDeclaredMethods(Class.java:2701)
	at java.lang.Class.getDeclaredMethods(Class.java:1975)
	at org.springframework.boot.context.properties.bind.JavaBeanBinder$Bean.getDeclaredMethods(JavaBeanBinder.java:143)
	at org.springframework.boot.context.properties.bind.JavaBeanBinder$Bean.getSorted(JavaBeanBinder.java:152)
	at org.springframework.boot.context.properties.bind.JavaBeanBinder$Bean.addProperties(JavaBeanBinder.java:135)
	at org.springframework.boot.context.properties.bind.JavaBeanBinder$Bean.<init>(JavaBeanBinder.java:130)
	at org.springframework.boot.context.properties.bind.JavaBeanBinder$Bean.get(JavaBeanBinder.java:238)
	at org.springframework.boot.context.properties.bind.JavaBeanBinder.bind(JavaBeanBinder.java:57)
	at org.springframework.boot.context.properties.bind.Binder.lambda$bindDataObject$5(Binder.java:476)
	at org.springframework.boot.context.properties.bind.Binder$Context.withIncreasedDepth(Binder.java:590)
	at org.springframework.boot.context.properties.bind.Binder$Context.withDataObject(Binder.java:576)
	at org.springframework.boot.context.properties.bind.Binder$Context.access$300(Binder.java:537)
	at org.springframework.boot.context.properties.bind.Binder.bindDataObject(Binder.java:474)
	at org.springframework.boot.context.properties.bind.Binder.bindObject(Binder.java:414)
	at org.springframework.boot.context.properties.bind.Binder.bind(Binder.java:343)
	at org.springframework.boot.context.properties.bind.Binder.bind(Binder.java:332)
	at org.springframework.boot.context.properties.bind.Binder.bind(Binder.java:262)
	at org.springframework.boot.context.properties.bind.Binder.bind(Binder.java:223)
	at org.springframework.boot.autoconfigure.r2dbc.ConnectionFactoryConfigurations$PooledConnectionFactoryCondition.getMatchOutcome(ConnectionFactoryConfigurations.java:140)
	at org.springframework.boot.autoconfigure.condition.SpringBootCondition.matches(SpringBootCondition.java:47)
	... 31 common frames omitted
Caused by: java.lang.ClassNotFoundException: io.r2dbc.spi.ValidationDepth
	at java.net.URLClassLoader.findClass(URLClassLoader.java:382)
	at java.lang.ClassLoader.loadClass(ClassLoader.java:418)
	at sun.misc.Launcher$AppClassLoader.loadClass(Launcher.java:352)
	at java.lang.ClassLoader.loadClass(ClassLoader.java:351)
	... 52 common frames omitted
[31m2024-03-29 10:05:55,051[0;39m [32m[INFO][0;39m task.soapxsd.soapxssd.app.SoapXSDApplication restartedMain [32mStarting SoapXSDApplication using Java 1.8.0_292 on WPF45DE1T with PID 5436 (C:\Users\xxshetts\OneDrive - Tietoevry\Desktop\DLTE-JavaFullStack-ShreyasShettyB2024\DLTE-Spring\Tasks\DLTE-Spring-1151\target\classes started by xxshetts in C:\Users\xxshetts\OneDrive - Tietoevry\Desktop\DLTE-JavaFullStack-ShreyasShettyB2024\DLTE-Spring\Tasks\DLTE-Spring-1151)
[0;39m[31m2024-03-29 10:05:55,051[0;39m [32m[INFO][0;39m task.soapxsd.soapxssd.app.SoapXSDApplication restartedMain [32mNo active profile set, falling back to 1 default profile: "default"
[0;39m[31m2024-03-29 10:05:55,145[0;39m [32m[INFO][0;39m org.springframework.boot.devtools.restart.ChangeableUrls restartedMain [32mThe Class-Path manifest attribute in C:\Users\xxshetts\.m2\repository\com\oracle\database\security\oraclepki\21.5.0.0\oraclepki-21.5.0.0.jar referenced one or more files that do not exist: file:/C:/Users/xxshetts/.m2/repository/com/oracle/database/security/oraclepki/21.5.0.0/osdt_core.jar,file:/C:/Users/xxshetts/.m2/repository/com/oracle/database/security/oraclepki/21.5.0.0/osdt_cert.jar,file:/C:/Users/xxshetts/.m2/repository/com/oracle/database/security/oraclepki/oracle.osdt/osdt_core.jar,file:/C:/Users/xxshetts/.m2/repository/com/oracle/database/security/oraclepki/oracle.osdt/osdt_cert.jar
[0;39m[31m2024-03-29 10:05:55,145[0;39m [32m[INFO][0;39m org.springframework.boot.devtools.env.DevToolsPropertyDefaultsPostProcessor restartedMain [32mDevtools property defaults active! Set 'spring.devtools.add-properties' to 'false' to disable
[0;39m[31m2024-03-29 10:05:55,145[0;39m [32m[INFO][0;39m org.springframework.boot.devtools.env.DevToolsPropertyDefaultsPostProcessor restartedMain [32mFor additional web related logging consider setting the 'logging.level.web' property to 'DEBUG'
[0;39m[31m2024-03-29 10:05:56,567[0;39m [32m[INFO][0;39m org.springframework.data.repository.config.RepositoryConfigurationDelegate restartedMain [32mBootstrapping Spring Data JDBC repositories in DEFAULT mode.
[0;39m[31m2024-03-29 10:05:56,582[0;39m [32m[INFO][0;39m org.springframework.data.repository.config.RepositoryConfigurationDelegate restartedMain [32mFinished Spring Data repository scanning in 13 ms. Found 0 JDBC repository interfaces.
[0;39m[31m2024-03-29 10:05:56,898[0;39m [32m[INFO][0;39m org.springframework.context.support.PostProcessorRegistrationDelegate$BeanPostProcessorChecker restartedMain [32mBean 'soapServiceConfig' of type [task.soapxsd.soapxssd.config.SoapServiceConfig$$EnhancerBySpringCGLIB$$f3f1132] is not eligible for getting processed by all BeanPostProcessors (for example: not eligible for auto-proxying)
[0;39m[31m2024-03-29 10:05:56,898[0;39m [32m[INFO][0;39m org.springframework.context.support.PostProcessorRegistrationDelegate$BeanPostProcessorChecker restartedMain [32mBean 'org.springframework.ws.config.annotation.DelegatingWsConfiguration' of type [org.springframework.ws.config.annotation.DelegatingWsConfiguration$$EnhancerBySpringCGLIB$$ca8ff88e] is not eligible for getting processed by all BeanPostProcessors (for example: not eligible for auto-proxying)
[0;39m[31m2024-03-29 10:05:57,010[0;39m [32m[INFO][0;39m org.springframework.ws.soap.addressing.server.AnnotationActionEndpointMapping restartedMain [32mSupporting [WS-Addressing August 2004, WS-Addressing 1.0]
[0;39m[31m2024-03-29 10:05:57,545[0;39m [32m[INFO][0;39m org.springframework.boot.web.embedded.tomcat.TomcatWebServer restartedMain [32mTomcat initialized with port(s): 8089 (http)
[0;39m[31m2024-03-29 10:05:57,545[0;39m [32m[INFO][0;39m org.apache.catalina.core.StandardService restartedMain [32mStarting service [Tomcat]
[0;39m[31m2024-03-29 10:05:57,545[0;39m [32m[INFO][0;39m org.apache.catalina.core.StandardEngine restartedMain [32mStarting Servlet engine: [Apache Tomcat/9.0.73]
[0;39m[31m2024-03-29 10:05:57,703[0;39m [32m[INFO][0;39m org.apache.catalina.core.ContainerBase.[Tomcat].[localhost].[/] restartedMain [32mInitializing Spring embedded WebApplicationContext
[0;39m[31m2024-03-29 10:05:57,703[0;39m [32m[INFO][0;39m org.springframework.boot.web.servlet.context.ServletWebServerApplicationContext restartedMain [32mRoot WebApplicationContext: initialization completed in 2558 ms
[0;39m[31m2024-03-29 10:05:58,632[0;39m [32m[INFO][0;39m com.zaxxer.hikari.HikariDataSource restartedMain [32mHikariPool-1 - Starting...
[0;39m[31m2024-03-29 10:05:58,632[0;39m [32m[WARN][0;39m com.zaxxer.hikari.util.DriverDataSource restartedMain [32mRegistered driver with driverClassName=oracle.jdbc.driver.OracleDriver was not found, trying direct instantiation.
[0;39m[31m2024-03-29 10:05:58,891[0;39m [32m[INFO][0;39m com.zaxxer.hikari.pool.PoolBase restartedMain [32mHikariPool-1 - Driver does not support get/set network timeout for connections. (oracle.jdbc.driver.T4CConnection.getNetworkTimeout()I)
[0;39m[31m2024-03-29 10:05:58,891[0;39m [32m[INFO][0;39m com.zaxxer.hikari.HikariDataSource restartedMain [32mHikariPool-1 - Start completed.
[0;39m[31m2024-03-29 10:05:59,011[0;39m [32m[INFO][0;39m org.springframework.boot.devtools.autoconfigure.OptionalLiveReloadServer restartedMain [32mLiveReload server is running on port 35729
[0;39m[31m2024-03-29 10:05:59,059[0;39m [32m[INFO][0;39m org.springframework.boot.web.embedded.tomcat.TomcatWebServer restartedMain [32mTomcat started on port(s): 8089 (http) with context path ''
[0;39m[31m2024-03-29 10:05:59,074[0;39m [32m[INFO][0;39m task.soapxsd.soapxssd.app.SoapXSDApplication restartedMain [32mStarted SoapXSDApplication in 4.658 seconds (JVM running for 5.951)
[0;39m[31m2024-03-29 10:07:11,983[0;39m [32m[INFO][0;39m task.soapxsd.soapxssd.app.SoapXSDApplication restartedMain [32mStarting SoapXSDApplication using Java 1.8.0_292 on WPF45DE1T with PID 11176 (C:\Users\xxshetts\OneDrive - Tietoevry\Desktop\DLTE-JavaFullStack-ShreyasShettyB2024\DLTE-Spring\Tasks\DLTE-Spring-1151\target\classes started by xxshetts in C:\Users\xxshetts\OneDrive - Tietoevry\Desktop\DLTE-JavaFullStack-ShreyasShettyB2024\DLTE-Spring\Tasks\DLTE-Spring-1151)
[0;39m[31m2024-03-29 10:07:11,983[0;39m [32m[INFO][0;39m task.soapxsd.soapxssd.app.SoapXSDApplication restartedMain [32mNo active profile set, falling back to 1 default profile: "default"
[0;39m[31m2024-03-29 10:07:12,060[0;39m [32m[INFO][0;39m org.springframework.boot.devtools.restart.ChangeableUrls restartedMain [32mThe Class-Path manifest attribute in C:\Users\xxshetts\.m2\repository\com\oracle\database\security\oraclepki\21.5.0.0\oraclepki-21.5.0.0.jar referenced one or more files that do not exist: file:/C:/Users/xxshetts/.m2/repository/com/oracle/database/security/oraclepki/21.5.0.0/osdt_core.jar,file:/C:/Users/xxshetts/.m2/repository/com/oracle/database/security/oraclepki/21.5.0.0/osdt_cert.jar,file:/C:/Users/xxshetts/.m2/repository/com/oracle/database/security/oraclepki/oracle.osdt/osdt_core.jar,file:/C:/Users/xxshetts/.m2/repository/com/oracle/database/security/oraclepki/oracle.osdt/osdt_cert.jar
[0;39m[31m2024-03-29 10:07:12,060[0;39m [32m[INFO][0;39m org.springframework.boot.devtools.env.DevToolsPropertyDefaultsPostProcessor restartedMain [32mDevtools property defaults active! Set 'spring.devtools.add-properties' to 'false' to disable
[0;39m[31m2024-03-29 10:07:12,060[0;39m [32m[INFO][0;39m org.springframework.boot.devtools.env.DevToolsPropertyDefaultsPostProcessor restartedMain [32mFor additional web related logging consider setting the 'logging.level.web' property to 'DEBUG'
[0;39m[31m2024-03-29 10:07:12,848[0;39m [32m[INFO][0;39m org.springframework.data.repository.config.RepositoryConfigurationDelegate restartedMain [32mBootstrapping Spring Data JDBC repositories in DEFAULT mode.
[0;39m[31m2024-03-29 10:07:12,863[0;39m [32m[INFO][0;39m org.springframework.data.repository.config.RepositoryConfigurationDelegate restartedMain [32mFinished Spring Data repository scanning in 7 ms. Found 0 JDBC repository interfaces.
[0;39m[31m2024-03-29 10:07:13,211[0;39m [32m[INFO][0;39m org.springframework.context.support.PostProcessorRegistrationDelegate$BeanPostProcessorChecker restartedMain [32mBean 'org.springframework.ws.config.annotation.DelegatingWsConfiguration' of type [org.springframework.ws.config.annotation.DelegatingWsConfiguration$$EnhancerBySpringCGLIB$$f96f2c8b] is not eligible for getting processed by all BeanPostProcessors (for example: not eligible for auto-proxying)
[0;39m[31m2024-03-29 10:07:13,290[0;39m [32m[INFO][0;39m org.springframework.ws.soap.addressing.server.AnnotationActionEndpointMapping restartedMain [32mSupporting [WS-Addressing August 2004, WS-Addressing 1.0]
[0;39m[31m2024-03-29 10:07:13,637[0;39m [32m[INFO][0;39m org.springframework.boot.web.embedded.tomcat.TomcatWebServer restartedMain [32mTomcat initialized with port(s): 8089 (http)
[0;39m[31m2024-03-29 10:07:13,652[0;39m [32m[INFO][0;39m org.apache.catalina.core.StandardService restartedMain [32mStarting service [Tomcat]
[0;39m[31m2024-03-29 10:07:13,652[0;39m [32m[INFO][0;39m org.apache.catalina.core.StandardEngine restartedMain [32mStarting Servlet engine: [Apache Tomcat/9.0.73]
[0;39m[31m2024-03-29 10:07:13,800[0;39m [32m[INFO][0;39m org.apache.catalina.core.ContainerBase.[Tomcat].[localhost].[/] restartedMain [32mInitializing Spring embedded WebApplicationContext
[0;39m[31m2024-03-29 10:07:13,800[0;39m [32m[INFO][0;39m org.springframework.boot.web.servlet.context.ServletWebServerApplicationContext restartedMain [32mRoot WebApplicationContext: initialization completed in 1740 ms
[0;39m[31m2024-03-29 10:07:14,267[0;39m [32m[INFO][0;39m com.zaxxer.hikari.HikariDataSource restartedMain [32mHikariPool-1 - Starting...
[0;39m[31m2024-03-29 10:07:14,346[0;39m [32m[WARN][0;39m com.zaxxer.hikari.util.DriverDataSource restartedMain [32mRegistered driver with driverClassName=oracle.jdbc.driver.OracleDriver was not found, trying direct instantiation.
[0;39m[31m2024-03-29 10:07:14,503[0;39m [32m[INFO][0;39m com.zaxxer.hikari.pool.PoolBase restartedMain [32mHikariPool-1 - Driver does not support get/set network timeout for connections. (oracle.jdbc.driver.T4CConnection.getNetworkTimeout()I)
[0;39m[31m2024-03-29 10:07:14,503[0;39m [32m[INFO][0;39m com.zaxxer.hikari.HikariDataSource restartedMain [32mHikariPool-1 - Start completed.
[0;39m[31m2024-03-29 10:07:14,726[0;39m [32m[INFO][0;39m org.springframework.boot.devtools.autoconfigure.OptionalLiveReloadServer restartedMain [32mLiveReload server is running on port 35729
[0;39m[31m2024-03-29 10:07:14,770[0;39m [32m[INFO][0;39m org.springframework.boot.web.embedded.tomcat.TomcatWebServer restartedMain [32mTomcat started on port(s): 8089 (http) with context path ''
[0;39m[31m2024-03-29 10:07:14,788[0;39m [32m[INFO][0;39m task.soapxsd.soapxssd.app.SoapXSDApplication restartedMain [32mStarted SoapXSDApplication in 3.35 seconds (JVM running for 4.529)
[0;39m