[31m2024-03-22 07:46:54,439[0;39m [32m[INFO][0;39m task.jdbctemplate.demo.DemoApplication restartedMain [32mStarting DemoApplication using Java 1.8.0_292 on WPF45DE1T with PID 15928 (C:\Users\xxshetts\OneDrive - Tietoevry\Desktop\DLTE-JavaFullStack-ShreyasShettyB2024\DLTE-Spring\Tasks\DLTE-Spring-1101\target\classes started by xxshetts in C:\Users\xxshetts\OneDrive - Tietoevry\Desktop\DLTE-JavaFullStack-ShreyasShettyB2024\DLTE-Spring\Tasks\DLTE-Spring-1101)
[0;39m[31m2024-03-22 07:46:54,439[0;39m [32m[INFO][0;39m task.jdbctemplate.demo.DemoApplication restartedMain [32mNo active profile set, falling back to 1 default profile: "default"
[0;39m[31m2024-03-22 07:46:54,488[0;39m [32m[INFO][0;39m org.springframework.boot.devtools.restart.ChangeableUrls restartedMain [32mThe Class-Path manifest attribute in C:\Users\xxshetts\.m2\repository\com\oracle\database\security\oraclepki\21.5.0.0\oraclepki-21.5.0.0.jar referenced one or more files that do not exist: file:/C:/Users/xxshetts/.m2/repository/com/oracle/database/security/oraclepki/21.5.0.0/osdt_core.jar,file:/C:/Users/xxshetts/.m2/repository/com/oracle/database/security/oraclepki/21.5.0.0/osdt_cert.jar,file:/C:/Users/xxshetts/.m2/repository/com/oracle/database/security/oraclepki/oracle.osdt/osdt_core.jar,file:/C:/Users/xxshetts/.m2/repository/com/oracle/database/security/oraclepki/oracle.osdt/osdt_cert.jar
[0;39m[31m2024-03-22 07:46:54,488[0;39m [32m[INFO][0;39m org.springframework.boot.devtools.env.DevToolsPropertyDefaultsPostProcessor restartedMain [32mDevtools property defaults active! Set 'spring.devtools.add-properties' to 'false' to disable
[0;39m[31m2024-03-22 07:46:54,488[0;39m [32m[INFO][0;39m org.springframework.boot.devtools.env.DevToolsPropertyDefaultsPostProcessor restartedMain [32mFor additional web related logging consider setting the 'logging.level.web' property to 'DEBUG'
[0;39m[31m2024-03-22 07:46:54,997[0;39m [32m[INFO][0;39m org.springframework.data.repository.config.RepositoryConfigurationDelegate restartedMain [32mMultiple Spring Data modules found, entering strict repository configuration mode
[0;39m[31m2024-03-22 07:46:54,997[0;39m [32m[INFO][0;39m org.springframework.data.repository.config.RepositoryConfigurationDelegate restartedMain [32mBootstrapping Spring Data JDBC repositories in DEFAULT mode.
[0;39m[31m2024-03-22 07:46:55,006[0;39m [32m[INFO][0;39m org.springframework.data.repository.config.RepositoryConfigurationDelegate restartedMain [32mFinished Spring Data repository scanning in 5 ms. Found 0 JDBC repository interfaces.
[0;39m[31m2024-03-22 07:46:55,006[0;39m [32m[INFO][0;39m org.springframework.data.repository.config.RepositoryConfigurationDelegate restartedMain [32mMultiple Spring Data modules found, entering strict repository configuration mode
[0;39m[31m2024-03-22 07:46:55,006[0;39m [32m[INFO][0;39m org.springframework.data.repository.config.RepositoryConfigurationDelegate restartedMain [32mBootstrapping Spring Data JPA repositories in DEFAULT mode.
[0;39m[31m2024-03-22 07:46:55,022[0;39m [32m[INFO][0;39m org.springframework.data.repository.config.RepositoryConfigurationDelegate restartedMain [32mFinished Spring Data repository scanning in 2 ms. Found 0 JPA repository interfaces.
[0;39m[31m2024-03-22 07:46:55,446[0;39m [32m[INFO][0;39m org.springframework.boot.web.embedded.tomcat.TomcatWebServer restartedMain [32mTomcat initialized with port(s): 8082 (http)
[0;39m[31m2024-03-22 07:46:55,462[0;39m [32m[INFO][0;39m org.apache.catalina.core.StandardService restartedMain [32mStarting service [Tomcat]
[0;39m[31m2024-03-22 07:46:55,462[0;39m [32m[INFO][0;39m org.apache.catalina.core.StandardEngine restartedMain [32mStarting Servlet engine: [Apache Tomcat/9.0.73]
[0;39m[31m2024-03-22 07:46:55,604[0;39m [32m[INFO][0;39m org.apache.catalina.core.ContainerBase.[Tomcat].[localhost].[/] restartedMain [32mInitializing Spring embedded WebApplicationContext
[0;39m[31m2024-03-22 07:46:55,604[0;39m [32m[INFO][0;39m org.springframework.boot.web.servlet.context.ServletWebServerApplicationContext restartedMain [32mRoot WebApplicationContext: initialization completed in 1116 ms
[0;39m[31m2024-03-22 07:46:55,747[0;39m [32m[INFO][0;39m com.zaxxer.hikari.HikariDataSource restartedMain [32mHikariPool-1 - Starting...
[0;39m[31m2024-03-22 07:46:55,747[0;39m [32m[WARN][0;39m com.zaxxer.hikari.util.DriverDataSource restartedMain [32mRegistered driver with driverClassName=oracle.jdbc.driver.OracleDriver was not found, trying direct instantiation.
[0;39m[31m2024-03-22 07:46:55,840[0;39m [32m[INFO][0;39m com.zaxxer.hikari.pool.PoolBase restartedMain [32mHikariPool-1 - Driver does not support get/set network timeout for connections. (oracle.jdbc.driver.T4CConnection.getNetworkTimeout()I)
[0;39m[31m2024-03-22 07:46:55,840[0;39m [32m[INFO][0;39m com.zaxxer.hikari.HikariDataSource restartedMain [32mHikariPool-1 - Start completed.
[0;39m[31m2024-03-22 07:46:55,889[0;39m [32m[INFO][0;39m org.hibernate.jpa.internal.util.LogHelper restartedMain [32mHHH000204: Processing PersistenceUnitInfo [name: default]
[0;39m[31m2024-03-22 07:46:55,919[0;39m [32m[INFO][0;39m org.hibernate.Version restartedMain [32mHHH000412: Hibernate ORM core version 5.6.15.Final
[0;39m[31m2024-03-22 07:46:56,059[0;39m [32m[INFO][0;39m org.hibernate.annotations.common.Version restartedMain [32mHCANN000001: Hibernate Commons Annotations {5.1.2.Final}
[0;39m[31m2024-03-22 07:46:56,147[0;39m [32m[INFO][0;39m org.hibernate.dialect.Dialect restartedMain [32mHHH000400: Using dialect: org.hibernate.dialect.Oracle10gDialect
[0;39m[31m2024-03-22 07:46:56,263[0;39m [32m[INFO][0;39m org.hibernate.engine.transaction.jta.platform.internal.JtaPlatformInitiator restartedMain [32mHHH000490: Using JtaPlatform implementation: [org.hibernate.engine.transaction.jta.platform.internal.NoJtaPlatform]
[0;39m[31m2024-03-22 07:46:56,279[0;39m [32m[INFO][0;39m org.springframework.orm.jpa.LocalContainerEntityManagerFactoryBean restartedMain [32mInitialized JPA EntityManagerFactory for persistence unit 'default'
[0;39m[31m2024-03-22 07:46:56,311[0;39m [32m[WARN][0;39m org.springframework.boot.autoconfigure.orm.jpa.JpaBaseConfiguration$JpaWebConfiguration restartedMain [32mspring.jpa.open-in-view is enabled by default. Therefore, database queries may be performed during view rendering. Explicitly configure spring.jpa.open-in-view to disable this warning
[0;39m[31m2024-03-22 07:46:56,563[0;39m [32m[INFO][0;39m org.springframework.boot.devtools.autoconfigure.OptionalLiveReloadServer restartedMain [32mLiveReload server is running on port 35729
[0;39m[31m2024-03-22 07:46:56,595[0;39m [32m[INFO][0;39m org.springframework.boot.web.embedded.tomcat.TomcatWebServer restartedMain [32mTomcat started on port(s): 8082 (http) with context path ''
[0;39m[31m2024-03-22 07:46:56,610[0;39m [32m[INFO][0;39m task.jdbctemplate.demo.DemoApplication restartedMain [32mStarted DemoApplication in 2.551 seconds (JVM running for 3.738)
[0;39m[31m2024-03-22 07:47:56,346[0;39m [32m[INFO][0;39m org.apache.catalina.core.ContainerBase.[Tomcat].[localhost].[/] http-nio-8082-exec-1 [32mInitializing Spring DispatcherServlet 'dispatcherServlet'
[0;39m[31m2024-03-22 07:47:56,346[0;39m [32m[INFO][0;39m org.springframework.web.servlet.DispatcherServlet http-nio-8082-exec-1 [32mInitializing Servlet 'dispatcherServlet'
[0;39m[31m2024-03-22 07:47:56,346[0;39m [32m[INFO][0;39m org.springframework.web.servlet.DispatcherServlet http-nio-8082-exec-1 [32mCompleted initialization in 0 ms
[0;39m[31m2024-03-22 07:52:20,517[0;39m [32m[ERROR][0;39m task.jdbctemplate.demo.controller.TransactionController http-nio-8082-exec-8 [32mError occurred while saving transaction: PreparedStatementCallback; bad SQL grammar [INSERT INTO transaction_new (transaction_id, amount, received_by, remarks, sent_to, transaction_date ) VALUES (?, ?, ?, ?, ?, ?)]; nested exception is java.sql.SQLSyntaxErrorException: ORA-00942: table or view does not exist

[0;39m[31m2024-03-22 07:52:20,522[0;39m [32m[WARN][0;39m org.springframework.web.servlet.mvc.annotation.ResponseStatusExceptionResolver http-nio-8082-exec-8 [32mResolved [org.springframework.web.server.ResponseStatusException: 400 BAD_REQUEST "PreparedStatementCallback; bad SQL grammar [INSERT INTO transaction_new (transaction_id, amount, received_by, remarks, sent_to, transaction_date ) VALUES (?, ?, ?, ?, ?, ?)]; nested exception is java.sql.SQLSyntaxErrorException: ORA-00942: table or view does not exist<EOL>"; nested exception is org.springframework.jdbc.BadSqlGrammarException: PreparedStatementCallback; bad SQL grammar [INSERT INTO transaction_new (transaction_id, amount, received_by, remarks, sent_to, transaction_date ) VALUES (?, ?, ?, ?, ?, ?)]; nested exception is java.sql.SQLSyntaxErrorException: ORA-00942: table or view does not exist<EOL>]
[0;39m[31m2024-03-22 08:48:29,159[0;39m [32m[INFO][0;39m task.jdbctemplate.demo.DemoApplication restartedMain [32mStarting DemoApplication using Java 1.8.0_292 on WPF45DE1T with PID 18216 (C:\Users\xxshetts\OneDrive - Tietoevry\Desktop\DLTE-JavaFullStack-ShreyasShettyB2024\DLTE-Spring\Tasks\DLTE-Spring-1101\target\classes started by xxshetts in C:\Users\xxshetts\OneDrive - Tietoevry\Desktop\DLTE-JavaFullStack-ShreyasShettyB2024\DLTE-Spring\Tasks\DLTE-Spring-1101)
[0;39m[31m2024-03-22 08:48:29,159[0;39m [32m[INFO][0;39m task.jdbctemplate.demo.DemoApplication restartedMain [32mNo active profile set, falling back to 1 default profile: "default"
[0;39m[31m2024-03-22 08:48:29,207[0;39m [32m[INFO][0;39m org.springframework.boot.devtools.restart.ChangeableUrls restartedMain [32mThe Class-Path manifest attribute in C:\Users\xxshetts\.m2\repository\com\oracle\database\security\oraclepki\21.5.0.0\oraclepki-21.5.0.0.jar referenced one or more files that do not exist: file:/C:/Users/xxshetts/.m2/repository/com/oracle/database/security/oraclepki/21.5.0.0/osdt_core.jar,file:/C:/Users/xxshetts/.m2/repository/com/oracle/database/security/oraclepki/21.5.0.0/osdt_cert.jar,file:/C:/Users/xxshetts/.m2/repository/com/oracle/database/security/oraclepki/oracle.osdt/osdt_core.jar,file:/C:/Users/xxshetts/.m2/repository/com/oracle/database/security/oraclepki/oracle.osdt/osdt_cert.jar
[0;39m[31m2024-03-22 08:48:29,207[0;39m [32m[INFO][0;39m org.springframework.boot.devtools.env.DevToolsPropertyDefaultsPostProcessor restartedMain [32mDevtools property defaults active! Set 'spring.devtools.add-properties' to 'false' to disable
[0;39m[31m2024-03-22 08:48:29,207[0;39m [32m[INFO][0;39m org.springframework.boot.devtools.env.DevToolsPropertyDefaultsPostProcessor restartedMain [32mFor additional web related logging consider setting the 'logging.level.web' property to 'DEBUG'
[0;39m[31m2024-03-22 08:48:29,822[0;39m [32m[INFO][0;39m org.springframework.data.repository.config.RepositoryConfigurationDelegate restartedMain [32mMultiple Spring Data modules found, entering strict repository configuration mode
[0;39m[31m2024-03-22 08:48:29,822[0;39m [32m[INFO][0;39m org.springframework.data.repository.config.RepositoryConfigurationDelegate restartedMain [32mBootstrapping Spring Data JDBC repositories in DEFAULT mode.
[0;39m[31m2024-03-22 08:48:29,837[0;39m [32m[INFO][0;39m org.springframework.data.repository.config.RepositoryConfigurationDelegate restartedMain [32mFinished Spring Data repository scanning in 6 ms. Found 0 JDBC repository interfaces.
[0;39m[31m2024-03-22 08:48:29,837[0;39m [32m[INFO][0;39m org.springframework.data.repository.config.RepositoryConfigurationDelegate restartedMain [32mMultiple Spring Data modules found, entering strict repository configuration mode
[0;39m[31m2024-03-22 08:48:29,837[0;39m [32m[INFO][0;39m org.springframework.data.repository.config.RepositoryConfigurationDelegate restartedMain [32mBootstrapping Spring Data JPA repositories in DEFAULT mode.
[0;39m[31m2024-03-22 08:48:29,852[0;39m [32m[INFO][0;39m org.springframework.data.repository.config.RepositoryConfigurationDelegate restartedMain [32mFinished Spring Data repository scanning in 2 ms. Found 0 JPA repository interfaces.
[0;39m[31m2024-03-22 08:48:30,355[0;39m [32m[INFO][0;39m org.springframework.boot.web.embedded.tomcat.TomcatWebServer restartedMain [32mTomcat initialized with port(s): 8082 (http)
[0;39m[31m2024-03-22 08:48:30,370[0;39m [32m[INFO][0;39m org.apache.catalina.core.StandardService restartedMain [32mStarting service [Tomcat]
[0;39m[31m2024-03-22 08:48:30,370[0;39m [32m[INFO][0;39m org.apache.catalina.core.StandardEngine restartedMain [32mStarting Servlet engine: [Apache Tomcat/9.0.73]
[0;39m[31m2024-03-22 08:48:30,465[0;39m [32m[INFO][0;39m org.apache.catalina.core.ContainerBase.[Tomcat].[localhost].[/] restartedMain [32mInitializing Spring embedded WebApplicationContext
[0;39m[31m2024-03-22 08:48:30,465[0;39m [32m[INFO][0;39m org.springframework.boot.web.servlet.context.ServletWebServerApplicationContext restartedMain [32mRoot WebApplicationContext: initialization completed in 1258 ms
[0;39m[31m2024-03-22 08:48:30,638[0;39m [32m[INFO][0;39m com.zaxxer.hikari.HikariDataSource restartedMain [32mHikariPool-1 - Starting...
[0;39m[31m2024-03-22 08:48:30,654[0;39m [32m[WARN][0;39m com.zaxxer.hikari.util.DriverDataSource restartedMain [32mRegistered driver with driverClassName=oracle.jdbc.driver.OracleDriver was not found, trying direct instantiation.
[0;39m[31m2024-03-22 08:48:30,795[0;39m [32m[INFO][0;39m com.zaxxer.hikari.pool.PoolBase restartedMain [32mHikariPool-1 - Driver does not support get/set network timeout for connections. (oracle.jdbc.driver.T4CConnection.getNetworkTimeout()I)
[0;39m[31m2024-03-22 08:48:30,795[0;39m [32m[INFO][0;39m com.zaxxer.hikari.HikariDataSource restartedMain [32mHikariPool-1 - Start completed.
[0;39m[31m2024-03-22 08:48:30,882[0;39m [32m[INFO][0;39m org.hibernate.jpa.internal.util.LogHelper restartedMain [32mHHH000204: Processing PersistenceUnitInfo [name: default]
[0;39m[31m2024-03-22 08:48:31,015[0;39m [32m[INFO][0;39m org.hibernate.Version restartedMain [32mHHH000412: Hibernate ORM core version 5.6.15.Final
[0;39m[31m2024-03-22 08:48:31,409[0;39m [32m[INFO][0;39m org.hibernate.annotations.common.Version restartedMain [32mHCANN000001: Hibernate Commons Annotations {5.1.2.Final}
[0;39m[31m2024-03-22 08:48:31,535[0;39m [32m[INFO][0;39m org.hibernate.dialect.Dialect restartedMain [32mHHH000400: Using dialect: org.hibernate.dialect.Oracle10gDialect
[0;39m[31m2024-03-22 08:48:31,754[0;39m [32m[INFO][0;39m org.hibernate.engine.transaction.jta.platform.internal.JtaPlatformInitiator restartedMain [32mHHH000490: Using JtaPlatform implementation: [org.hibernate.engine.transaction.jta.platform.internal.NoJtaPlatform]
[0;39m[31m2024-03-22 08:48:31,770[0;39m [32m[INFO][0;39m org.springframework.orm.jpa.LocalContainerEntityManagerFactoryBean restartedMain [32mInitialized JPA EntityManagerFactory for persistence unit 'default'
[0;39m[31m2024-03-22 08:48:31,818[0;39m [32m[WARN][0;39m org.springframework.boot.autoconfigure.orm.jpa.JpaBaseConfiguration$JpaWebConfiguration restartedMain [32mspring.jpa.open-in-view is enabled by default. Therefore, database queries may be performed during view rendering. Explicitly configure spring.jpa.open-in-view to disable this warning
[0;39m[31m2024-03-22 08:48:32,226[0;39m [32m[INFO][0;39m org.springframework.boot.devtools.autoconfigure.OptionalLiveReloadServer restartedMain [32mLiveReload server is running on port 35729
[0;39m[31m2024-03-22 08:48:32,289[0;39m [32m[INFO][0;39m org.springframework.boot.web.embedded.tomcat.TomcatWebServer restartedMain [32mTomcat started on port(s): 8082 (http) with context path ''
[0;39m[31m2024-03-22 08:48:32,290[0;39m [32m[INFO][0;39m task.jdbctemplate.demo.DemoApplication restartedMain [32mStarted DemoApplication in 3.625 seconds (JVM running for 4.628)
[0;39m[31m2024-03-22 08:49:36,600[0;39m [32m[INFO][0;39m org.apache.catalina.core.ContainerBase.[Tomcat].[localhost].[/] http-nio-8082-exec-1 [32mInitializing Spring DispatcherServlet 'dispatcherServlet'
[0;39m[31m2024-03-22 08:49:36,602[0;39m [32m[INFO][0;39m org.springframework.web.servlet.DispatcherServlet http-nio-8082-exec-1 [32mInitializing Servlet 'dispatcherServlet'
[0;39m[31m2024-03-22 08:49:36,606[0;39m [32m[INFO][0;39m org.springframework.web.servlet.DispatcherServlet http-nio-8082-exec-1 [32mCompleted initialization in 3 ms
[0;39m[31m2024-03-22 08:52:08,471[0;39m [32m[ERROR][0;39m task.jdbctemplate.demo.controller.TransactionController http-nio-8082-exec-6 [32mError occurred : PreparedStatementCallback; uncategorized SQLException for SQL [SELECT * FROM transaction_new WHERE sent_to = ?]; SQL state [99999]; error code [17004]; Invalid column type: getDouble not implemented for class oracle.jdbc.driver.T4CDateAccessor; nested exception is java.sql.SQLException: Invalid column type: getDouble not implemented for class oracle.jdbc.driver.T4CDateAccessor
[0;39m[31m2024-03-22 08:52:08,478[0;39m [32m[WARN][0;39m org.springframework.web.servlet.mvc.annotation.ResponseStatusExceptionResolver http-nio-8082-exec-6 [32mResolved [org.springframework.web.server.ResponseStatusException: 404 NOT_FOUND "PreparedStatementCallback; uncategorized SQLException for SQL [SELECT * FROM transaction_new WHERE sent_to = ?]; SQL state [99999]; error code [17004]; Invalid column type: getDouble not implemented for class oracle.jdbc.driver.T4CDateAccessor; nested exception is java.sql.SQLException: Invalid column type: getDouble not implemented for class oracle.jdbc.driver.T4CDateAccessor"; nested exception is org.springframework.jdbc.UncategorizedSQLException: PreparedStatementCallback; uncategorized SQLException for SQL [SELECT * FROM transaction_new WHERE sent_to = ?]; SQL state [99999]; error code [17004]; Invalid column type: getDouble not implemented for class oracle.jdbc.driver.T4CDateAccessor; nested exception is java.sql.SQLException: Invalid column type: getDouble not implemented for class oracle.jdbc.driver.T4CDateAccessor]
[0;39m[31m2024-03-22 09:02:38,678[0;39m [32m[INFO][0;39m task.jdbctemplate.demo.DemoApplication restartedMain [32mStarting DemoApplication using Java 1.8.0_292 on WPF45DE1T with PID 18784 (C:\Users\xxshetts\OneDrive - Tietoevry\Desktop\DLTE-JavaFullStack-ShreyasShettyB2024\DLTE-Spring\Tasks\DLTE-Spring-1101\target\classes started by xxshetts in C:\Users\xxshetts\OneDrive - Tietoevry\Desktop\DLTE-JavaFullStack-ShreyasShettyB2024\DLTE-Spring\Tasks\DLTE-Spring-1101)
[0;39m[31m2024-03-22 09:02:38,679[0;39m [32m[INFO][0;39m task.jdbctemplate.demo.DemoApplication restartedMain [32mNo active profile set, falling back to 1 default profile: "default"
[0;39m[31m2024-03-22 09:02:38,725[0;39m [32m[INFO][0;39m org.springframework.boot.devtools.restart.ChangeableUrls restartedMain [32mThe Class-Path manifest attribute in C:\Users\xxshetts\.m2\repository\com\oracle\database\security\oraclepki\21.5.0.0\oraclepki-21.5.0.0.jar referenced one or more files that do not exist: file:/C:/Users/xxshetts/.m2/repository/com/oracle/database/security/oraclepki/21.5.0.0/osdt_core.jar,file:/C:/Users/xxshetts/.m2/repository/com/oracle/database/security/oraclepki/21.5.0.0/osdt_cert.jar,file:/C:/Users/xxshetts/.m2/repository/com/oracle/database/security/oraclepki/oracle.osdt/osdt_core.jar,file:/C:/Users/xxshetts/.m2/repository/com/oracle/database/security/oraclepki/oracle.osdt/osdt_cert.jar
[0;39m[31m2024-03-22 09:02:38,725[0;39m [32m[INFO][0;39m org.springframework.boot.devtools.env.DevToolsPropertyDefaultsPostProcessor restartedMain [32mDevtools property defaults active! Set 'spring.devtools.add-properties' to 'false' to disable
[0;39m[31m2024-03-22 09:02:38,726[0;39m [32m[INFO][0;39m org.springframework.boot.devtools.env.DevToolsPropertyDefaultsPostProcessor restartedMain [32mFor additional web related logging consider setting the 'logging.level.web' property to 'DEBUG'
[0;39m[31m2024-03-22 09:02:39,298[0;39m [32m[INFO][0;39m org.springframework.data.repository.config.RepositoryConfigurationDelegate restartedMain [32mMultiple Spring Data modules found, entering strict repository configuration mode
[0;39m[31m2024-03-22 09:02:39,299[0;39m [32m[INFO][0;39m org.springframework.data.repository.config.RepositoryConfigurationDelegate restartedMain [32mBootstrapping Spring Data JDBC repositories in DEFAULT mode.
[0;39m[31m2024-03-22 09:02:39,312[0;39m [32m[INFO][0;39m org.springframework.data.repository.config.RepositoryConfigurationDelegate restartedMain [32mFinished Spring Data repository scanning in 8 ms. Found 0 JDBC repository interfaces.
[0;39m[31m2024-03-22 09:02:39,320[0;39m [32m[INFO][0;39m org.springframework.data.repository.config.RepositoryConfigurationDelegate restartedMain [32mMultiple Spring Data modules found, entering strict repository configuration mode
[0;39m[31m2024-03-22 09:02:39,321[0;39m [32m[INFO][0;39m org.springframework.data.repository.config.RepositoryConfigurationDelegate restartedMain [32mBootstrapping Spring Data JPA repositories in DEFAULT mode.
[0;39m[31m2024-03-22 09:02:39,326[0;39m [32m[INFO][0;39m org.springframework.data.repository.config.RepositoryConfigurationDelegate restartedMain [32mFinished Spring Data repository scanning in 1 ms. Found 0 JPA repository interfaces.
[0;39m[31m2024-03-22 09:02:39,736[0;39m [32m[INFO][0;39m org.springframework.boot.web.embedded.tomcat.TomcatWebServer restartedMain [32mTomcat initialized with port(s): 8082 (http)
[0;39m[31m2024-03-22 09:02:39,746[0;39m [32m[INFO][0;39m org.apache.catalina.core.StandardService restartedMain [32mStarting service [Tomcat]
[0;39m[31m2024-03-22 09:02:39,747[0;39m [32m[INFO][0;39m org.apache.catalina.core.StandardEngine restartedMain [32mStarting Servlet engine: [Apache Tomcat/9.0.73]
[0;39m[31m2024-03-22 09:02:39,864[0;39m [32m[INFO][0;39m org.apache.catalina.core.ContainerBase.[Tomcat].[localhost].[/] restartedMain [32mInitializing Spring embedded WebApplicationContext
[0;39m[31m2024-03-22 09:02:39,864[0;39m [32m[INFO][0;39m org.springframework.boot.web.servlet.context.ServletWebServerApplicationContext restartedMain [32mRoot WebApplicationContext: initialization completed in 1137 ms
[0;39m[31m2024-03-22 09:02:39,977[0;39m [32m[INFO][0;39m com.zaxxer.hikari.HikariDataSource restartedMain [32mHikariPool-1 - Starting...
[0;39m[31m2024-03-22 09:02:39,978[0;39m [32m[WARN][0;39m com.zaxxer.hikari.util.DriverDataSource restartedMain [32mRegistered driver with driverClassName=oracle.jdbc.driver.OracleDriver was not found, trying direct instantiation.
[0;39m[31m2024-03-22 09:02:40,164[0;39m [32m[INFO][0;39m com.zaxxer.hikari.pool.PoolBase restartedMain [32mHikariPool-1 - Driver does not support get/set network timeout for connections. (oracle.jdbc.driver.T4CConnection.getNetworkTimeout()I)
[0;39m[31m2024-03-22 09:02:40,169[0;39m [32m[INFO][0;39m com.zaxxer.hikari.HikariDataSource restartedMain [32mHikariPool-1 - Start completed.
[0;39m[31m2024-03-22 09:02:40,233[0;39m [32m[INFO][0;39m org.hibernate.jpa.internal.util.LogHelper restartedMain [32mHHH000204: Processing PersistenceUnitInfo [name: default]
[0;39m[31m2024-03-22 09:02:40,267[0;39m [32m[INFO][0;39m org.hibernate.Version restartedMain [32mHHH000412: Hibernate ORM core version 5.6.15.Final
[0;39m[31m2024-03-22 09:02:40,432[0;39m [32m[INFO][0;39m org.hibernate.annotations.common.Version restartedMain [32mHCANN000001: Hibernate Commons Annotations {5.1.2.Final}
[0;39m[31m2024-03-22 09:02:40,518[0;39m [32m[INFO][0;39m org.hibernate.dialect.Dialect restartedMain [32mHHH000400: Using dialect: org.hibernate.dialect.Oracle10gDialect
[0;39m[31m2024-03-22 09:02:40,678[0;39m [32m[INFO][0;39m org.hibernate.engine.transaction.jta.platform.internal.JtaPlatformInitiator restartedMain [32mHHH000490: Using JtaPlatform implementation: [org.hibernate.engine.transaction.jta.platform.internal.NoJtaPlatform]
[0;39m[31m2024-03-22 09:02:40,690[0;39m [32m[INFO][0;39m org.springframework.orm.jpa.LocalContainerEntityManagerFactoryBean restartedMain [32mInitialized JPA EntityManagerFactory for persistence unit 'default'
[0;39m[31m2024-03-22 09:02:40,746[0;39m [32m[WARN][0;39m org.springframework.boot.autoconfigure.orm.jpa.JpaBaseConfiguration$JpaWebConfiguration restartedMain [32mspring.jpa.open-in-view is enabled by default. Therefore, database queries may be performed during view rendering. Explicitly configure spring.jpa.open-in-view to disable this warning
[0;39m[31m2024-03-22 09:02:41,105[0;39m [32m[INFO][0;39m org.springframework.boot.devtools.autoconfigure.OptionalLiveReloadServer restartedMain [32mLiveReload server is running on port 35729
[0;39m[31m2024-03-22 09:02:41,139[0;39m [32m[INFO][0;39m org.springframework.boot.web.embedded.tomcat.TomcatWebServer restartedMain [32mTomcat started on port(s): 8082 (http) with context path ''
[0;39m[31m2024-03-22 09:02:41,157[0;39m [32m[INFO][0;39m task.jdbctemplate.demo.DemoApplication restartedMain [32mStarted DemoApplication in 2.863 seconds (JVM running for 3.795)
[0;39m[31m2024-03-22 09:02:46,400[0;39m [32m[INFO][0;39m org.apache.catalina.core.ContainerBase.[Tomcat].[localhost].[/] http-nio-8082-exec-3 [32mInitializing Spring DispatcherServlet 'dispatcherServlet'
[0;39m[31m2024-03-22 09:02:46,401[0;39m [32m[INFO][0;39m org.springframework.web.servlet.DispatcherServlet http-nio-8082-exec-3 [32mInitializing Servlet 'dispatcherServlet'
[0;39m[31m2024-03-22 09:02:46,402[0;39m [32m[INFO][0;39m org.springframework.web.servlet.DispatcherServlet http-nio-8082-exec-3 [32mCompleted initialization in 1 ms
[0;39m[31m2024-03-22 10:24:17,581[0;39m [32m[INFO][0;39m org.springframework.boot.devtools.autoconfigure.LocalDevToolsAutoConfiguration$RestartingClassPathChangeChangedEventListener File Watcher [32mRestarting due to 3 class path changes (0 additions, 1 deletion, 2 modifications)
[0;39m[31m2024-03-22 10:24:17,724[0;39m [32m[INFO][0;39m org.apache.catalina.core.StandardService Thread-12 [32mStopping service [Tomcat]
[0;39m[31m2024-03-22 10:24:17,724[0;39m [32m[INFO][0;39m org.apache.catalina.core.ContainerBase.[Tomcat].[localhost].[/] Thread-12 [32mDestroying Spring FrameworkServlet 'dispatcherServlet'
[0;39m[31m2024-03-22 10:24:17,741[0;39m [32m[INFO][0;39m org.springframework.orm.jpa.LocalContainerEntityManagerFactoryBean Thread-12 [32mClosing JPA EntityManagerFactory for persistence unit 'default'
[0;39m[31m2024-03-22 10:24:17,756[0;39m [32m[INFO][0;39m com.zaxxer.hikari.HikariDataSource Thread-12 [32mHikariPool-1 - Shutdown initiated...
[0;39m[31m2024-03-22 10:24:17,772[0;39m [32m[INFO][0;39m com.zaxxer.hikari.HikariDataSource Thread-12 [32mHikariPool-1 - Shutdown completed.
[0;39m[31m2024-03-22 10:24:17,981[0;39m [32m[INFO][0;39m task.jdbctemplate.demo.DemoApplication restartedMain [32mStarting DemoApplication using Java 1.8.0_292 on WPF45DE1T with PID 18784 (C:\Users\xxshetts\OneDrive - Tietoevry\Desktop\DLTE-JavaFullStack-ShreyasShettyB2024\DLTE-Spring\Tasks\DLTE-Spring-1101\target\classes started by xxshetts in C:\Users\xxshetts\OneDrive - Tietoevry\Desktop\DLTE-JavaFullStack-ShreyasShettyB2024\DLTE-Spring\Tasks\DLTE-Spring-1101)
[0;39m[31m2024-03-22 10:24:17,981[0;39m [32m[INFO][0;39m task.jdbctemplate.demo.DemoApplication restartedMain [32mNo active profile set, falling back to 1 default profile: "default"
[0;39m[31m2024-03-22 10:24:18,271[0;39m [32m[INFO][0;39m org.springframework.data.repository.config.RepositoryConfigurationDelegate restartedMain [32mMultiple Spring Data modules found, entering strict repository configuration mode
[0;39m[31m2024-03-22 10:24:18,271[0;39m [32m[INFO][0;39m org.springframework.data.repository.config.RepositoryConfigurationDelegate restartedMain [32mBootstrapping Spring Data JDBC repositories in DEFAULT mode.
[0;39m[31m2024-03-22 10:24:18,280[0;39m [32m[INFO][0;39m org.springframework.data.repository.config.RepositoryConfigurationDelegate restartedMain [32mFinished Spring Data repository scanning in 4 ms. Found 0 JDBC repository interfaces.
[0;39m[31m2024-03-22 10:24:18,280[0;39m [32m[INFO][0;39m org.springframework.data.repository.config.RepositoryConfigurationDelegate restartedMain [32mMultiple Spring Data modules found, entering strict repository configuration mode
[0;39m[31m2024-03-22 10:24:18,280[0;39m [32m[INFO][0;39m org.springframework.data.repository.config.RepositoryConfigurationDelegate restartedMain [32mBootstrapping Spring Data JPA repositories in DEFAULT mode.
[0;39m[31m2024-03-22 10:24:18,280[0;39m [32m[INFO][0;39m org.springframework.data.repository.config.RepositoryConfigurationDelegate restartedMain [32mFinished Spring Data repository scanning in 2 ms. Found 0 JPA repository interfaces.
[0;39m[31m2024-03-22 10:24:18,483[0;39m [32m[INFO][0;39m org.springframework.boot.web.embedded.tomcat.TomcatWebServer restartedMain [32mTomcat initialized with port(s): 8082 (http)
[0;39m[31m2024-03-22 10:24:18,483[0;39m [32m[INFO][0;39m org.apache.catalina.core.StandardService restartedMain [32mStarting service [Tomcat]
[0;39m[31m2024-03-22 10:24:18,483[0;39m [32m[INFO][0;39m org.apache.catalina.core.StandardEngine restartedMain [32mStarting Servlet engine: [Apache Tomcat/9.0.73]
[0;39m[31m2024-03-22 10:24:18,515[0;39m [32m[INFO][0;39m org.apache.catalina.core.ContainerBase.[Tomcat].[localhost].[/] restartedMain [32mInitializing Spring embedded WebApplicationContext
[0;39m[31m2024-03-22 10:24:18,515[0;39m [32m[INFO][0;39m org.springframework.boot.web.servlet.context.ServletWebServerApplicationContext restartedMain [32mRoot WebApplicationContext: initialization completed in 522 ms
[0;39m[31m2024-03-22 10:24:18,562[0;39m [32m[INFO][0;39m com.zaxxer.hikari.HikariDataSource restartedMain [32mHikariPool-2 - Starting...
[0;39m[31m2024-03-22 10:24:18,562[0;39m [32m[WARN][0;39m com.zaxxer.hikari.util.DriverDataSource restartedMain [32mRegistered driver with driverClassName=oracle.jdbc.driver.OracleDriver was not found, trying direct instantiation.
[0;39m[31m2024-03-22 10:24:18,577[0;39m [32m[INFO][0;39m com.zaxxer.hikari.pool.PoolBase restartedMain [32mHikariPool-2 - Driver does not support get/set network timeout for connections. (oracle.jdbc.driver.T4CConnection.getNetworkTimeout()I)
[0;39m[31m2024-03-22 10:24:18,581[0;39m [32m[INFO][0;39m com.zaxxer.hikari.HikariDataSource restartedMain [32mHikariPool-2 - Start completed.
[0;39m[31m2024-03-22 10:24:18,581[0;39m [32m[INFO][0;39m org.hibernate.jpa.internal.util.LogHelper restartedMain [32mHHH000204: Processing PersistenceUnitInfo [name: default]
[0;39m[31m2024-03-22 10:24:18,593[0;39m [32m[INFO][0;39m org.hibernate.dialect.Dialect restartedMain [32mHHH000400: Using dialect: org.hibernate.dialect.Oracle10gDialect
[0;39m[31m2024-03-22 10:24:18,595[0;39m [32m[INFO][0;39m org.hibernate.engine.transaction.jta.platform.internal.JtaPlatformInitiator restartedMain [32mHHH000490: Using JtaPlatform implementation: [org.hibernate.engine.transaction.jta.platform.internal.NoJtaPlatform]
[0;39m[31m2024-03-22 10:24:18,595[0;39m [32m[INFO][0;39m org.springframework.orm.jpa.LocalContainerEntityManagerFactoryBean restartedMain [32mInitialized JPA EntityManagerFactory for persistence unit 'default'
[0;39m[31m2024-03-22 10:24:18,626[0;39m [32m[WARN][0;39m org.springframework.boot.autoconfigure.orm.jpa.JpaBaseConfiguration$JpaWebConfiguration restartedMain [32mspring.jpa.open-in-view is enabled by default. Therefore, database queries may be performed during view rendering. Explicitly configure spring.jpa.open-in-view to disable this warning
[0;39m[31m2024-03-22 10:24:18,783[0;39m [32m[INFO][0;39m org.springframework.boot.devtools.autoconfigure.OptionalLiveReloadServer restartedMain [32mLiveReload server is running on port 35729
[0;39m[31m2024-03-22 10:24:18,800[0;39m [32m[INFO][0;39m org.springframework.boot.web.embedded.tomcat.TomcatWebServer restartedMain [32mTomcat started on port(s): 8082 (http) with context path ''
[0;39m[31m2024-03-22 10:24:18,802[0;39m [32m[INFO][0;39m task.jdbctemplate.demo.DemoApplication restartedMain [32mStarted DemoApplication in 0.867 seconds (JVM running for 4901.444)
[0;39m[31m2024-03-22 10:24:18,802[0;39m [32m[INFO][0;39m org.springframework.boot.devtools.autoconfigure.ConditionEvaluationDeltaLoggingListener restartedMain [32mCondition evaluation unchanged
[0;39m[31m2024-03-22 10:24:22,899[0;39m [32m[INFO][0;39m task.jdbctemplate.demo.DemoApplicationTests main [32mStarting DemoApplicationTests using Java 1.8.0_292 on WPF45DE1T with PID 14816 (started by xxshetts in C:\Users\xxshetts\OneDrive - Tietoevry\Desktop\DLTE-JavaFullStack-ShreyasShettyB2024\DLTE-Spring\Tasks\DLTE-Spring-1101)
[0;39m[31m2024-03-22 10:24:22,899[0;39m [32m[INFO][0;39m task.jdbctemplate.demo.DemoApplicationTests main [32mNo active profile set, falling back to 1 default profile: "default"
[0;39m[31m2024-03-22 10:24:23,452[0;39m [32m[INFO][0;39m org.springframework.data.repository.config.RepositoryConfigurationDelegate main [32mMultiple Spring Data modules found, entering strict repository configuration mode
[0;39m[31m2024-03-22 10:24:23,452[0;39m [32m[INFO][0;39m org.springframework.data.repository.config.RepositoryConfigurationDelegate main [32mBootstrapping Spring Data JDBC repositories in DEFAULT mode.
[0;39m[31m2024-03-22 10:24:23,482[0;39m [32m[INFO][0;39m org.springframework.data.repository.config.RepositoryConfigurationDelegate main [32mFinished Spring Data repository scanning in 12 ms. Found 0 JDBC repository interfaces.
[0;39m[31m2024-03-22 10:24:23,482[0;39m [32m[INFO][0;39m org.springframework.data.repository.config.RepositoryConfigurationDelegate main [32mMultiple Spring Data modules found, entering strict repository configuration mode
[0;39m[31m2024-03-22 10:24:23,497[0;39m [32m[INFO][0;39m org.springframework.data.repository.config.RepositoryConfigurationDelegate main [32mBootstrapping Spring Data JPA repositories in DEFAULT mode.
[0;39m[31m2024-03-22 10:24:23,500[0;39m [32m[INFO][0;39m org.springframework.data.repository.config.RepositoryConfigurationDelegate main [32mFinished Spring Data repository scanning in 4 ms. Found 0 JPA repository interfaces.
[0;39m[31m2024-03-22 10:24:24,032[0;39m [32m[INFO][0;39m com.zaxxer.hikari.HikariDataSource main [32mHikariPool-1 - Starting...
[0;39m[31m2024-03-22 10:24:24,035[0;39m [32m[WARN][0;39m com.zaxxer.hikari.util.DriverDataSource main [32mRegistered driver with driverClassName=oracle.jdbc.driver.OracleDriver was not found, trying direct instantiation.
[0;39m[31m2024-03-22 10:24:24,368[0;39m [32m[INFO][0;39m com.zaxxer.hikari.pool.PoolBase main [32mHikariPool-1 - Driver does not support get/set network timeout for connections. (oracle.jdbc.driver.T4CConnection.getNetworkTimeout()I)
[0;39m[31m2024-03-22 10:24:24,368[0;39m [32m[INFO][0;39m com.zaxxer.hikari.HikariDataSource main [32mHikariPool-1 - Start completed.
[0;39m[31m2024-03-22 10:24:24,430[0;39m [32m[INFO][0;39m org.hibernate.jpa.internal.util.LogHelper main [32mHHH000204: Processing PersistenceUnitInfo [name: default]
[0;39m[31m2024-03-22 10:24:24,478[0;39m [32m[INFO][0;39m org.hibernate.Version main [32mHHH000412: Hibernate ORM core version 5.6.15.Final
[0;39m[31m2024-03-22 10:24:24,682[0;39m [32m[INFO][0;39m org.hibernate.annotations.common.Version main [32mHCANN000001: Hibernate Commons Annotations {5.1.2.Final}
[0;39m[31m2024-03-22 10:24:24,823[0;39m [32m[INFO][0;39m org.hibernate.dialect.Dialect main [32mHHH000400: Using dialect: org.hibernate.dialect.Oracle10gDialect
[0;39m[31m2024-03-22 10:24:25,059[0;39m [32m[INFO][0;39m org.hibernate.engine.transaction.jta.platform.internal.JtaPlatformInitiator main [32mHHH000490: Using JtaPlatform implementation: [org.hibernate.engine.transaction.jta.platform.internal.NoJtaPlatform]
[0;39m[31m2024-03-22 10:24:25,075[0;39m [32m[INFO][0;39m org.springframework.orm.jpa.LocalContainerEntityManagerFactoryBean main [32mInitialized JPA EntityManagerFactory for persistence unit 'default'
[0;39m[31m2024-03-22 10:24:25,342[0;39m [32m[WARN][0;39m org.springframework.boot.autoconfigure.orm.jpa.JpaBaseConfiguration$JpaWebConfiguration main [32mspring.jpa.open-in-view is enabled by default. Therefore, database queries may be performed during view rendering. Explicitly configure spring.jpa.open-in-view to disable this warning
[0;39m[31m2024-03-22 10:24:26,145[0;39m [32m[INFO][0;39m task.jdbctemplate.demo.DemoApplicationTests main [32mStarted DemoApplicationTests in 3.566 seconds (JVM running for 4.83)
[0;39m[31m2024-03-22 10:24:26,978[0;39m [32m[INFO][0;39m org.springframework.orm.jpa.LocalContainerEntityManagerFactoryBean SpringApplicationShutdownHook [32mClosing JPA EntityManagerFactory for persistence unit 'default'
[0;39m[31m2024-03-22 10:24:26,995[0;39m [32m[INFO][0;39m com.zaxxer.hikari.HikariDataSource SpringApplicationShutdownHook [32mHikariPool-1 - Shutdown initiated...
[0;39m[31m2024-03-22 10:24:27,010[0;39m [32m[INFO][0;39m com.zaxxer.hikari.HikariDataSource SpringApplicationShutdownHook [32mHikariPool-1 - Shutdown completed.
[0;39m[31m2024-03-22 12:46:18,354[0;39m [32m[INFO][0;39m task.jdbctemplate.demo.DemoApplicationTests main [32mStarting DemoApplicationTests using Java 1.8.0_292 on WPF45DE1T with PID 20756 (started by xxshetts in C:\Users\xxshetts\OneDrive - Tietoevry\Desktop\DLTE-JavaFullStack-ShreyasShettyB2024\DLTE-Spring\Tasks\DLTE-Spring-1101)
[0;39m[31m2024-03-22 12:46:18,354[0;39m [32m[INFO][0;39m task.jdbctemplate.demo.DemoApplicationTests main [32mNo active profile set, falling back to 1 default profile: "default"
[0;39m[31m2024-03-22 12:46:19,234[0;39m [32m[INFO][0;39m org.springframework.data.repository.config.RepositoryConfigurationDelegate main [32mMultiple Spring Data modules found, entering strict repository configuration mode
[0;39m[31m2024-03-22 12:46:19,234[0;39m [32m[INFO][0;39m org.springframework.data.repository.config.RepositoryConfigurationDelegate main [32mBootstrapping Spring Data JDBC repositories in DEFAULT mode.
[0;39m[31m2024-03-22 12:46:19,266[0;39m [32m[INFO][0;39m org.springframework.data.repository.config.RepositoryConfigurationDelegate main [32mFinished Spring Data repository scanning in 20 ms. Found 0 JDBC repository interfaces.
[0;39m[31m2024-03-22 12:46:19,284[0;39m [32m[INFO][0;39m org.springframework.data.repository.config.RepositoryConfigurationDelegate main [32mMultiple Spring Data modules found, entering strict repository configuration mode
[0;39m[31m2024-03-22 12:46:19,298[0;39m [32m[INFO][0;39m org.springframework.data.repository.config.RepositoryConfigurationDelegate main [32mBootstrapping Spring Data JPA repositories in DEFAULT mode.
[0;39m[31m2024-03-22 12:46:19,314[0;39m [32m[INFO][0;39m org.springframework.data.repository.config.RepositoryConfigurationDelegate main [32mFinished Spring Data repository scanning in 6 ms. Found 0 JPA repository interfaces.
[0;39m[31m2024-03-22 12:46:20,381[0;39m [32m[INFO][0;39m com.zaxxer.hikari.HikariDataSource main [32mHikariPool-1 - Starting...
[0;39m[31m2024-03-22 12:46:20,400[0;39m [32m[WARN][0;39m com.zaxxer.hikari.util.DriverDataSource main [32mRegistered driver with driverClassName=oracle.jdbc.driver.OracleDriver was not found, trying direct instantiation.
[0;39m[31m2024-03-22 12:46:21,201[0;39m [32m[INFO][0;39m com.zaxxer.hikari.pool.PoolBase main [32mHikariPool-1 - Driver does not support get/set network timeout for connections. (oracle.jdbc.driver.T4CConnection.getNetworkTimeout()I)
[0;39m[31m2024-03-22 12:46:21,201[0;39m [32m[INFO][0;39m com.zaxxer.hikari.HikariDataSource main [32mHikariPool-1 - Start completed.
[0;39m[31m2024-03-22 12:46:21,310[0;39m [32m[INFO][0;39m org.hibernate.jpa.internal.util.LogHelper main [32mHHH000204: Processing PersistenceUnitInfo [name: default]
[0;39m[31m2024-03-22 12:46:21,436[0;39m [32m[INFO][0;39m org.hibernate.Version main [32mHHH000412: Hibernate ORM core version 5.6.15.Final
[0;39m[31m2024-03-22 12:46:22,225[0;39m [32m[INFO][0;39m org.hibernate.annotations.common.Version main [32mHCANN000001: Hibernate Commons Annotations {5.1.2.Final}
[0;39m[31m2024-03-22 12:46:22,716[0;39m [32m[INFO][0;39m org.hibernate.dialect.Dialect main [32mHHH000400: Using dialect: org.hibernate.dialect.Oracle10gDialect
[0;39m[31m2024-03-22 12:46:23,346[0;39m [32m[INFO][0;39m org.hibernate.engine.transaction.jta.platform.internal.JtaPlatformInitiator main [32mHHH000490: Using JtaPlatform implementation: [org.hibernate.engine.transaction.jta.platform.internal.NoJtaPlatform]
[0;39m[31m2024-03-22 12:46:23,378[0;39m [32m[INFO][0;39m org.springframework.orm.jpa.LocalContainerEntityManagerFactoryBean main [32mInitialized JPA EntityManagerFactory for persistence unit 'default'
[0;39m[31m2024-03-22 12:46:23,834[0;39m [32m[WARN][0;39m org.springframework.boot.autoconfigure.orm.jpa.JpaBaseConfiguration$JpaWebConfiguration main [32mspring.jpa.open-in-view is enabled by default. Therefore, database queries may be performed during view rendering. Explicitly configure spring.jpa.open-in-view to disable this warning
[0;39m[31m2024-03-22 12:46:25,690[0;39m [32m[INFO][0;39m task.jdbctemplate.demo.DemoApplicationTests main [32mStarted DemoApplicationTests in 7.724 seconds (JVM running for 8.985)
[0;39m[31m2024-03-22 12:46:26,727[0;39m [32m[INFO][0;39m org.springframework.orm.jpa.LocalContainerEntityManagerFactoryBean SpringApplicationShutdownHook [32mClosing JPA EntityManagerFactory for persistence unit 'default'
[0;39m[31m2024-03-22 12:46:26,727[0;39m [32m[INFO][0;39m com.zaxxer.hikari.HikariDataSource SpringApplicationShutdownHook [32mHikariPool-1 - Shutdown initiated...
[0;39m[31m2024-03-22 12:46:26,752[0;39m [32m[INFO][0;39m com.zaxxer.hikari.HikariDataSource SpringApplicationShutdownHook [32mHikariPool-1 - Shutdown completed.
[0;39m[31m2024-03-22 12:56:54,739[0;39m [32m[INFO][0;39m task.jdbctemplate.demo.DemoApplicationTests main [32mStarting DemoApplicationTests using Java 1.8.0_292 on WPF45DE1T with PID 12808 (started by xxshetts in C:\Users\xxshetts\OneDrive - Tietoevry\Desktop\DLTE-JavaFullStack-ShreyasShettyB2024\DLTE-Spring\Tasks\DLTE-Spring-1101)
[0;39m[31m2024-03-22 12:56:54,739[0;39m [32m[INFO][0;39m task.jdbctemplate.demo.DemoApplicationTests main [32mNo active profile set, falling back to 1 default profile: "default"
[0;39m[31m2024-03-22 12:56:55,400[0;39m [32m[INFO][0;39m org.springframework.data.repository.config.RepositoryConfigurationDelegate main [32mMultiple Spring Data modules found, entering strict repository configuration mode
[0;39m[31m2024-03-22 12:56:55,400[0;39m [32m[INFO][0;39m org.springframework.data.repository.config.RepositoryConfigurationDelegate main [32mBootstrapping Spring Data JDBC repositories in DEFAULT mode.
[0;39m[31m2024-03-22 12:56:55,452[0;39m [32m[INFO][0;39m org.springframework.data.repository.config.RepositoryConfigurationDelegate main [32mFinished Spring Data repository scanning in 33 ms. Found 0 JDBC repository interfaces.
[0;39m[31m2024-03-22 12:56:55,473[0;39m [32m[INFO][0;39m org.springframework.data.repository.config.RepositoryConfigurationDelegate main [32mMultiple Spring Data modules found, entering strict repository configuration mode
[0;39m[31m2024-03-22 12:56:55,473[0;39m [32m[INFO][0;39m org.springframework.data.repository.config.RepositoryConfigurationDelegate main [32mBootstrapping Spring Data JPA repositories in DEFAULT mode.
[0;39m[31m2024-03-22 12:56:55,479[0;39m [32m[INFO][0;39m org.springframework.data.repository.config.RepositoryConfigurationDelegate main [32mFinished Spring Data repository scanning in 3 ms. Found 0 JPA repository interfaces.
[0;39m[31m2024-03-22 12:56:56,349[0;39m [32m[INFO][0;39m com.zaxxer.hikari.HikariDataSource main [32mHikariPool-1 - Starting...
[0;39m[31m2024-03-22 12:56:56,365[0;39m [32m[WARN][0;39m com.zaxxer.hikari.util.DriverDataSource main [32mRegistered driver with driverClassName=oracle.jdbc.driver.OracleDriver was not found, trying direct instantiation.
[0;39m[31m2024-03-22 12:56:56,994[0;39m [32m[INFO][0;39m com.zaxxer.hikari.pool.PoolBase main [32mHikariPool-1 - Driver does not support get/set network timeout for connections. (oracle.jdbc.driver.T4CConnection.getNetworkTimeout()I)
[0;39m[31m2024-03-22 12:56:56,994[0;39m [32m[INFO][0;39m com.zaxxer.hikari.HikariDataSource main [32mHikariPool-1 - Start completed.
[0;39m[31m2024-03-22 12:56:57,088[0;39m [32m[INFO][0;39m org.hibernate.jpa.internal.util.LogHelper main [32mHHH000204: Processing PersistenceUnitInfo [name: default]
[0;39m[31m2024-03-22 12:56:57,166[0;39m [32m[INFO][0;39m org.hibernate.Version main [32mHHH000412: Hibernate ORM core version 5.6.15.Final
[0;39m[31m2024-03-22 12:56:57,496[0;39m [32m[INFO][0;39m org.hibernate.annotations.common.Version main [32mHCANN000001: Hibernate Commons Annotations {5.1.2.Final}
[0;39m[31m2024-03-22 12:56:57,700[0;39m [32m[INFO][0;39m org.hibernate.dialect.Dialect main [32mHHH000400: Using dialect: org.hibernate.dialect.Oracle10gDialect
[0;39m[31m2024-03-22 12:56:58,046[0;39m [32m[INFO][0;39m org.hibernate.engine.transaction.jta.platform.internal.JtaPlatformInitiator main [32mHHH000490: Using JtaPlatform implementation: [org.hibernate.engine.transaction.jta.platform.internal.NoJtaPlatform]
[0;39m[31m2024-03-22 12:56:58,068[0;39m [32m[INFO][0;39m org.springframework.orm.jpa.LocalContainerEntityManagerFactoryBean main [32mInitialized JPA EntityManagerFactory for persistence unit 'default'
[0;39m[31m2024-03-22 12:56:58,440[0;39m [32m[WARN][0;39m org.springframework.boot.autoconfigure.orm.jpa.JpaBaseConfiguration$JpaWebConfiguration main [32mspring.jpa.open-in-view is enabled by default. Therefore, database queries may be performed during view rendering. Explicitly configure spring.jpa.open-in-view to disable this warning
[0;39m[31m2024-03-22 12:56:59,731[0;39m [32m[INFO][0;39m task.jdbctemplate.demo.DemoApplicationTests main [32mStarted DemoApplicationTests in 5.431 seconds (JVM running for 6.687)
[0;39m[31m2024-03-22 12:57:00,752[0;39m [32m[INFO][0;39m org.springframework.orm.jpa.LocalContainerEntityManagerFactoryBean SpringApplicationShutdownHook [32mClosing JPA EntityManagerFactory for persistence unit 'default'
[0;39m[31m2024-03-22 12:57:00,752[0;39m [32m[INFO][0;39m com.zaxxer.hikari.HikariDataSource SpringApplicationShutdownHook [32mHikariPool-1 - Shutdown initiated...
[0;39m[31m2024-03-22 12:57:00,778[0;39m [32m[INFO][0;39m com.zaxxer.hikari.HikariDataSource SpringApplicationShutdownHook [32mHikariPool-1 - Shutdown completed.
[0;39m[31m2024-03-22 12:57:37,490[0;39m [32m[INFO][0;39m task.jdbctemplate.demo.DemoApplicationTests main [32mStarting DemoApplicationTests using Java 1.8.0_292 on WPF45DE1T with PID 21424 (started by xxshetts in C:\Users\xxshetts\OneDrive - Tietoevry\Desktop\DLTE-JavaFullStack-ShreyasShettyB2024\DLTE-Spring\Tasks\DLTE-Spring-1101)
[0;39m[31m2024-03-22 12:57:37,493[0;39m [32m[INFO][0;39m task.jdbctemplate.demo.DemoApplicationTests main [32mNo active profile set, falling back to 1 default profile: "default"
[0;39m[31m2024-03-22 12:57:39,090[0;39m [32m[INFO][0;39m org.springframework.data.repository.config.RepositoryConfigurationDelegate main [32mMultiple Spring Data modules found, entering strict repository configuration mode
[0;39m[31m2024-03-22 12:57:39,090[0;39m [32m[INFO][0;39m org.springframework.data.repository.config.RepositoryConfigurationDelegate main [32mBootstrapping Spring Data JDBC repositories in DEFAULT mode.
[0;39m[31m2024-03-22 12:57:39,122[0;39m [32m[INFO][0;39m org.springframework.data.repository.config.RepositoryConfigurationDelegate main [32mFinished Spring Data repository scanning in 15 ms. Found 0 JDBC repository interfaces.
[0;39m[31m2024-03-22 12:57:39,137[0;39m [32m[INFO][0;39m org.springframework.data.repository.config.RepositoryConfigurationDelegate main [32mMultiple Spring Data modules found, entering strict repository configuration mode
[0;39m[31m2024-03-22 12:57:39,137[0;39m [32m[INFO][0;39m org.springframework.data.repository.config.RepositoryConfigurationDelegate main [32mBootstrapping Spring Data JPA repositories in DEFAULT mode.
[0;39m[31m2024-03-22 12:57:39,157[0;39m [32m[INFO][0;39m org.springframework.data.repository.config.RepositoryConfigurationDelegate main [32mFinished Spring Data repository scanning in 4 ms. Found 0 JPA repository interfaces.
[0;39m[31m2024-03-22 12:57:39,893[0;39m [32m[INFO][0;39m com.zaxxer.hikari.HikariDataSource main [32mHikariPool-1 - Starting...
[0;39m[31m2024-03-22 12:57:39,893[0;39m [32m[WARN][0;39m com.zaxxer.hikari.util.DriverDataSource main [32mRegistered driver with driverClassName=oracle.jdbc.driver.OracleDriver was not found, trying direct instantiation.
[0;39m[31m2024-03-22 12:57:40,523[0;39m [32m[INFO][0;39m com.zaxxer.hikari.pool.PoolBase main [32mHikariPool-1 - Driver does not support get/set network timeout for connections. (oracle.jdbc.driver.T4CConnection.getNetworkTimeout()I)
[0;39m[31m2024-03-22 12:57:40,539[0;39m [32m[INFO][0;39m com.zaxxer.hikari.HikariDataSource main [32mHikariPool-1 - Start completed.
[0;39m[31m2024-03-22 12:57:40,633[0;39m [32m[INFO][0;39m org.hibernate.jpa.internal.util.LogHelper main [32mHHH000204: Processing PersistenceUnitInfo [name: default]
[0;39m[31m2024-03-22 12:57:40,738[0;39m [32m[INFO][0;39m org.hibernate.Version main [32mHHH000412: Hibernate ORM core version 5.6.15.Final
[0;39m[31m2024-03-22 12:57:41,185[0;39m [32m[INFO][0;39m org.hibernate.annotations.common.Version main [32mHCANN000001: Hibernate Commons Annotations {5.1.2.Final}
[0;39m[31m2024-03-22 12:57:41,515[0;39m [32m[INFO][0;39m org.hibernate.dialect.Dialect main [32mHHH000400: Using dialect: org.hibernate.dialect.Oracle10gDialect
[0;39m[31m2024-03-22 12:57:42,050[0;39m [32m[INFO][0;39m org.hibernate.engine.transaction.jta.platform.internal.JtaPlatformInitiator main [32mHHH000490: Using JtaPlatform implementation: [org.hibernate.engine.transaction.jta.platform.internal.NoJtaPlatform]
[0;39m[31m2024-03-22 12:57:42,082[0;39m [32m[INFO][0;39m org.springframework.orm.jpa.LocalContainerEntityManagerFactoryBean main [32mInitialized JPA EntityManagerFactory for persistence unit 'default'
[0;39m[31m2024-03-22 12:57:42,805[0;39m [32m[WARN][0;39m org.springframework.boot.autoconfigure.orm.jpa.JpaBaseConfiguration$JpaWebConfiguration main [32mspring.jpa.open-in-view is enabled by default. Therefore, database queries may be performed during view rendering. Explicitly configure spring.jpa.open-in-view to disable this warning
[0;39m[31m2024-03-22 12:57:44,707[0;39m [32m[INFO][0;39m task.jdbctemplate.demo.DemoApplicationTests main [32mStarted DemoApplicationTests in 8.344 seconds (JVM running for 11.134)
[0;39m[31m2024-03-22 12:57:46,215[0;39m [32m[INFO][0;39m org.springframework.orm.jpa.LocalContainerEntityManagerFactoryBean SpringApplicationShutdownHook [32mClosing JPA EntityManagerFactory for persistence unit 'default'
[0;39m[31m2024-03-22 12:57:46,215[0;39m [32m[INFO][0;39m com.zaxxer.hikari.HikariDataSource SpringApplicationShutdownHook [32mHikariPool-1 - Shutdown initiated...
[0;39m[31m2024-03-22 12:57:46,247[0;39m [32m[INFO][0;39m com.zaxxer.hikari.HikariDataSource SpringApplicationShutdownHook [32mHikariPool-1 - Shutdown completed.
[0;39m[31m2024-03-22 12:58:59,639[0;39m [32m[INFO][0;39m task.jdbctemplate.demo.DemoApplicationTests main [32mStarting DemoApplicationTests using Java 1.8.0_292 on WPF45DE1T with PID 21268 (started by xxshetts in C:\Users\xxshetts\OneDrive - Tietoevry\Desktop\DLTE-JavaFullStack-ShreyasShettyB2024\DLTE-Spring\Tasks\DLTE-Spring-1101)
[0;39m[31m2024-03-22 12:58:59,639[0;39m [32m[INFO][0;39m task.jdbctemplate.demo.DemoApplicationTests main [32mNo active profile set, falling back to 1 default profile: "default"
[0;39m[31m2024-03-22 12:59:00,290[0;39m [32m[INFO][0;39m org.springframework.data.repository.config.RepositoryConfigurationDelegate main [32mMultiple Spring Data modules found, entering strict repository configuration mode
[0;39m[31m2024-03-22 12:59:00,290[0;39m [32m[INFO][0;39m org.springframework.data.repository.config.RepositoryConfigurationDelegate main [32mBootstrapping Spring Data JDBC repositories in DEFAULT mode.
[0;39m[31m2024-03-22 12:59:00,309[0;39m [32m[INFO][0;39m org.springframework.data.repository.config.RepositoryConfigurationDelegate main [32mFinished Spring Data repository scanning in 10 ms. Found 0 JDBC repository interfaces.
[0;39m[31m2024-03-22 12:59:00,319[0;39m [32m[INFO][0;39m org.springframework.data.repository.config.RepositoryConfigurationDelegate main [32mMultiple Spring Data modules found, entering strict repository configuration mode
[0;39m[31m2024-03-22 12:59:00,321[0;39m [32m[INFO][0;39m org.springframework.data.repository.config.RepositoryConfigurationDelegate main [32mBootstrapping Spring Data JPA repositories in DEFAULT mode.
[0;39m[31m2024-03-22 12:59:00,329[0;39m [32m[INFO][0;39m org.springframework.data.repository.config.RepositoryConfigurationDelegate main [32mFinished Spring Data repository scanning in 3 ms. Found 0 JPA repository interfaces.
[0;39m[31m2024-03-22 12:59:00,859[0;39m [32m[INFO][0;39m com.zaxxer.hikari.HikariDataSource main [32mHikariPool-1 - Starting...
[0;39m[31m2024-03-22 12:59:00,864[0;39m [32m[WARN][0;39m com.zaxxer.hikari.util.DriverDataSource main [32mRegistered driver with driverClassName=oracle.jdbc.driver.OracleDriver was not found, trying direct instantiation.
[0;39m[31m2024-03-22 12:59:01,172[0;39m [32m[INFO][0;39m com.zaxxer.hikari.pool.PoolBase main [32mHikariPool-1 - Driver does not support get/set network timeout for connections. (oracle.jdbc.driver.T4CConnection.getNetworkTimeout()I)
[0;39m[31m2024-03-22 12:59:01,179[0;39m [32m[INFO][0;39m com.zaxxer.hikari.HikariDataSource main [32mHikariPool-1 - Start completed.
[0;39m[31m2024-03-22 12:59:01,229[0;39m [32m[INFO][0;39m org.hibernate.jpa.internal.util.LogHelper main [32mHHH000204: Processing PersistenceUnitInfo [name: default]
[0;39m[31m2024-03-22 12:59:01,269[0;39m [32m[INFO][0;39m org.hibernate.Version main [32mHHH000412: Hibernate ORM core version 5.6.15.Final
[0;39m[31m2024-03-22 12:59:01,475[0;39m [32m[INFO][0;39m org.hibernate.annotations.common.Version main [32mHCANN000001: Hibernate Commons Annotations {5.1.2.Final}
[0;39m[31m2024-03-22 12:59:01,608[0;39m [32m[INFO][0;39m org.hibernate.dialect.Dialect main [32mHHH000400: Using dialect: org.hibernate.dialect.Oracle10gDialect
[0;39m[31m2024-03-22 12:59:01,837[0;39m [32m[INFO][0;39m org.hibernate.engine.transaction.jta.platform.internal.JtaPlatformInitiator main [32mHHH000490: Using JtaPlatform implementation: [org.hibernate.engine.transaction.jta.platform.internal.NoJtaPlatform]
[0;39m[31m2024-03-22 12:59:01,853[0;39m [32m[INFO][0;39m org.springframework.orm.jpa.LocalContainerEntityManagerFactoryBean main [32mInitialized JPA EntityManagerFactory for persistence unit 'default'
[0;39m[31m2024-03-22 12:59:02,137[0;39m [32m[WARN][0;39m org.springframework.boot.autoconfigure.orm.jpa.JpaBaseConfiguration$JpaWebConfiguration main [32mspring.jpa.open-in-view is enabled by default. Therefore, database queries may be performed during view rendering. Explicitly configure spring.jpa.open-in-view to disable this warning
[0;39m[31m2024-03-22 12:59:04,011[0;39m [32m[INFO][0;39m task.jdbctemplate.demo.DemoApplicationTests main [32mStarted DemoApplicationTests in 4.779 seconds (JVM running for 6.066)
[0;39m[31m2024-03-22 12:59:05,435[0;39m [32m[INFO][0;39m org.springframework.orm.jpa.LocalContainerEntityManagerFactoryBean SpringApplicationShutdownHook [32mClosing JPA EntityManagerFactory for persistence unit 'default'
[0;39m[31m2024-03-22 12:59:05,435[0;39m [32m[INFO][0;39m com.zaxxer.hikari.HikariDataSource SpringApplicationShutdownHook [32mHikariPool-1 - Shutdown initiated...
[0;39m[31m2024-03-22 12:59:05,451[0;39m [32m[INFO][0;39m com.zaxxer.hikari.HikariDataSource SpringApplicationShutdownHook [32mHikariPool-1 - Shutdown completed.
[0;39m[31m2024-03-22 13:03:03,919[0;39m [32m[INFO][0;39m task.jdbctemplate.demo.DemoApplicationTests main [32mStarting DemoApplicationTests using Java 1.8.0_292 on WPF45DE1T with PID 19640 (started by xxshetts in C:\Users\xxshetts\OneDrive - Tietoevry\Desktop\DLTE-JavaFullStack-ShreyasShettyB2024\DLTE-Spring\Tasks\DLTE-Spring-1101)
[0;39m[31m2024-03-22 13:03:03,919[0;39m [32m[INFO][0;39m task.jdbctemplate.demo.DemoApplicationTests main [32mNo active profile set, falling back to 1 default profile: "default"
[0;39m[31m2024-03-22 13:03:04,565[0;39m [32m[INFO][0;39m org.springframework.data.repository.config.RepositoryConfigurationDelegate main [32mMultiple Spring Data modules found, entering strict repository configuration mode
[0;39m[31m2024-03-22 13:03:04,565[0;39m [32m[INFO][0;39m org.springframework.data.repository.config.RepositoryConfigurationDelegate main [32mBootstrapping Spring Data JDBC repositories in DEFAULT mode.
[0;39m[31m2024-03-22 13:03:04,591[0;39m [32m[INFO][0;39m org.springframework.data.repository.config.RepositoryConfigurationDelegate main [32mFinished Spring Data repository scanning in 10 ms. Found 0 JDBC repository interfaces.
[0;39m[31m2024-03-22 13:03:04,597[0;39m [32m[INFO][0;39m org.springframework.data.repository.config.RepositoryConfigurationDelegate main [32mMultiple Spring Data modules found, entering strict repository configuration mode
[0;39m[31m2024-03-22 13:03:04,597[0;39m [32m[INFO][0;39m org.springframework.data.repository.config.RepositoryConfigurationDelegate main [32mBootstrapping Spring Data JPA repositories in DEFAULT mode.
[0;39m[31m2024-03-22 13:03:04,613[0;39m [32m[INFO][0;39m org.springframework.data.repository.config.RepositoryConfigurationDelegate main [32mFinished Spring Data repository scanning in 2 ms. Found 0 JPA repository interfaces.
[0;39m[31m2024-03-22 13:03:05,118[0;39m [32m[INFO][0;39m com.zaxxer.hikari.HikariDataSource main [32mHikariPool-1 - Starting...
[0;39m[31m2024-03-22 13:03:05,118[0;39m [32m[WARN][0;39m com.zaxxer.hikari.util.DriverDataSource main [32mRegistered driver with driverClassName=oracle.jdbc.driver.OracleDriver was not found, trying direct instantiation.
[0;39m[31m2024-03-22 13:03:05,463[0;39m [32m[INFO][0;39m com.zaxxer.hikari.pool.PoolBase main [32mHikariPool-1 - Driver does not support get/set network timeout for connections. (oracle.jdbc.driver.T4CConnection.getNetworkTimeout()I)
[0;39m[31m2024-03-22 13:03:05,463[0;39m [32m[INFO][0;39m com.zaxxer.hikari.HikariDataSource main [32mHikariPool-1 - Start completed.
[0;39m[31m2024-03-22 13:03:05,526[0;39m [32m[INFO][0;39m org.hibernate.jpa.internal.util.LogHelper main [32mHHH000204: Processing PersistenceUnitInfo [name: default]
[0;39m[31m2024-03-22 13:03:05,573[0;39m [32m[INFO][0;39m org.hibernate.Version main [32mHHH000412: Hibernate ORM core version 5.6.15.Final
[0;39m[31m2024-03-22 13:03:05,810[0;39m [32m[INFO][0;39m org.hibernate.annotations.common.Version main [32mHCANN000001: Hibernate Commons Annotations {5.1.2.Final}
[0;39m[31m2024-03-22 13:03:05,983[0;39m [32m[INFO][0;39m org.hibernate.dialect.Dialect main [32mHHH000400: Using dialect: org.hibernate.dialect.Oracle10gDialect
[0;39m[31m2024-03-22 13:03:06,313[0;39m [32m[INFO][0;39m org.hibernate.engine.transaction.jta.platform.internal.JtaPlatformInitiator main [32mHHH000490: Using JtaPlatform implementation: [org.hibernate.engine.transaction.jta.platform.internal.NoJtaPlatform]
[0;39m[31m2024-03-22 13:03:06,329[0;39m [32m[INFO][0;39m org.springframework.orm.jpa.LocalContainerEntityManagerFactoryBean main [32mInitialized JPA EntityManagerFactory for persistence unit 'default'
[0;39m[31m2024-03-22 13:03:06,660[0;39m [32m[WARN][0;39m org.springframework.boot.autoconfigure.orm.jpa.JpaBaseConfiguration$JpaWebConfiguration main [32mspring.jpa.open-in-view is enabled by default. Therefore, database queries may be performed during view rendering. Explicitly configure spring.jpa.open-in-view to disable this warning
[0;39m[31m2024-03-22 13:03:08,615[0;39m [32m[INFO][0;39m task.jdbctemplate.demo.DemoApplicationTests main [32mStarted DemoApplicationTests in 5.099 seconds (JVM running for 6.346)
[0;39m[31m2024-03-22 13:03:09,777[0;39m [32m[INFO][0;39m org.springframework.orm.jpa.LocalContainerEntityManagerFactoryBean SpringApplicationShutdownHook [32mClosing JPA EntityManagerFactory for persistence unit 'default'
[0;39m[31m2024-03-22 13:03:09,782[0;39m [32m[INFO][0;39m com.zaxxer.hikari.HikariDataSource SpringApplicationShutdownHook [32mHikariPool-1 - Shutdown initiated...
[0;39m[31m2024-03-22 13:03:09,798[0;39m [32m[INFO][0;39m com.zaxxer.hikari.HikariDataSource SpringApplicationShutdownHook [32mHikariPool-1 - Shutdown completed.
[0;39m[31m2024-03-22 14:05:01,727[0;39m [32m[INFO][0;39m task.jdbctemplate.demo.DemoApplicationTests main [32mStarting DemoApplicationTests using Java 1.8.0_292 on WPF45DE1T with PID 6468 (started by xxshetts in C:\Users\xxshetts\OneDrive - Tietoevry\Desktop\DLTE-JavaFullStack-ShreyasShettyB2024\DLTE-Spring\Tasks\DLTE-Spring-1101)
[0;39m[31m2024-03-22 14:05:01,727[0;39m [32m[INFO][0;39m task.jdbctemplate.demo.DemoApplicationTests main [32mNo active profile set, falling back to 1 default profile: "default"
[0;39m[31m2024-03-22 14:05:02,339[0;39m [32m[INFO][0;39m org.springframework.data.repository.config.RepositoryConfigurationDelegate main [32mMultiple Spring Data modules found, entering strict repository configuration mode
[0;39m[31m2024-03-22 14:05:02,339[0;39m [32m[INFO][0;39m org.springframework.data.repository.config.RepositoryConfigurationDelegate main [32mBootstrapping Spring Data JDBC repositories in DEFAULT mode.
[0;39m[31m2024-03-22 14:05:02,355[0;39m [32m[INFO][0;39m org.springframework.data.repository.config.RepositoryConfigurationDelegate main [32mFinished Spring Data repository scanning in 10 ms. Found 0 JDBC repository interfaces.
[0;39m[31m2024-03-22 14:05:02,372[0;39m [32m[INFO][0;39m org.springframework.data.repository.config.RepositoryConfigurationDelegate main [32mMultiple Spring Data modules found, entering strict repository configuration mode
[0;39m[31m2024-03-22 14:05:02,372[0;39m [32m[INFO][0;39m org.springframework.data.repository.config.RepositoryConfigurationDelegate main [32mBootstrapping Spring Data JPA repositories in DEFAULT mode.
[0;39m[31m2024-03-22 14:05:02,372[0;39m [32m[INFO][0;39m org.springframework.data.repository.config.RepositoryConfigurationDelegate main [32mFinished Spring Data repository scanning in 3 ms. Found 0 JPA repository interfaces.
[0;39m[31m2024-03-22 14:05:02,938[0;39m [32m[INFO][0;39m com.zaxxer.hikari.HikariDataSource main [32mHikariPool-1 - Starting...
[0;39m[31m2024-03-22 14:05:02,954[0;39m [32m[WARN][0;39m com.zaxxer.hikari.util.DriverDataSource main [32mRegistered driver with driverClassName=oracle.jdbc.driver.OracleDriver was not found, trying direct instantiation.
[0;39m[31m2024-03-22 14:05:03,255[0;39m [32m[INFO][0;39m com.zaxxer.hikari.pool.PoolBase main [32mHikariPool-1 - Driver does not support get/set network timeout for connections. (oracle.jdbc.driver.T4CConnection.getNetworkTimeout()I)
[0;39m[31m2024-03-22 14:05:03,255[0;39m [32m[INFO][0;39m com.zaxxer.hikari.HikariDataSource main [32mHikariPool-1 - Start completed.
[0;39m[31m2024-03-22 14:05:03,318[0;39m [32m[INFO][0;39m org.hibernate.jpa.internal.util.LogHelper main [32mHHH000204: Processing PersistenceUnitInfo [name: default]
[0;39m[31m2024-03-22 14:05:03,372[0;39m [32m[INFO][0;39m org.hibernate.Version main [32mHHH000412: Hibernate ORM core version 5.6.15.Final
[0;39m[31m2024-03-22 14:05:03,573[0;39m [32m[INFO][0;39m org.hibernate.annotations.common.Version main [32mHCANN000001: Hibernate Commons Annotations {5.1.2.Final}
[0;39m[31m2024-03-22 14:05:03,696[0;39m [32m[INFO][0;39m org.hibernate.dialect.Dialect main [32mHHH000400: Using dialect: org.hibernate.dialect.Oracle10gDialect
[0;39m[31m2024-03-22 14:05:04,004[0;39m [32m[INFO][0;39m org.hibernate.engine.transaction.jta.platform.internal.JtaPlatformInitiator main [32mHHH000490: Using JtaPlatform implementation: [org.hibernate.engine.transaction.jta.platform.internal.NoJtaPlatform]
[0;39m[31m2024-03-22 14:05:04,012[0;39m [32m[INFO][0;39m org.springframework.orm.jpa.LocalContainerEntityManagerFactoryBean main [32mInitialized JPA EntityManagerFactory for persistence unit 'default'
[0;39m[31m2024-03-22 14:05:04,311[0;39m [32m[WARN][0;39m org.springframework.boot.autoconfigure.orm.jpa.JpaBaseConfiguration$JpaWebConfiguration main [32mspring.jpa.open-in-view is enabled by default. Therefore, database queries may be performed during view rendering. Explicitly configure spring.jpa.open-in-view to disable this warning
[0;39m[31m2024-03-22 14:05:05,320[0;39m [32m[INFO][0;39m task.jdbctemplate.demo.DemoApplicationTests main [32mStarted DemoApplicationTests in 4.005 seconds (JVM running for 5.204)
[0;39m[31m2024-03-22 14:05:05,918[0;39m [32m[INFO][0;39m org.springframework.orm.jpa.LocalContainerEntityManagerFactoryBean SpringApplicationShutdownHook [32mClosing JPA EntityManagerFactory for persistence unit 'default'
[0;39m[31m2024-03-22 14:05:05,918[0;39m [32m[INFO][0;39m com.zaxxer.hikari.HikariDataSource SpringApplicationShutdownHook [32mHikariPool-1 - Shutdown initiated...
[0;39m[31m2024-03-22 14:05:05,938[0;39m [32m[INFO][0;39m com.zaxxer.hikari.HikariDataSource SpringApplicationShutdownHook [32mHikariPool-1 - Shutdown completed.
[0;39m[31m2024-03-22 14:06:10,672[0;39m [32m[INFO][0;39m task.jdbctemplate.demo.DemoApplicationTests main [32mStarting DemoApplicationTests using Java 1.8.0_292 on WPF45DE1T with PID 3332 (started by xxshetts in C:\Users\xxshetts\OneDrive - Tietoevry\Desktop\DLTE-JavaFullStack-ShreyasShettyB2024\DLTE-Spring\Tasks\DLTE-Spring-1101)
[0;39m[31m2024-03-22 14:06:10,672[0;39m [32m[INFO][0;39m task.jdbctemplate.demo.DemoApplicationTests main [32mNo active profile set, falling back to 1 default profile: "default"
[0;39m[31m2024-03-22 14:06:11,286[0;39m [32m[INFO][0;39m org.springframework.data.repository.config.RepositoryConfigurationDelegate main [32mMultiple Spring Data modules found, entering strict repository configuration mode
[0;39m[31m2024-03-22 14:06:11,286[0;39m [32m[INFO][0;39m org.springframework.data.repository.config.RepositoryConfigurationDelegate main [32mBootstrapping Spring Data JDBC repositories in DEFAULT mode.
[0;39m[31m2024-03-22 14:06:11,302[0;39m [32m[INFO][0;39m org.springframework.data.repository.config.RepositoryConfigurationDelegate main [32mFinished Spring Data repository scanning in 10 ms. Found 0 JDBC repository interfaces.
[0;39m[31m2024-03-22 14:06:11,317[0;39m [32m[INFO][0;39m org.springframework.data.repository.config.RepositoryConfigurationDelegate main [32mMultiple Spring Data modules found, entering strict repository configuration mode
[0;39m[31m2024-03-22 14:06:11,317[0;39m [32m[INFO][0;39m org.springframework.data.repository.config.RepositoryConfigurationDelegate main [32mBootstrapping Spring Data JPA repositories in DEFAULT mode.
[0;39m[31m2024-03-22 14:06:11,317[0;39m [32m[INFO][0;39m org.springframework.data.repository.config.RepositoryConfigurationDelegate main [32mFinished Spring Data repository scanning in 2 ms. Found 0 JPA repository interfaces.
[0;39m[31m2024-03-22 14:06:11,869[0;39m [32m[INFO][0;39m com.zaxxer.hikari.HikariDataSource main [32mHikariPool-1 - Starting...
[0;39m[31m2024-03-22 14:06:11,884[0;39m [32m[WARN][0;39m com.zaxxer.hikari.util.DriverDataSource main [32mRegistered driver with driverClassName=oracle.jdbc.driver.OracleDriver was not found, trying direct instantiation.
[0;39m[31m2024-03-22 14:06:12,294[0;39m [32m[INFO][0;39m com.zaxxer.hikari.pool.PoolBase main [32mHikariPool-1 - Driver does not support get/set network timeout for connections. (oracle.jdbc.driver.T4CConnection.getNetworkTimeout()I)
[0;39m[31m2024-03-22 14:06:12,310[0;39m [32m[INFO][0;39m com.zaxxer.hikari.HikariDataSource main [32mHikariPool-1 - Start completed.
[0;39m[31m2024-03-22 14:06:12,373[0;39m [32m[INFO][0;39m org.hibernate.jpa.internal.util.LogHelper main [32mHHH000204: Processing PersistenceUnitInfo [name: default]
[0;39m[31m2024-03-22 14:06:12,453[0;39m [32m[INFO][0;39m org.hibernate.Version main [32mHHH000412: Hibernate ORM core version 5.6.15.Final
[0;39m[31m2024-03-22 14:06:12,751[0;39m [32m[INFO][0;39m org.hibernate.annotations.common.Version main [32mHCANN000001: Hibernate Commons Annotations {5.1.2.Final}
[0;39m[31m2024-03-22 14:06:12,940[0;39m [32m[INFO][0;39m org.hibernate.dialect.Dialect main [32mHHH000400: Using dialect: org.hibernate.dialect.Oracle10gDialect
[0;39m[31m2024-03-22 14:06:13,317[0;39m [32m[INFO][0;39m org.hibernate.engine.transaction.jta.platform.internal.JtaPlatformInitiator main [32mHHH000490: Using JtaPlatform implementation: [org.hibernate.engine.transaction.jta.platform.internal.NoJtaPlatform]
[0;39m[31m2024-03-22 14:06:13,333[0;39m [32m[INFO][0;39m org.springframework.orm.jpa.LocalContainerEntityManagerFactoryBean main [32mInitialized JPA EntityManagerFactory for persistence unit 'default'
[0;39m[31m2024-03-22 14:06:13,757[0;39m [32m[WARN][0;39m org.springframework.boot.autoconfigure.orm.jpa.JpaBaseConfiguration$JpaWebConfiguration main [32mspring.jpa.open-in-view is enabled by default. Therefore, database queries may be performed during view rendering. Explicitly configure spring.jpa.open-in-view to disable this warning
[0;39m[31m2024-03-22 14:06:15,702[0;39m [32m[INFO][0;39m task.jdbctemplate.demo.DemoApplicationTests main [32mStarted DemoApplicationTests in 5.419 seconds (JVM running for 6.663)
[0;39m[31m2024-03-22 14:06:16,912[0;39m [32m[INFO][0;39m org.springframework.orm.jpa.LocalContainerEntityManagerFactoryBean SpringApplicationShutdownHook [32mClosing JPA EntityManagerFactory for persistence unit 'default'
[0;39m[31m2024-03-22 14:06:16,912[0;39m [32m[INFO][0;39m com.zaxxer.hikari.HikariDataSource SpringApplicationShutdownHook [32mHikariPool-1 - Shutdown initiated...
[0;39m[31m2024-03-22 14:06:16,929[0;39m [32m[INFO][0;39m com.zaxxer.hikari.HikariDataSource SpringApplicationShutdownHook [32mHikariPool-1 - Shutdown completed.
[0;39m[31m2024-03-22 14:06:30,777[0;39m [32m[INFO][0;39m task.jdbctemplate.demo.DemoApplicationTests main [32mStarting DemoApplicationTests using Java 1.8.0_292 on WPF45DE1T with PID 6336 (started by xxshetts in C:\Users\xxshetts\OneDrive - Tietoevry\Desktop\DLTE-JavaFullStack-ShreyasShettyB2024\DLTE-Spring\Tasks\DLTE-Spring-1101)
[0;39m[31m2024-03-22 14:06:30,777[0;39m [32m[INFO][0;39m task.jdbctemplate.demo.DemoApplicationTests main [32mNo active profile set, falling back to 1 default profile: "default"
[0;39m[31m2024-03-22 14:06:31,941[0;39m [32m[INFO][0;39m org.springframework.data.repository.config.RepositoryConfigurationDelegate main [32mMultiple Spring Data modules found, entering strict repository configuration mode
[0;39m[31m2024-03-22 14:06:31,941[0;39m [32m[INFO][0;39m org.springframework.data.repository.config.RepositoryConfigurationDelegate main [32mBootstrapping Spring Data JDBC repositories in DEFAULT mode.
[0;39m[31m2024-03-22 14:06:31,973[0;39m [32m[INFO][0;39m org.springframework.data.repository.config.RepositoryConfigurationDelegate main [32mFinished Spring Data repository scanning in 16 ms. Found 0 JDBC repository interfaces.
[0;39m[31m2024-03-22 14:06:31,989[0;39m [32m[INFO][0;39m org.springframework.data.repository.config.RepositoryConfigurationDelegate main [32mMultiple Spring Data modules found, entering strict repository configuration mode
[0;39m[31m2024-03-22 14:06:31,989[0;39m [32m[INFO][0;39m org.springframework.data.repository.config.RepositoryConfigurationDelegate main [32mBootstrapping Spring Data JPA repositories in DEFAULT mode.
[0;39m[31m2024-03-22 14:06:32,005[0;39m [32m[INFO][0;39m org.springframework.data.repository.config.RepositoryConfigurationDelegate main [32mFinished Spring Data repository scanning in 6 ms. Found 0 JPA repository interfaces.
[0;39m[31m2024-03-22 14:06:32,913[0;39m [32m[INFO][0;39m com.zaxxer.hikari.HikariDataSource main [32mHikariPool-1 - Starting...
[0;39m[31m2024-03-22 14:06:32,919[0;39m [32m[WARN][0;39m com.zaxxer.hikari.util.DriverDataSource main [32mRegistered driver with driverClassName=oracle.jdbc.driver.OracleDriver was not found, trying direct instantiation.
[0;39m[31m2024-03-22 14:06:33,454[0;39m [32m[INFO][0;39m com.zaxxer.hikari.pool.PoolBase main [32mHikariPool-1 - Driver does not support get/set network timeout for connections. (oracle.jdbc.driver.T4CConnection.getNetworkTimeout()I)
[0;39m[31m2024-03-22 14:06:33,454[0;39m [32m[INFO][0;39m com.zaxxer.hikari.HikariDataSource main [32mHikariPool-1 - Start completed.
[0;39m[31m2024-03-22 14:06:33,532[0;39m [32m[INFO][0;39m org.hibernate.jpa.internal.util.LogHelper main [32mHHH000204: Processing PersistenceUnitInfo [name: default]
[0;39m[31m2024-03-22 14:06:33,595[0;39m [32m[INFO][0;39m org.hibernate.Version main [32mHHH000412: Hibernate ORM core version 5.6.15.Final
[0;39m[31m2024-03-22 14:06:33,847[0;39m [32m[INFO][0;39m org.hibernate.annotations.common.Version main [32mHCANN000001: Hibernate Commons Annotations {5.1.2.Final}
[0;39m[31m2024-03-22 14:06:34,021[0;39m [32m[INFO][0;39m org.hibernate.dialect.Dialect main [32mHHH000400: Using dialect: org.hibernate.dialect.Oracle10gDialect
[0;39m[31m2024-03-22 14:06:34,341[0;39m [32m[INFO][0;39m org.hibernate.engine.transaction.jta.platform.internal.JtaPlatformInitiator main [32mHHH000490: Using JtaPlatform implementation: [org.hibernate.engine.transaction.jta.platform.internal.NoJtaPlatform]
[0;39m[31m2024-03-22 14:06:34,356[0;39m [32m[INFO][0;39m org.springframework.orm.jpa.LocalContainerEntityManagerFactoryBean main [32mInitialized JPA EntityManagerFactory for persistence unit 'default'
[0;39m[31m2024-03-22 14:06:34,677[0;39m [32m[WARN][0;39m org.springframework.boot.autoconfigure.orm.jpa.JpaBaseConfiguration$JpaWebConfiguration main [32mspring.jpa.open-in-view is enabled by default. Therefore, database queries may be performed during view rendering. Explicitly configure spring.jpa.open-in-view to disable this warning
[0;39m[31m2024-03-22 14:06:35,726[0;39m [32m[INFO][0;39m task.jdbctemplate.demo.DemoApplicationTests main [32mStarted DemoApplicationTests in 5.453 seconds (JVM running for 6.653)
[0;39m[31m2024-03-22 14:06:36,731[0;39m [32m[INFO][0;39m org.springframework.orm.jpa.LocalContainerEntityManagerFactoryBean SpringApplicationShutdownHook [32mClosing JPA EntityManagerFactory for persistence unit 'default'
[0;39m[31m2024-03-22 14:06:36,731[0;39m [32m[INFO][0;39m com.zaxxer.hikari.HikariDataSource SpringApplicationShutdownHook [32mHikariPool-1 - Shutdown initiated...
[0;39m[31m2024-03-22 14:06:36,753[0;39m [32m[INFO][0;39m com.zaxxer.hikari.HikariDataSource SpringApplicationShutdownHook [32mHikariPool-1 - Shutdown completed.
[0;39m[31m2024-03-22 14:06:59,556[0;39m [32m[INFO][0;39m task.jdbctemplate.demo.DemoApplicationTests main [32mStarting DemoApplicationTests using Java 1.8.0_292 on WPF45DE1T with PID 19412 (started by xxshetts in C:\Users\xxshetts\OneDrive - Tietoevry\Desktop\DLTE-JavaFullStack-ShreyasShettyB2024\DLTE-Spring\Tasks\DLTE-Spring-1101)
[0;39m[31m2024-03-22 14:06:59,556[0;39m [32m[INFO][0;39m task.jdbctemplate.demo.DemoApplicationTests main [32mNo active profile set, falling back to 1 default profile: "default"
[0;39m[31m2024-03-22 14:07:00,984[0;39m [32m[INFO][0;39m org.springframework.data.repository.config.RepositoryConfigurationDelegate main [32mMultiple Spring Data modules found, entering strict repository configuration mode
[0;39m[31m2024-03-22 14:07:00,984[0;39m [32m[INFO][0;39m org.springframework.data.repository.config.RepositoryConfigurationDelegate main [32mBootstrapping Spring Data JDBC repositories in DEFAULT mode.
[0;39m[31m2024-03-22 14:07:01,016[0;39m [32m[INFO][0;39m org.springframework.data.repository.config.RepositoryConfigurationDelegate main [32mFinished Spring Data repository scanning in 17 ms. Found 0 JDBC repository interfaces.
[0;39m[31m2024-03-22 14:07:01,032[0;39m [32m[INFO][0;39m org.springframework.data.repository.config.RepositoryConfigurationDelegate main [32mMultiple Spring Data modules found, entering strict repository configuration mode
[0;39m[31m2024-03-22 14:07:01,032[0;39m [32m[INFO][0;39m org.springframework.data.repository.config.RepositoryConfigurationDelegate main [32mBootstrapping Spring Data JPA repositories in DEFAULT mode.
[0;39m[31m2024-03-22 14:07:01,047[0;39m [32m[INFO][0;39m org.springframework.data.repository.config.RepositoryConfigurationDelegate main [32mFinished Spring Data repository scanning in 6 ms. Found 0 JPA repository interfaces.
[0;39m[31m2024-03-22 14:07:01,786[0;39m [32m[INFO][0;39m com.zaxxer.hikari.HikariDataSource main [32mHikariPool-1 - Starting...
[0;39m[31m2024-03-22 14:07:01,786[0;39m [32m[WARN][0;39m com.zaxxer.hikari.util.DriverDataSource main [32mRegistered driver with driverClassName=oracle.jdbc.driver.OracleDriver was not found, trying direct instantiation.
[0;39m[31m2024-03-22 14:07:02,086[0;39m [32m[INFO][0;39m com.zaxxer.hikari.pool.PoolBase main [32mHikariPool-1 - Driver does not support get/set network timeout for connections. (oracle.jdbc.driver.T4CConnection.getNetworkTimeout()I)
[0;39m[31m2024-03-22 14:07:02,102[0;39m [32m[INFO][0;39m com.zaxxer.hikari.HikariDataSource main [32mHikariPool-1 - Start completed.
[0;39m[31m2024-03-22 14:07:02,149[0;39m [32m[INFO][0;39m org.hibernate.jpa.internal.util.LogHelper main [32mHHH000204: Processing PersistenceUnitInfo [name: default]
[0;39m[31m2024-03-22 14:07:02,180[0;39m [32m[INFO][0;39m org.hibernate.Version main [32mHHH000412: Hibernate ORM core version 5.6.15.Final
[0;39m[31m2024-03-22 14:07:02,369[0;39m [32m[INFO][0;39m org.hibernate.annotations.common.Version main [32mHCANN000001: Hibernate Commons Annotations {5.1.2.Final}
[0;39m[31m2024-03-22 14:07:02,464[0;39m [32m[INFO][0;39m org.hibernate.dialect.Dialect main [32mHHH000400: Using dialect: org.hibernate.dialect.Oracle10gDialect
[0;39m[31m2024-03-22 14:07:02,669[0;39m [32m[INFO][0;39m org.hibernate.engine.transaction.jta.platform.internal.JtaPlatformInitiator main [32mHHH000490: Using JtaPlatform implementation: [org.hibernate.engine.transaction.jta.platform.internal.NoJtaPlatform]
[0;39m[31m2024-03-22 14:07:02,669[0;39m [32m[INFO][0;39m org.springframework.orm.jpa.LocalContainerEntityManagerFactoryBean main [32mInitialized JPA EntityManagerFactory for persistence unit 'default'
[0;39m[31m2024-03-22 14:07:02,872[0;39m [32m[WARN][0;39m org.springframework.boot.autoconfigure.orm.jpa.JpaBaseConfiguration$JpaWebConfiguration main [32mspring.jpa.open-in-view is enabled by default. Therefore, database queries may be performed during view rendering. Explicitly configure spring.jpa.open-in-view to disable this warning
[0;39m[31m2024-03-22 14:07:03,577[0;39m [32m[INFO][0;39m task.jdbctemplate.demo.DemoApplicationTests main [32mStarted DemoApplicationTests in 4.879 seconds (JVM running for 6.503)
[0;39m[31m2024-03-22 14:07:04,132[0;39m [32m[INFO][0;39m org.springframework.orm.jpa.LocalContainerEntityManagerFactoryBean SpringApplicationShutdownHook [32mClosing JPA EntityManagerFactory for persistence unit 'default'
[0;39m[31m2024-03-22 14:07:04,132[0;39m [32m[INFO][0;39m com.zaxxer.hikari.HikariDataSource SpringApplicationShutdownHook [32mHikariPool-1 - Shutdown initiated...
[0;39m[31m2024-03-22 14:07:04,156[0;39m [32m[INFO][0;39m com.zaxxer.hikari.HikariDataSource SpringApplicationShutdownHook [32mHikariPool-1 - Shutdown completed.
[0;39m[31m2024-03-22 14:07:42,630[0;39m [32m[INFO][0;39m task.jdbctemplate.demo.DemoApplicationTests main [32mStarting DemoApplicationTests using Java 1.8.0_292 on WPF45DE1T with PID 15084 (started by xxshetts in C:\Users\xxshetts\OneDrive - Tietoevry\Desktop\DLTE-JavaFullStack-ShreyasShettyB2024\DLTE-Spring\Tasks\DLTE-Spring-1101)
[0;39m[31m2024-03-22 14:07:42,646[0;39m [32m[INFO][0;39m task.jdbctemplate.demo.DemoApplicationTests main [32mNo active profile set, falling back to 1 default profile: "default"
[0;39m[31m2024-03-22 14:07:43,277[0;39m [32m[INFO][0;39m org.springframework.data.repository.config.RepositoryConfigurationDelegate main [32mMultiple Spring Data modules found, entering strict repository configuration mode
[0;39m[31m2024-03-22 14:07:43,277[0;39m [32m[INFO][0;39m org.springframework.data.repository.config.RepositoryConfigurationDelegate main [32mBootstrapping Spring Data JDBC repositories in DEFAULT mode.
[0;39m[31m2024-03-22 14:07:43,308[0;39m [32m[INFO][0;39m org.springframework.data.repository.config.RepositoryConfigurationDelegate main [32mFinished Spring Data repository scanning in 11 ms. Found 0 JDBC repository interfaces.
[0;39m[31m2024-03-22 14:07:43,308[0;39m [32m[INFO][0;39m org.springframework.data.repository.config.RepositoryConfigurationDelegate main [32mMultiple Spring Data modules found, entering strict repository configuration mode
[0;39m[31m2024-03-22 14:07:43,308[0;39m [32m[INFO][0;39m org.springframework.data.repository.config.RepositoryConfigurationDelegate main [32mBootstrapping Spring Data JPA repositories in DEFAULT mode.
[0;39m[31m2024-03-22 14:07:43,327[0;39m [32m[INFO][0;39m org.springframework.data.repository.config.RepositoryConfigurationDelegate main [32mFinished Spring Data repository scanning in 3 ms. Found 0 JPA repository interfaces.
[0;39m[31m2024-03-22 14:07:44,206[0;39m [32m[INFO][0;39m com.zaxxer.hikari.HikariDataSource main [32mHikariPool-1 - Starting...
[0;39m[31m2024-03-22 14:07:44,206[0;39m [32m[WARN][0;39m com.zaxxer.hikari.util.DriverDataSource main [32mRegistered driver with driverClassName=oracle.jdbc.driver.OracleDriver was not found, trying direct instantiation.
[0;39m[31m2024-03-22 14:07:44,934[0;39m [32m[INFO][0;39m com.zaxxer.hikari.pool.PoolBase main [32mHikariPool-1 - Driver does not support get/set network timeout for connections. (oracle.jdbc.driver.T4CConnection.getNetworkTimeout()I)
[0;39m[31m2024-03-22 14:07:44,934[0;39m [32m[INFO][0;39m com.zaxxer.hikari.HikariDataSource main [32mHikariPool-1 - Start completed.
[0;39m[31m2024-03-22 14:07:45,044[0;39m [32m[INFO][0;39m org.hibernate.jpa.internal.util.LogHelper main [32mHHH000204: Processing PersistenceUnitInfo [name: default]
[0;39m[31m2024-03-22 14:07:45,139[0;39m [32m[INFO][0;39m org.hibernate.Version main [32mHHH000412: Hibernate ORM core version 5.6.15.Final
[0;39m[31m2024-03-22 14:07:45,548[0;39m [32m[INFO][0;39m org.hibernate.annotations.common.Version main [32mHCANN000001: Hibernate Commons Annotations {5.1.2.Final}
[0;39m[31m2024-03-22 14:07:45,863[0;39m [32m[INFO][0;39m org.hibernate.dialect.Dialect main [32mHHH000400: Using dialect: org.hibernate.dialect.Oracle10gDialect
[0;39m[31m2024-03-22 14:07:46,624[0;39m [32m[INFO][0;39m org.hibernate.engine.transaction.jta.platform.internal.JtaPlatformInitiator main [32mHHH000490: Using JtaPlatform implementation: [org.hibernate.engine.transaction.jta.platform.internal.NoJtaPlatform]
[0;39m[31m2024-03-22 14:07:46,655[0;39m [32m[INFO][0;39m org.springframework.orm.jpa.LocalContainerEntityManagerFactoryBean main [32mInitialized JPA EntityManagerFactory for persistence unit 'default'
[0;39m[31m2024-03-22 14:07:47,211[0;39m [32m[WARN][0;39m org.springframework.boot.autoconfigure.orm.jpa.JpaBaseConfiguration$JpaWebConfiguration main [32mspring.jpa.open-in-view is enabled by default. Therefore, database queries may be performed during view rendering. Explicitly configure spring.jpa.open-in-view to disable this warning
[0;39m[31m2024-03-22 14:07:48,534[0;39m [32m[INFO][0;39m task.jdbctemplate.demo.DemoApplicationTests main [32mStarted DemoApplicationTests in 6.303 seconds (JVM running for 7.482)
[0;39m[31m2024-03-22 14:07:49,735[0;39m [32m[INFO][0;39m org.springframework.orm.jpa.LocalContainerEntityManagerFactoryBean SpringApplicationShutdownHook [32mClosing JPA EntityManagerFactory for persistence unit 'default'
[0;39m[31m2024-03-22 14:07:49,751[0;39m [32m[INFO][0;39m com.zaxxer.hikari.HikariDataSource SpringApplicationShutdownHook [32mHikariPool-1 - Shutdown initiated...
[0;39m[31m2024-03-22 14:07:49,768[0;39m [32m[INFO][0;39m com.zaxxer.hikari.HikariDataSource SpringApplicationShutdownHook [32mHikariPool-1 - Shutdown completed.
[0;39m[31m2024-03-22 14:15:57,455[0;39m [32m[INFO][0;39m task.jdbctemplate.demo.DemoApplicationTests main [32mStarting DemoApplicationTests using Java 1.8.0_292 on WPF45DE1T with PID 9752 (started by xxshetts in C:\Users\xxshetts\OneDrive - Tietoevry\Desktop\DLTE-JavaFullStack-ShreyasShettyB2024\DLTE-Spring\Tasks\DLTE-Spring-1101)
[0;39m[31m2024-03-22 14:15:57,455[0;39m [32m[INFO][0;39m task.jdbctemplate.demo.DemoApplicationTests main [32mNo active profile set, falling back to 1 default profile: "default"
[0;39m[31m2024-03-22 14:15:58,037[0;39m [32m[INFO][0;39m org.springframework.data.repository.config.RepositoryConfigurationDelegate main [32mMultiple Spring Data modules found, entering strict repository configuration mode
[0;39m[31m2024-03-22 14:15:58,037[0;39m [32m[INFO][0;39m org.springframework.data.repository.config.RepositoryConfigurationDelegate main [32mBootstrapping Spring Data JDBC repositories in DEFAULT mode.
[0;39m[31m2024-03-22 14:15:58,054[0;39m [32m[INFO][0;39m org.springframework.data.repository.config.RepositoryConfigurationDelegate main [32mFinished Spring Data repository scanning in 9 ms. Found 0 JDBC repository interfaces.
[0;39m[31m2024-03-22 14:15:58,054[0;39m [32m[INFO][0;39m org.springframework.data.repository.config.RepositoryConfigurationDelegate main [32mMultiple Spring Data modules found, entering strict repository configuration mode
[0;39m[31m2024-03-22 14:15:58,054[0;39m [32m[INFO][0;39m org.springframework.data.repository.config.RepositoryConfigurationDelegate main [32mBootstrapping Spring Data JPA repositories in DEFAULT mode.
[0;39m[31m2024-03-22 14:15:58,070[0;39m [32m[INFO][0;39m org.springframework.data.repository.config.RepositoryConfigurationDelegate main [32mFinished Spring Data repository scanning in 3 ms. Found 0 JPA repository interfaces.
[0;39m[31m2024-03-22 14:15:58,573[0;39m [32m[INFO][0;39m com.zaxxer.hikari.HikariDataSource main [32mHikariPool-1 - Starting...
[0;39m[31m2024-03-22 14:15:58,588[0;39m [32m[WARN][0;39m com.zaxxer.hikari.util.DriverDataSource main [32mRegistered driver with driverClassName=oracle.jdbc.driver.OracleDriver was not found, trying direct instantiation.
[0;39m[31m2024-03-22 14:15:58,888[0;39m [32m[INFO][0;39m com.zaxxer.hikari.pool.PoolBase main [32mHikariPool-1 - Driver does not support get/set network timeout for connections. (oracle.jdbc.driver.T4CConnection.getNetworkTimeout()I)
[0;39m[31m2024-03-22 14:15:58,888[0;39m [32m[INFO][0;39m com.zaxxer.hikari.HikariDataSource main [32mHikariPool-1 - Start completed.
[0;39m[31m2024-03-22 14:15:58,951[0;39m [32m[INFO][0;39m org.hibernate.jpa.internal.util.LogHelper main [32mHHH000204: Processing PersistenceUnitInfo [name: default]
[0;39m[31m2024-03-22 14:15:59,029[0;39m [32m[INFO][0;39m org.hibernate.Version main [32mHHH000412: Hibernate ORM core version 5.6.15.Final
[0;39m[31m2024-03-22 14:15:59,250[0;39m [32m[INFO][0;39m org.hibernate.annotations.common.Version main [32mHCANN000001: Hibernate Commons Annotations {5.1.2.Final}
[0;39m[31m2024-03-22 14:15:59,408[0;39m [32m[INFO][0;39m org.hibernate.dialect.Dialect main [32mHHH000400: Using dialect: org.hibernate.dialect.Oracle10gDialect
[0;39m[31m2024-03-22 14:15:59,770[0;39m [32m[INFO][0;39m org.hibernate.engine.transaction.jta.platform.internal.JtaPlatformInitiator main [32mHHH000490: Using JtaPlatform implementation: [org.hibernate.engine.transaction.jta.platform.internal.NoJtaPlatform]
[0;39m[31m2024-03-22 14:15:59,785[0;39m [32m[INFO][0;39m org.springframework.orm.jpa.LocalContainerEntityManagerFactoryBean main [32mInitialized JPA EntityManagerFactory for persistence unit 'default'
[0;39m[31m2024-03-22 14:16:00,226[0;39m [32m[WARN][0;39m org.springframework.boot.autoconfigure.orm.jpa.JpaBaseConfiguration$JpaWebConfiguration main [32mspring.jpa.open-in-view is enabled by default. Therefore, database queries may be performed during view rendering. Explicitly configure spring.jpa.open-in-view to disable this warning
[0;39m[31m2024-03-22 14:16:02,354[0;39m [32m[INFO][0;39m task.jdbctemplate.demo.DemoApplicationTests main [32mStarted DemoApplicationTests in 5.27 seconds (JVM running for 6.481)
[0;39m[31m2024-03-22 14:16:03,421[0;39m [32m[INFO][0;39m org.springframework.orm.jpa.LocalContainerEntityManagerFactoryBean SpringApplicationShutdownHook [32mClosing JPA EntityManagerFactory for persistence unit 'default'
[0;39m[31m2024-03-22 14:16:03,437[0;39m [32m[INFO][0;39m com.zaxxer.hikari.HikariDataSource SpringApplicationShutdownHook [32mHikariPool-1 - Shutdown initiated...
[0;39m[31m2024-03-22 14:16:03,452[0;39m [32m[INFO][0;39m com.zaxxer.hikari.HikariDataSource SpringApplicationShutdownHook [32mHikariPool-1 - Shutdown completed.
[0;39m[31m2024-03-22 14:16:34,536[0;39m [32m[INFO][0;39m task.jdbctemplate.demo.DemoApplicationTests main [32mStarting DemoApplicationTests using Java 1.8.0_292 on WPF45DE1T with PID 14892 (started by xxshetts in C:\Users\xxshetts\OneDrive - Tietoevry\Desktop\DLTE-JavaFullStack-ShreyasShettyB2024\DLTE-Spring\Tasks\DLTE-Spring-1101)
[0;39m[31m2024-03-22 14:16:34,536[0;39m [32m[INFO][0;39m task.jdbctemplate.demo.DemoApplicationTests main [32mNo active profile set, falling back to 1 default profile: "default"
[0;39m[31m2024-03-22 14:16:35,512[0;39m [32m[INFO][0;39m org.springframework.data.repository.config.RepositoryConfigurationDelegate main [32mMultiple Spring Data modules found, entering strict repository configuration mode
[0;39m[31m2024-03-22 14:16:35,512[0;39m [32m[INFO][0;39m org.springframework.data.repository.config.RepositoryConfigurationDelegate main [32mBootstrapping Spring Data JDBC repositories in DEFAULT mode.
[0;39m[31m2024-03-22 14:16:35,528[0;39m [32m[INFO][0;39m org.springframework.data.repository.config.RepositoryConfigurationDelegate main [32mFinished Spring Data repository scanning in 13 ms. Found 0 JDBC repository interfaces.
[0;39m[31m2024-03-22 14:16:35,543[0;39m [32m[INFO][0;39m org.springframework.data.repository.config.RepositoryConfigurationDelegate main [32mMultiple Spring Data modules found, entering strict repository configuration mode
[0;39m[31m2024-03-22 14:16:35,543[0;39m [32m[INFO][0;39m org.springframework.data.repository.config.RepositoryConfigurationDelegate main [32mBootstrapping Spring Data JPA repositories in DEFAULT mode.
[0;39m[31m2024-03-22 14:16:35,559[0;39m [32m[INFO][0;39m org.springframework.data.repository.config.RepositoryConfigurationDelegate main [32mFinished Spring Data repository scanning in 4 ms. Found 0 JPA repository interfaces.
[0;39m[31m2024-03-22 14:16:36,537[0;39m [32m[INFO][0;39m com.zaxxer.hikari.HikariDataSource main [32mHikariPool-1 - Starting...
[0;39m[31m2024-03-22 14:16:36,537[0;39m [32m[WARN][0;39m com.zaxxer.hikari.util.DriverDataSource main [32mRegistered driver with driverClassName=oracle.jdbc.driver.OracleDriver was not found, trying direct instantiation.
[0;39m[31m2024-03-22 14:16:37,153[0;39m [32m[INFO][0;39m com.zaxxer.hikari.pool.PoolBase main [32mHikariPool-1 - Driver does not support get/set network timeout for connections. (oracle.jdbc.driver.T4CConnection.getNetworkTimeout()I)
[0;39m[31m2024-03-22 14:16:37,153[0;39m [32m[INFO][0;39m com.zaxxer.hikari.HikariDataSource main [32mHikariPool-1 - Start completed.
[0;39m[31m2024-03-22 14:16:37,232[0;39m [32m[INFO][0;39m org.hibernate.jpa.internal.util.LogHelper main [32mHHH000204: Processing PersistenceUnitInfo [name: default]
[0;39m[31m2024-03-22 14:16:37,312[0;39m [32m[INFO][0;39m org.hibernate.Version main [32mHHH000412: Hibernate ORM core version 5.6.15.Final
[0;39m[31m2024-03-22 14:16:37,643[0;39m [32m[INFO][0;39m org.hibernate.annotations.common.Version main [32mHCANN000001: Hibernate Commons Annotations {5.1.2.Final}
[0;39m[31m2024-03-22 14:16:37,909[0;39m [32m[INFO][0;39m org.hibernate.dialect.Dialect main [32mHHH000400: Using dialect: org.hibernate.dialect.Oracle10gDialect
[0;39m[31m2024-03-22 14:16:38,413[0;39m [32m[INFO][0;39m org.hibernate.engine.transaction.jta.platform.internal.JtaPlatformInitiator main [32mHHH000490: Using JtaPlatform implementation: [org.hibernate.engine.transaction.jta.platform.internal.NoJtaPlatform]
[0;39m[31m2024-03-22 14:16:38,429[0;39m [32m[INFO][0;39m org.springframework.orm.jpa.LocalContainerEntityManagerFactoryBean main [32mInitialized JPA EntityManagerFactory for persistence unit 'default'
[0;39m[31m2024-03-22 14:16:38,837[0;39m [32m[WARN][0;39m org.springframework.boot.autoconfigure.orm.jpa.JpaBaseConfiguration$JpaWebConfiguration main [32mspring.jpa.open-in-view is enabled by default. Therefore, database queries may be performed during view rendering. Explicitly configure spring.jpa.open-in-view to disable this warning
[0;39m[31m2024-03-22 14:16:40,129[0;39m [32m[INFO][0;39m task.jdbctemplate.demo.DemoApplicationTests main [32mStarted DemoApplicationTests in 6.099 seconds (JVM running for 7.276)
[0;39m[31m2024-03-22 14:16:41,291[0;39m [32m[INFO][0;39m org.springframework.orm.jpa.LocalContainerEntityManagerFactoryBean SpringApplicationShutdownHook [32mClosing JPA EntityManagerFactory for persistence unit 'default'
[0;39m[31m2024-03-22 14:16:41,291[0;39m [32m[INFO][0;39m com.zaxxer.hikari.HikariDataSource SpringApplicationShutdownHook [32mHikariPool-1 - Shutdown initiated...
[0;39m[31m2024-03-22 14:16:41,322[0;39m [32m[INFO][0;39m com.zaxxer.hikari.HikariDataSource SpringApplicationShutdownHook [32mHikariPool-1 - Shutdown completed.
[0;39m