11:48:25.826 [34m[main][0;39m INFO  employee.console.EmployeeConsole - [34mDisplayed Employee Details[0;39m 
12:04:01.354 [34m[main][0;39m INFO  employee.console.EmployeeConsole - [34mDisplayed Employee Details[0;39m 
12:53:26.095 [34m[main][0;39m INFO  employee.console.EmployeeConsole - [34mDisplayed Employee Details[0;39m 
13:01:29.198 [34m[main][0;39m INFO  employee.console.EmployeeConsole - [34mDisplayed Employee Details[0;39m 
16:45:51.668 [34m[main][0;39m INFO  employee.console.EmployeeConsole - [34mDisplayed Employee Details[0;39m 
20:39:39.725 [34m[main][0;39m INFO  employee.console.EmployeeConsole - [34mDisplayed Employee Details[0;39m 
20:50:21.869 [31m[main][0;39m WARN  employee.console.EmployeeConsole - [31mInvalid employeeID[0;39m 
20:50:27.332 [31m[main][0;39m WARN  employee.console.EmployeeConsole - [31mInvalid employeeID[0;39m 
22:41:07.674 [31m[main][0;39m WARN  employee.console.EmployeeConsole - [31mInvalid Pincode[0;39m 
22:43:05.211 [31m[main][0;39m WARN  employee.validation.Validation - [31mInvalid Name Format[0;39m 
22:47:57.775 [34m[main][0;39m INFO  employee.console.EmployeeConsole - [34mDisplayed Employee Details[0;39m 
22:49:11.797 [31m[main][0;39m WARN  employee.console.EmployeeConsole - [31mInvalid Phone Number[0;39m 
22:49:43.939 [31m[main][0;39m WARN  employee.validation.Validation - [31mInvalid Email Format[0;39m 
22:56:24.105 [31m[main][0;39m WARN  employee.validation.Validation - [31mInvalid Name Format[0;39m 
22:56:28.393 [31m[main][0;39m WARN  employee.validation.Validation - [31mInvalid Name Format[0;39m 
22:56:30.981 [31m[main][0;39m WARN  employee.validation.Validation - [31mInvalid Name Format[0;39m 
23:00:55.896 [31m[main][0;39m WARN  employee.validation.Validation - [31mInvalid Phone Format[0;39m 
23:02:30.503 [31m[main][0;39m WARN  employee.validation.Validation - [31mInvalid Phone Format[0;39m 
23:04:43.648 [31m[main][0;39m WARN  employee.validation.Validation - [31mInvalid Email Format[0;39m 
23:07:31.640 [31m[main][0;39m WARN  employee.console.EmployeeConsole - [31mEMP-001: Employee ID Already Exist[0;39m 
06:20:30.414 [34m[main][0;39m INFO  employee.console.EmployeeConsole - [34mRecord Inserted[0;39m 
06:23:15.494 [34m[main][0;39m INFO  employee.console.EmployeeConsole - [34mDisplayed Employee Details[0;39m 
06:56:20.207 [1;31m[main][0;39m ERROR e.repository.DataBaseRepository - [1;31mORA-01017: invalid username/password; logon denied
[0;39m 
06:59:34.131 [1;31m[main][0;39m ERROR e.repository.DataBaseRepository - [1;31mORA-01017: invalid username/password; logon denied
[0;39m 
07:06:33.342 [1;31m[main][0;39m ERROR e.repository.DataBaseRepository - [1;31mORA-01017: invalid username/password; logon denied
[0;39m 
07:07:40.128 [1;31m[main][0;39m ERROR e.repository.DataBaseRepository - [1;31mORA-01017: invalid username/password; logon denied
[0;39m 
07:08:20.657 [1;31m[main][0;39m ERROR e.repository.DataBaseRepository - [1;31mORA-01017: invalid username/password; logon denied
[0;39m 
07:08:26.531 [1;31m[main][0;39m ERROR e.repository.DataBaseRepository - [1;31mORA-01017: invalid username/password; logon denied
[0;39m 
07:10:29.045 [1;31m[main][0;39m ERROR e.repository.DataBaseRepository - [1;31mORA-01017: invalid username/password; logon denied
[0;39m 
07:10:42.639 [1;31m[main][0;39m ERROR e.repository.DataBaseRepository - [1;31mORA-01017: invalid username/password; logon denied
[0;39m 
07:10:55.703 [1;31m[main][0;39m ERROR e.repository.DataBaseRepository - [1;31mORA-01017: invalid username/password; logon denied
[0;39m 
07:13:17.486 [31m[main][0;39m WARN  employee.console.EmployeeConsole - [31mInvalid employeeID[0;39m 
07:13:26.985 [31m[main][0;39m WARN  employee.console.EmployeeConsole - [31mInvalid Phone Number[0;39m 
07:13:39.336 [31m[main][0;39m WARN  e.validation.Validation - [31mInvalid Phone Format[0;39m 
07:13:39.336 [1;31m[main][0;39m ERROR employee.console.EmployeeConsole - [1;31mPhone[0;39m 
07:14:30.549 [34m[main][0;39m INFO  employee.console.EmployeeConsole - [34mDisplayed Employee Details[0;39m 
07:22:59.737 [34m[main][0;39m INFO  employee.console.EmployeeConsole - [34mDisplayed Employee Details[0;39m 
07:25:35.251 [34m[main][0;39m INFO  employee.console.EmployeeConsole - [34mDisplayed Employee Details[0;39m 
11:20:14.192 [34m[main][0;39m INFO  employee.console.EmployeeConsole - [34mDisplayed Employee Details[0;39m 
11:22:23.964 [31m[main][0;39m WARN  e.validation.Validation - [31mInvalid First Name Format[0;39m 
11:22:23.964 [1;31m[main][0;39m ERROR employee.console.EmployeeConsole - [1;31mFirst Name Validation Fail[0;39m 
12:05:55.207 [31m[main][0;39m WARN  e.validation.Validation - [31mInvalid Pincode Format[0;39m 
12:05:55.210 [1;31m[main][0;39m ERROR employee.console.EmployeeConsole - [1;31mPermanent Pincode [0;39m 
15:20:55.566 [31m[main][0;39m WARN  employee.console.EmployeeConsole - [31mInvalid employeeID[0;39m 
15:21:11.698 [31m[main][0;39m WARN  employee.validation.Validation - [31mInvalid Name Format[0;39m 
15:21:32.986 [31m[main][0;39m WARN  employee.validation.Validation - [31mInvalid Name Format[0;39m 
15:21:34.101 [31m[main][0;39m WARN  employee.validation.Validation - [31mInvalid Name Format[0;39m 
15:21:34.839 [31m[main][0;39m WARN  employee.validation.Validation - [31mInvalid Name Format[0;39m 
15:21:35.592 [31m[main][0;39m WARN  employee.validation.Validation - [31mInvalid Name Format[0;39m 
15:21:36.346 [31m[main][0;39m WARN  employee.validation.Validation - [31mInvalid Name Format[0;39m 
15:21:38.010 [31m[main][0;39m WARN  employee.validation.Validation - [31mInvalid Name Format[0;39m 
15:21:38.512 [31m[main][0;39m WARN  employee.validation.Validation - [31mInvalid Name Format[0;39m 
15:21:38.891 [31m[main][0;39m WARN  employee.validation.Validation - [31mInvalid Name Format[0;39m 
15:21:40.446 [31m[main][0;39m WARN  employee.validation.Validation - [31mInvalid Name Format[0;39m 
15:21:46.309 [31m[main][0;39m WARN  employee.validation.Validation - [31mInvalid Name Format[0;39m 
15:21:47.738 [31m[main][0;39m WARN  employee.validation.Validation - [31mInvalid Phone Format[0;39m 
15:21:51.664 [31m[main][0;39m WARN  employee.validation.Validation - [31mInvalid Email Format[0;39m 
15:21:51.664 [31m[main][0;39m WARN  employee.validation.Validation - [31mInvalid Email Format[0;39m 
15:22:01.452 [31m[main][0;39m WARN  employee.validation.Validation - [31mInvalid Email Format[0;39m 
15:22:06.171 [31m[main][0;39m WARN  employee.validation.Validation - [31mInvalid Pincode Format[0;39m 
15:22:09.345 [31m[main][0;39m WARN  e.validation.Validation - [31mInvalid Pincode Format[0;39m 
15:22:09.345 [1;31m[main][0;39m ERROR employee.console.EmployeeConsole - [1;31mPermanent Pincode [0;39m 
15:22:09.378 [31m[main][0;39m WARN  e.validation.Validation - [31mInvalid Pincode Format[0;39m 
15:22:09.378 [1;31m[main][0;39m ERROR employee.console.EmployeeConsole - [1;31mPermanent Pincode [0;39m 
15:22:09.393 [31m[main][0;39m WARN  e.validation.Validation - [31mInvalid Pincode Format[0;39m 
15:22:09.393 [1;31m[main][0;39m ERROR employee.console.EmployeeConsole - [1;31mPermanent Pincode [0;39m 
15:22:09.409 [31m[main][0;39m WARN  e.validation.Validation - [31mInvalid Pincode Format[0;39m 
15:22:09.409 [1;31m[main][0;39m ERROR employee.console.EmployeeConsole - [1;31mPermanent Pincode [0;39m 
15:22:09.424 [31m[main][0;39m WARN  e.validation.Validation - [31mInvalid Pincode Format[0;39m 
15:22:09.424 [1;31m[main][0;39m ERROR employee.console.EmployeeConsole - [1;31mPermanent Pincode [0;39m 
15:22:09.440 [31m[main][0;39m WARN  e.validation.Validation - [31mInvalid Pincode Format[0;39m 
15:22:09.440 [1;31m[main][0;39m ERROR employee.console.EmployeeConsole - [1;31mPermanent Pincode [0;39m 
15:22:09.456 [31m[main][0;39m WARN  e.validation.Validation - [31mInvalid Pincode Format[0;39m 
15:22:09.456 [1;31m[main][0;39m ERROR employee.console.EmployeeConsole - [1;31mPermanent Pincode [0;39m 
15:22:09.472 [31m[main][0;39m WARN  e.validation.Validation - [31mInvalid Pincode Format[0;39m 
15:22:09.472 [1;31m[main][0;39m ERROR employee.console.EmployeeConsole - [1;31mPermanent Pincode [0;39m 
15:22:09.488 [31m[main][0;39m WARN  e.validation.Validation - [31mInvalid Pincode Format[0;39m 
15:22:09.488 [1;31m[main][0;39m ERROR employee.console.EmployeeConsole - [1;31mPermanent Pincode [0;39m 
15:22:09.503 [31m[main][0;39m WARN  e.validation.Validation - [31mInvalid Pincode Format[0;39m 
15:22:09.503 [1;31m[main][0;39m ERROR employee.console.EmployeeConsole - [1;31mPermanent Pincode [0;39m 
15:22:09.519 [31m[main][0;39m WARN  e.validation.Validation - [31mInvalid Pincode Format[0;39m 
15:22:09.519 [1;31m[main][0;39m ERROR employee.console.EmployeeConsole - [1;31mPermanent Pincode [0;39m 
15:22:09.535 [31m[main][0;39m WARN  e.validation.Validation - [31mInvalid Pincode Format[0;39m 
15:22:09.535 [1;31m[main][0;39m ERROR employee.console.EmployeeConsole - [1;31mPermanent Pincode [0;39m 
15:22:09.566 [31m[main][0;39m WARN  e.validation.Validation - [31mInvalid Pincode Format[0;39m 
15:22:09.566 [1;31m[main][0;39m ERROR employee.console.EmployeeConsole - [1;31mPermanent Pincode [0;39m 
15:22:09.582 [31m[main][0;39m WARN  e.validation.Validation - [31mInvalid Pincode Format[0;39m 
15:22:09.582 [1;31m[main][0;39m ERROR employee.console.EmployeeConsole - [1;31mPermanent Pincode [0;39m 
15:22:09.598 [31m[main][0;39m WARN  e.validation.Validation - [31mInvalid Pincode Format[0;39m 
15:22:09.598 [1;31m[main][0;39m ERROR employee.console.EmployeeConsole - [1;31mPermanent Pincode [0;39m 
15:22:09.613 [31m[main][0;39m WARN  e.validation.Validation - [31mInvalid Pincode Format[0;39m 
15:22:09.613 [1;31m[main][0;39m ERROR employee.console.EmployeeConsole - [1;31mPermanent Pincode [0;39m 
15:22:09.629 [31m[main][0;39m WARN  e.validation.Validation - [31mInvalid Pincode Format[0;39m 
15:22:09.629 [1;31m[main][0;39m ERROR employee.console.EmployeeConsole - [1;31mPermanent Pincode [0;39m 
15:22:09.645 [31m[main][0;39m WARN  e.validation.Validation - [31mInvalid Pincode Format[0;39m 
15:22:09.645 [1;31m[main][0;39m ERROR employee.console.EmployeeConsole - [1;31mPermanent Pincode [0;39m 
15:22:09.667 [31m[main][0;39m WARN  e.validation.Validation - [31mInvalid Pincode Format[0;39m 
15:22:09.667 [1;31m[main][0;39m ERROR employee.console.EmployeeConsole - [1;31mPermanent Pincode [0;39m 
15:22:09.678 [31m[main][0;39m WARN  e.validation.Validation - [31mInvalid Pincode Format[0;39m 
15:22:09.678 [1;31m[main][0;39m ERROR employee.console.EmployeeConsole - [1;31mPermanent Pincode [0;39m 
15:22:09.708 [31m[main][0;39m WARN  e.validation.Validation - [31mInvalid Pincode Format[0;39m 
15:22:09.708 [1;31m[main][0;39m ERROR employee.console.EmployeeConsole - [1;31mPermanent Pincode [0;39m 
15:22:09.710 [31m[main][0;39m WARN  e.validation.Validation - [31mInvalid Pincode Format[0;39m 
15:22:09.710 [1;31m[main][0;39m ERROR employee.console.EmployeeConsole - [1;31mPermanent Pincode [0;39m 
15:22:09.740 [31m[main][0;39m WARN  e.validation.Validation - [31mInvalid Pincode Format[0;39m 
15:22:09.740 [1;31m[main][0;39m ERROR employee.console.EmployeeConsole - [1;31mPermanent Pincode [0;39m 
15:22:09.747 [31m[main][0;39m WARN  e.validation.Validation - [31mInvalid Pincode Format[0;39m 
15:22:09.747 [1;31m[main][0;39m ERROR employee.console.EmployeeConsole - [1;31mPermanent Pincode [0;39m 
15:22:09.772 [31m[main][0;39m WARN  e.validation.Validation - [31mInvalid Pincode Format[0;39m 
15:22:09.772 [1;31m[main][0;39m ERROR employee.console.EmployeeConsole - [1;31mPermanent Pincode [0;39m 
15:22:09.788 [31m[main][0;39m WARN  e.validation.Validation - [31mInvalid Pincode Format[0;39m 
15:22:09.788 [1;31m[main][0;39m ERROR employee.console.EmployeeConsole - [1;31mPermanent Pincode [0;39m 
15:22:09.803 [31m[main][0;39m WARN  e.validation.Validation - [31mInvalid Pincode Format[0;39m 
15:22:09.803 [1;31m[main][0;39m ERROR employee.console.EmployeeConsole - [1;31mPermanent Pincode [0;39m 
15:22:09.829 [31m[main][0;39m WARN  e.validation.Validation - [31mInvalid Pincode Format[0;39m 
15:22:09.829 [1;31m[main][0;39m ERROR employee.console.EmployeeConsole - [1;31mPermanent Pincode [0;39m 
15:22:09.836 [31m[main][0;39m WARN  e.validation.Validation - [31mInvalid Pincode Format[0;39m 
15:22:09.836 [1;31m[main][0;39m ERROR employee.console.EmployeeConsole - [1;31mPermanent Pincode [0;39m 
15:22:09.851 [31m[main][0;39m WARN  e.validation.Validation - [31mInvalid Pincode Format[0;39m 
15:22:09.851 [1;31m[main][0;39m ERROR employee.console.EmployeeConsole - [1;31mPermanent Pincode [0;39m 
15:22:09.867 [31m[main][0;39m WARN  e.validation.Validation - [31mInvalid Pincode Format[0;39m 
15:22:09.867 [1;31m[main][0;39m ERROR employee.console.EmployeeConsole - [1;31mPermanent Pincode [0;39m 
15:22:09.883 [31m[main][0;39m WARN  e.validation.Validation - [31mInvalid Pincode Format[0;39m 
15:22:09.883 [1;31m[main][0;39m ERROR employee.console.EmployeeConsole - [1;31mPermanent Pincode [0;39m 
15:22:09.898 [31m[main][0;39m WARN  e.validation.Validation - [31mInvalid Pincode Format[0;39m 
15:22:09.898 [1;31m[main][0;39m ERROR employee.console.EmployeeConsole - [1;31mPermanent Pincode [0;39m 
15:22:09.914 [31m[main][0;39m WARN  e.validation.Validation - [31mInvalid Pincode Format[0;39m 
15:22:09.914 [1;31m[main][0;39m ERROR employee.console.EmployeeConsole - [1;31mPermanent Pincode [0;39m 
15:22:09.930 [31m[main][0;39m WARN  e.validation.Validation - [31mInvalid Pincode Format[0;39m 
15:22:09.930 [1;31m[main][0;39m ERROR employee.console.EmployeeConsole - [1;31mPermanent Pincode [0;39m 
15:22:09.945 [31m[main][0;39m WARN  e.validation.Validation - [31mInvalid Pincode Format[0;39m 
15:22:09.945 [1;31m[main][0;39m ERROR employee.console.EmployeeConsole - [1;31mPermanent Pincode [0;39m 
15:22:09.968 [31m[main][0;39m WARN  e.validation.Validation - [31mInvalid Pincode Format[0;39m 
15:22:09.968 [1;31m[main][0;39m ERROR employee.console.EmployeeConsole - [1;31mPermanent Pincode [0;39m 
15:22:09.977 [31m[main][0;39m WARN  e.validation.Validation - [31mInvalid Pincode Format[0;39m 
15:22:09.977 [1;31m[main][0;39m ERROR employee.console.EmployeeConsole - [1;31mPermanent Pincode [0;39m 
15:22:10.003 [31m[main][0;39m WARN  e.validation.Validation - [31mInvalid Pincode Format[0;39m 
15:22:10.003 [1;31m[main][0;39m ERROR employee.console.EmployeeConsole - [1;31mPermanent Pincode [0;39m 
15:22:10.011 [31m[main][0;39m WARN  e.validation.Validation - [31mInvalid Pincode Format[0;39m 
15:22:10.011 [1;31m[main][0;39m ERROR employee.console.EmployeeConsole - [1;31mPermanent Pincode [0;39m 
15:22:10.024 [31m[main][0;39m WARN  e.validation.Validation - [31mInvalid Pincode Format[0;39m 
15:22:10.024 [1;31m[main][0;39m ERROR employee.console.EmployeeConsole - [1;31mPermanent Pincode [0;39m 
15:22:10.045 [31m[main][0;39m WARN  e.validation.Validation - [31mInvalid Pincode Format[0;39m 
15:22:10.045 [1;31m[main][0;39m ERROR employee.console.EmployeeConsole - [1;31mPermanent Pincode [0;39m 
15:22:10.056 [31m[main][0;39m WARN  e.validation.Validation - [31mInvalid Pincode Format[0;39m 
15:22:10.056 [1;31m[main][0;39m ERROR employee.console.EmployeeConsole - [1;31mPermanent Pincode [0;39m 
15:22:10.072 [31m[main][0;39m WARN  e.validation.Validation - [31mInvalid Pincode Format[0;39m 
15:22:10.072 [1;31m[main][0;39m ERROR employee.console.EmployeeConsole - [1;31mPermanent Pincode [0;39m 
15:22:10.088 [31m[main][0;39m WARN  e.validation.Validation - [31mInvalid Pincode Format[0;39m 
15:22:10.088 [1;31m[main][0;39m ERROR employee.console.EmployeeConsole - [1;31mPermanent Pincode [0;39m 
15:22:10.103 [31m[main][0;39m WARN  e.validation.Validation - [31mInvalid Pincode Format[0;39m 
15:22:10.103 [1;31m[main][0;39m ERROR employee.console.EmployeeConsole - [1;31mPermanent Pincode [0;39m 
15:22:10.120 [31m[main][0;39m WARN  e.validation.Validation - [31mInvalid Pincode Format[0;39m 
15:22:10.120 [1;31m[main][0;39m ERROR employee.console.EmployeeConsole - [1;31mPermanent Pincode [0;39m 
15:22:10.135 [31m[main][0;39m WARN  e.validation.Validation - [31mInvalid Pincode Format[0;39m 
15:22:10.135 [1;31m[main][0;39m ERROR employee.console.EmployeeConsole - [1;31mPermanent Pincode [0;39m 
15:22:10.166 [31m[main][0;39m WARN  e.validation.Validation - [31mInvalid Pincode Format[0;39m 
15:22:10.166 [1;31m[main][0;39m ERROR employee.console.EmployeeConsole - [1;31mPermanent Pincode [0;39m 
15:22:10.182 [31m[main][0;39m WARN  e.validation.Validation - [31mInvalid Pincode Format[0;39m 
15:22:10.182 [1;31m[main][0;39m ERROR employee.console.EmployeeConsole - [1;31mPermanent Pincode [0;39m 
15:22:10.198 [31m[main][0;39m WARN  e.validation.Validation - [31mInvalid Pincode Format[0;39m 
15:22:10.198 [1;31m[main][0;39m ERROR employee.console.EmployeeConsole - [1;31mPermanent Pincode [0;39m 
15:22:10.214 [31m[main][0;39m WARN  e.validation.Validation - [31mInvalid Pincode Format[0;39m 
15:22:10.214 [1;31m[main][0;39m ERROR employee.console.EmployeeConsole - [1;31mPermanent Pincode [0;39m 
15:22:10.230 [31m[main][0;39m WARN  e.validation.Validation - [31mInvalid Pincode Format[0;39m 
15:22:10.230 [1;31m[main][0;39m ERROR employee.console.EmployeeConsole - [1;31mPermanent Pincode [0;39m 
15:22:10.246 [31m[main][0;39m WARN  e.validation.Validation - [31mInvalid Pincode Format[0;39m 
15:22:10.246 [1;31m[main][0;39m ERROR employee.console.EmployeeConsole - [1;31mPermanent Pincode [0;39m 
15:22:10.261 [31m[main][0;39m WARN  e.validation.Validation - [31mInvalid Pincode Format[0;39m 
15:22:10.261 [1;31m[main][0;39m ERROR employee.console.EmployeeConsole - [1;31mPermanent Pincode [0;39m 
15:22:10.268 [31m[main][0;39m WARN  e.validation.Validation - [31mInvalid Pincode Format[0;39m 
15:22:10.268 [1;31m[main][0;39m ERROR employee.console.EmployeeConsole - [1;31mPermanent Pincode [0;39m 
15:22:10.279 [31m[main][0;39m WARN  e.validation.Validation - [31mInvalid Pincode Format[0;39m 
15:22:10.279 [1;31m[main][0;39m ERROR employee.console.EmployeeConsole - [1;31mPermanent Pincode [0;39m 
15:22:10.295 [31m[main][0;39m WARN  e.validation.Validation - [31mInvalid Pincode Format[0;39m 
15:22:10.295 [1;31m[main][0;39m ERROR employee.console.EmployeeConsole - [1;31mPermanent Pincode [0;39m 
15:22:10.325 [31m[main][0;39m WARN  e.validation.Validation - [31mInvalid Pincode Format[0;39m 
15:22:10.325 [1;31m[main][0;39m ERROR employee.console.EmployeeConsole - [1;31mPermanent Pincode [0;39m 
15:22:10.341 [31m[main][0;39m WARN  e.validation.Validation - [31mInvalid Pincode Format[0;39m 
15:22:10.341 [1;31m[main][0;39m ERROR employee.console.EmployeeConsole - [1;31mPermanent Pincode [0;39m 
15:22:10.356 [31m[main][0;39m WARN  e.validation.Validation - [31mInvalid Pincode Format[0;39m 
15:22:10.356 [1;31m[main][0;39m ERROR employee.console.EmployeeConsole - [1;31mPermanent Pincode [0;39m 
15:22:10.372 [31m[main][0;39m WARN  e.validation.Validation - [31mInvalid Pincode Format[0;39m 
15:22:10.372 [1;31m[main][0;39m ERROR employee.console.EmployeeConsole - [1;31mPermanent Pincode [0;39m 
15:22:10.388 [31m[main][0;39m WARN  e.validation.Validation - [31mInvalid Pincode Format[0;39m 
15:22:10.388 [1;31m[main][0;39m ERROR employee.console.EmployeeConsole - [1;31mPermanent Pincode [0;39m 
15:22:10.403 [31m[main][0;39m WARN  e.validation.Validation - [31mInvalid Pincode Format[0;39m 
15:22:10.403 [1;31m[main][0;39m ERROR employee.console.EmployeeConsole - [1;31mPermanent Pincode [0;39m 
15:22:10.403 [31m[main][0;39m WARN  e.validation.Validation - [31mInvalid Pincode Format[0;39m 
15:22:10.403 [1;31m[main][0;39m ERROR employee.console.EmployeeConsole - [1;31mPermanent Pincode [0;39m 
15:22:10.435 [31m[main][0;39m WARN  e.validation.Validation - [31mInvalid Pincode Format[0;39m 
15:22:10.435 [1;31m[main][0;39m ERROR employee.console.EmployeeConsole - [1;31mPermanent Pincode [0;39m 
15:22:10.450 [31m[main][0;39m WARN  e.validation.Validation - [31mInvalid Pincode Format[0;39m 
15:22:10.450 [1;31m[main][0;39m ERROR employee.console.EmployeeConsole - [1;31mPermanent Pincode [0;39m 
15:22:10.466 [31m[main][0;39m WARN  e.validation.Validation - [31mInvalid Pincode Format[0;39m 
15:22:10.475 [1;31m[main][0;39m ERROR employee.console.EmployeeConsole - [1;31mPermanent Pincode [0;39m 
15:22:10.482 [31m[main][0;39m WARN  e.validation.Validation - [31mInvalid Pincode Format[0;39m 
15:22:10.482 [1;31m[main][0;39m ERROR employee.console.EmployeeConsole - [1;31mPermanent Pincode [0;39m 
15:22:10.498 [1;31m[main][0;39m ERROR e.repository.DataBaseRepository - [1;31mListener refused the connection with the following error:
ORA-12519, TNS:no appropriate service handler found
 [0;39m 
